[    0.000000] Initializing cgroup subsys cpuset
[    0.000000] Initializing cgroup subsys cpu
[    0.000000] Initializing cgroup subsys cpuacct
[    0.000000] Linux version 4.4.0-210-generic (buildd@lgw01-amd64-009) (gcc version 5.4.0 20160609 (Ubuntu 5.4.0-6ubuntu1~16.04.12) ) #242-Ubuntu SMP Fri Apr 16 09:57:56 UTC 2021 (Ubuntu 4.4.0-210.242-generic 4.4.262)
[    0.000000] Command line: BOOT_IMAGE=/boot/vmlinuz-4.4.0-210-generic root=LABEL=cloudimg-rootfs ro console=tty1 console=ttyS0
[    0.000000] KERNEL supported cpus:
[    0.000000]   Intel GenuineIntel
[    0.000000]   AMD AuthenticAMD
[    0.000000]   Centaur CentaurHauls
[    0.000000] x86/fpu: xstate_offset[2]:  576, xstate_sizes[2]:  256
[    0.000000] x86/fpu: Supporting XSAVE feature 0x01: 'x87 floating point registers'
[    0.000000] x86/fpu: Supporting XSAVE feature 0x02: 'SSE registers'
[    0.000000] x86/fpu: Supporting XSAVE feature 0x04: 'AVX registers'
[    0.000000] x86/fpu: Enabled xstate features 0x7, context size is 832 bytes, using 'standard' format.
[    0.000000] e820: BIOS-provided physical RAM map:
[    0.000000] BIOS-e820: [mem 0x0000000000000000-0x000000000009fbff] usable
[    0.000000] BIOS-e820: [mem 0x000000000009fc00-0x000000000009ffff] reserved
[    0.000000] BIOS-e820: [mem 0x00000000000f0000-0x00000000000fffff] reserved
[    0.000000] BIOS-e820: [mem 0x0000000000100000-0x000000003ffeffff] usable
[    0.000000] BIOS-e820: [mem 0x000000003fff0000-0x000000003fffffff] ACPI data
[    0.000000] BIOS-e820: [mem 0x00000000fec00000-0x00000000fec00fff] reserved
[    0.000000] BIOS-e820: [mem 0x00000000fee00000-0x00000000fee00fff] reserved
[    0.000000] BIOS-e820: [mem 0x00000000fffc0000-0x00000000ffffffff] reserved
[    0.000000] NX (Execute Disable) protection: active
[    0.000000] SMBIOS 2.5 present.
[    0.000000] Hypervisor detected: KVM
[    0.000000] e820: last_pfn = 0x3fff0 max_arch_pfn = 0x400000000
[    0.000000] MTRR: Disabled
[    0.000000] x86/PAT: MTRRs disabled, skipping PAT initialization too.
[    0.000000] CPU MTRRs all blank - virtualized system.
[    0.000000] x86/PAT: Configuration [0-7]: WB  WT  UC- UC  WB  WT  UC- UC  
[    0.000000] found SMP MP-table at [mem 0x0009fff0-0x0009ffff] mapped at [ffff88000009fff0]
[    0.000000] Scanning 1 areas for low memory corruption
[    0.000000] RAMDISK: [mem 0x362dc000-0x37165fff]
[    0.000000] ACPI: Early table checksum verification disabled
[    0.000000] ACPI: RSDP 0x00000000000E0000 000024 (v02 VBOX  )
[    0.000000] ACPI: XSDT 0x000000003FFF0030 00003C (v01 VBOX   VBOXXSDT 00000001 ASL  00000061)
[    0.000000] ACPI: FACP 0x000000003FFF00F0 0000F4 (v04 VBOX   VBOXFACP 00000001 ASL  00000061)
[    0.000000] ACPI: DSDT 0x000000003FFF0610 002353 (v02 VBOX   VBOXBIOS 00000002 INTL 20100528)
[    0.000000] ACPI: FACS 0x000000003FFF0200 000040
[    0.000000] ACPI: FACS 0x000000003FFF0200 000040
[    0.000000] ACPI: APIC 0x000000003FFF0240 000054 (v02 VBOX   VBOXAPIC 00000001 ASL  00000061)
[    0.000000] ACPI: SSDT 0x000000003FFF02A0 00036C (v01 VBOX   VBOXCPUT 00000002 INTL 20100528)
[    0.000000] No NUMA configuration found
[    0.000000] Faking a node at [mem 0x0000000000000000-0x000000003ffeffff]
[    0.000000] NODE_DATA(0) allocated [mem 0x3ffeb000-0x3ffeffff]
[    0.000000] kvm-clock: Using msrs 4b564d01 and 4b564d00
[    0.000000] kvm-clock: cpu 0, msr 0:3ffe3001, primary cpu clock
[    0.000000] kvm-clock: using sched offset of 3496296505 cycles
[    0.000000] clocksource: kvm-clock: mask: 0xffffffffffffffff max_cycles: 0x1cd42e4dffb, max_idle_ns: 881590591483 ns
[    0.000000] Zone ranges:
[    0.000000]   DMA      [mem 0x0000000000001000-0x0000000000ffffff]
[    0.000000]   DMA32    [mem 0x0000000001000000-0x000000003ffeffff]
[    0.000000]   Normal   empty
[    0.000000]   Device   empty
[    0.000000] Movable zone start for each node
[    0.000000] Early memory node ranges
[    0.000000]   node   0: [mem 0x0000000000001000-0x000000000009efff]
[    0.000000]   node   0: [mem 0x0000000000100000-0x000000003ffeffff]
[    0.000000] Initmem setup node 0 [mem 0x0000000000001000-0x000000003ffeffff]
[    0.000000] ACPI: PM-Timer IO Port: 0x4008
[    0.000000] IOAPIC[0]: apic_id 1, version 32, address 0xfec00000, GSI 0-23
[    0.000000] ACPI: INT_SRC_OVR (bus 0 bus_irq 0 global_irq 2 dfl dfl)
[    0.000000] ACPI: INT_SRC_OVR (bus 0 bus_irq 9 global_irq 9 low level)
[    0.000000] Using ACPI (MADT) for SMP configuration information
[    0.000000] smpboot: Allowing 1 CPUs, 0 hotplug CPUs
[    0.000000] PM: Registered nosave memory: [mem 0x00000000-0x00000fff]
[    0.000000] PM: Registered nosave memory: [mem 0x0009f000-0x0009ffff]
[    0.000000] PM: Registered nosave memory: [mem 0x000a0000-0x000effff]
[    0.000000] PM: Registered nosave memory: [mem 0x000f0000-0x000fffff]
[    0.000000] e820: [mem 0x40000000-0xfebfffff] available for PCI devices
[    0.000000] Booting paravirtualized kernel on KVM
[    0.000000] clocksource: refined-jiffies: mask: 0xffffffff max_cycles: 0xffffffff, max_idle_ns: 7645519600211568 ns
[    0.000000] setup_percpu: NR_CPUS:512 nr_cpumask_bits:512 nr_cpu_ids:1 nr_node_ids:1
[    0.000000] PERCPU: Embedded 33 pages/cpu @ffff88003fc00000 s95192 r8192 d31784 u2097152
[    0.000000] Built 1 zonelists in Node order, mobility grouping on.  Total pages: 257912
[    0.000000] Policy zone: DMA32
[    0.000000] Kernel command line: BOOT_IMAGE=/boot/vmlinuz-4.4.0-210-generic root=LABEL=cloudimg-rootfs ro console=tty1 console=ttyS0
[    0.000000] PID hash table entries: 4096 (order: 3, 32768 bytes)
[    0.000000] Memory: 997924K/1048120K available (8644K kernel code, 1332K rwdata, 4044K rodata, 1492K init, 1164K bss, 50196K reserved, 0K cma-reserved)
[    0.000000] SLUB: HWalign=64, Order=0-3, MinObjects=0, CPUs=1, Nodes=1
[    0.000000] Kernel/User page tables isolation: enabled
[    0.000000] Hierarchical RCU implementation.
[    0.000000] 	Build-time adjustment of leaf fanout to 64.
[    0.000000] 	RCU restricting CPUs from NR_CPUS=512 to nr_cpu_ids=1.
[    0.000000] RCU: Adjusting geometry for rcu_fanout_leaf=64, nr_cpu_ids=1
[    0.000000] NR_IRQS:33024 nr_irqs:256 16
[    0.000000] Console: colour VGA+ 80x25
[    0.000000] console [tty1] enabled
[    0.000000] console [ttyS0] enabled
[    0.000000] tsc: Detected 2111.998 MHz processor
[    0.199603] Calibrating delay loop (skipped) preset value.. 4223.99 BogoMIPS (lpj=8447992)
[    0.203276] pid_max: default: 32768 minimum: 301
[    0.204622] ACPI: Core revision 20150930
[    0.208121] ACPI: 2 ACPI AML tables successfully acquired and loaded
[    0.210181] Security Framework initialized
[    0.211475] Yama: becoming mindful.
[    0.212562] AppArmor: AppArmor initialized
[    0.213918] Dentry cache hash table entries: 131072 (order: 8, 1048576 bytes)
[    0.219097] Inode-cache hash table entries: 65536 (order: 7, 524288 bytes)
[    0.221755] Mount-cache hash table entries: 2048 (order: 2, 16384 bytes)
[    0.223639] Mountpoint-cache hash table entries: 2048 (order: 2, 16384 bytes)
[    0.226119] Initializing cgroup subsys io
[    0.227290] Initializing cgroup subsys memory
[    0.228612] Initializing cgroup subsys devices
[    0.229984] Initializing cgroup subsys freezer
[    0.231290] Initializing cgroup subsys net_cls
[    0.233304] Initializing cgroup subsys perf_event
[    0.234838] Initializing cgroup subsys net_prio
[    0.236145] Initializing cgroup subsys hugetlb
[    0.237427] Initializing cgroup subsys pids
[    0.256421] mce: CPU supports 0 MCE banks
[    0.257748] process: using mwait in idle threads
[    0.259238] Last level iTLB entries: 4KB 128, 2MB 8, 4MB 8
[    0.260812] Last level dTLB entries: 4KB 64, 2MB 0, 4MB 0, 1GB 4
[    0.262714] Spectre V1 : Mitigation: usercopy/swapgs barriers and __user pointer sanitization
[    0.265119] Spectre V2 : Mitigation: Full generic retpoline
[    0.267256] Spectre V2 : Spectre v2 / SpectreRSB mitigation: Filling RSB on context switch
[    0.269713] Speculative Store Bypass: Vulnerable
[    0.271234] SRBDS: Unknown: Dependent on hypervisor status
[    0.272885] MDS: Mitigation: Clear CPU buffers
[    0.307881] Freeing SMP alternatives memory: 36K
[    0.315882] ftrace: allocating 32380 entries in 127 pages
[    0.385516] smpboot: APIC(0) Converting physical 0 to logical package 0
[    0.387423] smpboot: Max logical packages: 1
[    0.389050] x2apic enabled
[    0.390366] Switched APIC routing to physical x2apic.
[    0.393311] ..TIMER: vector=0x30 apic1=0 pin1=2 apic2=-1 pin2=-1
[    0.503047] smpboot: CPU0: Intel(R) Core(TM) i5-8500T CPU @ 2.10GHz (family: 0x6, model: 0x9e, stepping: 0xa)
[    0.505755] Performance Events: unsupported p6 CPU model 158 no PMU driver, software events only.
[    0.519765] KVM setup paravirtual spinlock
[    0.521941] x86: Booted up 1 node, 1 CPUs
[    0.523037] smpboot: Total of 1 processors activated (4223.99 BogoMIPS)
[    0.524923] devtmpfs: initialized
[    0.527628] evm: security.selinux
[    0.528588] evm: security.SMACK64
[    0.529540] evm: security.SMACK64EXEC
[    0.530579] evm: security.SMACK64TRANSMUTE
[    0.531694] evm: security.SMACK64MMAP
[    0.533326] evm: security.ima
[    0.534245] evm: security.capability
[    0.535416] clocksource: jiffies: mask: 0xffffffff max_cycles: 0xffffffff, max_idle_ns: 7645041785100000 ns
[    0.537879] futex hash table entries: 256 (order: 2, 16384 bytes)
[    0.539435] pinctrl core: initialized pinctrl subsystem
[    0.540898] RTC time: 19:25:01, date: 12/29/22
[    0.542341] NET: Registered protocol family 16
[    0.543658] cpuidle: using governor ladder
[    0.544780] cpuidle: using governor menu
[    0.545856] PCCT header not found.
[    0.546997] ACPI: bus type PCI registered
[    0.548075] acpiphp: ACPI Hot Plug PCI Controller Driver version: 0.5
[    0.550290] PCI: Using configuration type 1 for base access
[    0.552967] ACPI: Added _OSI(Module Device)
[    0.554077] ACPI: Added _OSI(Processor Device)
[    0.555249] ACPI: Added _OSI(3.0 _SCP Extensions)
[    0.556520] ACPI: Added _OSI(Processor Aggregator Device)
[    0.558623] ACPI: Executed 1 blocks of module-level executable AML code
[    0.562786] ACPI: Interpreter enabled
[    0.563822] ACPI: (supports S0 S5)
[    0.564794] ACPI: Using IOAPIC for interrupt routing
[    0.566610] PCI: Using host bridge windows from ACPI; if necessary, use "pci=nocrs" and report a bug
[    0.573230] ACPI: PCI Root Bridge [PCI0] (domain 0000 [bus 00-ff])
[    0.574739] acpi PNP0A03:00: _OSC: OS supports [ASPM ClockPM Segments MSI]
[    0.576818] acpi PNP0A03:00: _OSC: not requesting OS control; OS requires [ExtendedConfig ASPM ClockPM MSI]
[    0.579304] acpi PNP0A03:00: fail to add MMCONFIG information, can't access extended PCI configuration space under this bridge.
[    0.582843] PCI host bridge to bus 0000:00
[    0.584223] pci_bus 0000:00: root bus resource [io  0x0000-0x0cf7 window]
[    0.585867] pci_bus 0000:00: root bus resource [io  0x0d00-0xffff window]
[    0.587455] pci_bus 0000:00: root bus resource [mem 0x000a0000-0x000bffff window]
[    0.589487] pci_bus 0000:00: root bus resource [mem 0x40000000-0xfdffffff window]
[    0.591576] pci_bus 0000:00: root bus resource [bus 00-ff]
[    0.595030] pci 0000:00:01.1: legacy IDE quirk: reg 0x10: [io  0x01f0-0x01f7]
[    0.596767] pci 0000:00:01.1: legacy IDE quirk: reg 0x14: [io  0x03f6]
[    0.598362] pci 0000:00:01.1: legacy IDE quirk: reg 0x18: [io  0x0170-0x0177]
[    0.600617] pci 0000:00:01.1: legacy IDE quirk: reg 0x1c: [io  0x0376]
[    0.626731] pci 0000:00:07.0: quirk: [io  0x4000-0x403f] claimed by PIIX4 ACPI
[    0.628789] pci 0000:00:07.0: quirk: [io  0x4100-0x410f] claimed by PIIX4 SMB
[    0.639253] ACPI: PCI Interrupt Link [LNKA] (IRQs 5 9 10 *11)
[    0.641672] ACPI: PCI Interrupt Link [LNKB] (IRQs 5 9 *10 11)
[    0.643728] ACPI: PCI Interrupt Link [LNKC] (IRQs 5 *9 10 11)
[    0.645874] ACPI: PCI Interrupt Link [LNKD] (IRQs 5 9 10 *11)
[    0.647948] ACPI: Enabled 2 GPEs in block 00 to 07
[    0.650602] vgaarb: setting as boot device: PCI:0000:00:02.0
[    0.652328] vgaarb: device added: PCI:0000:00:02.0,decodes=io+mem,owns=io+mem,locks=none
[    0.654457] vgaarb: loaded
[    0.655239] vgaarb: bridge control possible 0000:00:02.0
[    0.657100] SCSI subsystem initialized
[    0.658183] ACPI: bus type USB registered
[    0.659335] usbcore: registered new interface driver usbfs
[    0.660797] usbcore: registered new interface driver hub
[    0.662153] usbcore: registered new device driver usb
[    0.663613] PCI: Using ACPI for IRQ routing
[    0.665088] NetLabel: Initializing
[    0.666592] NetLabel:  domain hash size = 128
[    0.668059] NetLabel:  protocols = UNLABELED CIPSOv4
[    0.669423] NetLabel:  unlabeled traffic allowed by default
[    0.671073] amd_nb: Cannot enumerate AMD northbridges
[    0.672371] clocksource: Switched to clocksource kvm-clock
[    0.685408] AppArmor: AppArmor Filesystem Enabled
[    0.686778] pnp: PnP ACPI init
[    0.688641] pnp: PnP ACPI: found 3 devices
[    0.698196] clocksource: acpi_pm: mask: 0xffffff max_cycles: 0xffffff, max_idle_ns: 2085701024 ns
[    0.701557] NET: Registered protocol family 2
[    0.702887] TCP established hash table entries: 8192 (order: 4, 65536 bytes)
[    0.704626] TCP bind hash table entries: 8192 (order: 5, 131072 bytes)
[    0.706231] TCP: Hash tables configured (established 8192 bind 8192)
[    0.707789] UDP hash table entries: 512 (order: 2, 16384 bytes)
[    0.709276] UDP-Lite hash table entries: 512 (order: 2, 16384 bytes)
[    0.710898] NET: Registered protocol family 1
[    0.712126] pci 0000:00:00.0: Limiting direct PCI/PCI transfers
[    0.713618] pci 0000:00:01.0: Activating ISA DMA hang workarounds
[    0.715263] Unpacking initramfs...
[    0.978293] Freeing initrd memory: 14888K
[    0.979577] clocksource: tsc: mask: 0xffffffffffffffff max_cycles: 0x1e71768ef8b, max_idle_ns: 440795218977 ns
[    0.983604] platform rtc_cmos: registered platform RTC device (no PNP device found)
[    0.987632] Scanning for low memory corruption every 60 seconds
[    0.989425] audit: initializing netlink subsys (disabled)
[    0.991197] audit: type=2000 audit(1672341906.311:1): initialized
[    0.993022] Initialise system trusted keyring
[    0.994287] HugeTLB registered 2 MB page size, pre-allocated 0 pages
[    0.997111] zbud: loaded
[    0.998220] VFS: Disk quotas dquot_6.6.0
[    0.999481] VFS: Dquot-cache hash table entries: 512 (order 0, 4096 bytes)
[    1.002750] squashfs: version 4.0 (2009/01/31) Phillip Lougher
[    1.004465] fuse init (API version 7.23)
[    1.005731] Key type big_key registered
[    1.006909] Allocating IMA MOK and blacklist keyrings.
[    1.008380] Key type asymmetric registered
[    1.009487] Asymmetric key parser 'x509' registered
[    1.010968] Block layer SCSI generic (bsg) driver version 0.4 loaded (major 249)
[    1.012996] io scheduler noop registered
[    1.014124] io scheduler deadline registered (default)
[    1.015472] io scheduler cfq registered
[    1.017253] pci_hotplug: PCI Hot Plug PCI Core version: 0.5
[    1.018728] pciehp: PCI Express Hot Plug Controller Driver version: 0.4
[    1.020535] ACPI: AC Adapter [AC] (on-line)
[    1.021725] input: Power Button as /devices/LNXSYSTM:00/LNXPWRBN:00/input/input0
[    1.023841] ACPI: Power Button [PWRF]
[    1.025081] input: Sleep Button as /devices/LNXSYSTM:00/LNXSLPBN:00/input/input1
[    1.027102] ACPI: Sleep Button [SLPF]
[    1.028246] GHES: HEST is not enabled!
[    1.029410] Serial: 8250/16550 driver, 32 ports, IRQ sharing enabled
[    1.051832] 00:02: ttyS0 at I/O 0x3f8 (irq = 4, base_baud = 115200) is a 16550A
[    1.055143] Linux agpgart interface v0.103
[    1.057274] loop: module loaded
[    1.058678] scsi host0: ata_piix
[    1.059763] scsi host1: ata_piix
[    1.060834] ata1: PATA max UDMA/33 cmd 0x1f0 ctl 0x3f6 bmdma 0xd000 irq 14
[    1.062525] ata2: PATA max UDMA/33 cmd 0x170 ctl 0x376 bmdma 0xd008 irq 15
[    1.064454] libphy: Fixed MDIO Bus: probed
[    1.065606] tun: Universal TUN/TAP device driver, 1.6
[    1.067403] tun: (C) 1999-2004 Max Krasnyansky <maxk@qualcomm.com>
[    1.069257] PPP generic driver version 2.4.2
[    1.070761] ehci_hcd: USB 2.0 'Enhanced' Host Controller (EHCI) Driver
[    1.072325] ehci-pci: EHCI PCI platform driver
[    1.073535] ehci-platform: EHCI generic platform driver
[    1.074844] ohci_hcd: USB 1.1 'Open' Host Controller (OHCI) Driver
[    1.076338] ohci-pci: OHCI PCI platform driver
[    1.077536] ohci-platform: OHCI generic platform driver
[    1.078906] uhci_hcd: USB Universal Host Controller Interface driver
[    1.080607] i8042: PNP: PS/2 Controller [PNP0303:PS2K,PNP0f03:PS2M] at 0x60,0x64 irq 1,12
[    1.083785] serio: i8042 KBD port at 0x60,0x64 irq 1
[    1.085316] serio: i8042 AUX port at 0x60,0x64 irq 12
[    1.086739] mousedev: PS/2 mouse device common for all mice
[    1.088458] input: AT Translated Set 2 keyboard as /devices/platform/i8042/serio0/input/input2
[    1.091140] rtc_cmos rtc_cmos: rtc core: registered rtc_cmos as rtc0
[    1.092842] rtc_cmos rtc_cmos: alarms up to one day, 114 bytes nvram
[    1.094435] i2c /dev entries driver
[    1.095471] device-mapper: uevent: version 1.0.3
[    1.096759] device-mapper: ioctl: 4.34.0-ioctl (2015-10-28) initialised: dm-devel@redhat.com
[    1.099046] ledtrig-cpu: registered to indicate activity on CPUs
[    1.101691] NET: Registered protocol family 10
[    1.103030] NET: Registered protocol family 17
[    1.104230] Key type dns_resolver registered
[    1.105653] registered taskstats version 1
[    1.106769] Loading compiled-in X.509 certificates
[    1.108533] Loaded X.509 cert 'Build time autogenerated kernel key: cf00e047681d67edb2720680708b7d9498083038'
[    1.111227] zswap: loaded using pool lzo/zbud
[    1.113989] Key type trusted registered
[    1.118375] Key type encrypted registered
[    1.119679] AppArmor: AppArmor sha1 policy hashing enabled
[    1.121305] ima: No TPM chip found, activating TPM-bypass!
[    1.122818] ima: Allocated hash algorithm: sha1
[    1.124170] evm: HMAC attrs: 0x1
[    1.125677]   Magic number: 2:608:446
[    1.126859] rtc_cmos rtc_cmos: setting system clock to 2022-12-29 19:25:01 UTC (1672341901)
[    1.129343] BIOS EDD facility v0.16 2004-Jun-25, 0 devices found
[    1.131060] EDD information not available.
[    1.241880] Freeing unused kernel memory: 1492K
[    1.243051] Write protecting the kernel read-only data: 14336k
[    1.244814] Freeing unused kernel memory: 1584K
[    1.246075] Freeing unused kernel memory: 52K
Loading, please wait...
starting version 229
[    1.259418] random: udevadm: uninitialized urandom read (16 bytes read, 3 bits of entropy available)
[    1.262167] random: systemd-udevd: uninitialized urandom read (16 bytes read, 3 bits of entropy available)
[    1.264579] random: systemd-udevd: uninitialized urandom read (16 bytes read, 3 bits of entropy available)
[    1.267629] random: udevadm: uninitialized urandom read (16 bytes read, 3 bits of entropy available)
[    1.270169] random: systemd-udevd: uninitialized urandom read (16 bytes read, 3 bits of entropy available)
[    1.276425] random: systemd-udevd: uninitialized urandom read (16 bytes read, 3 bits of entropy available)
[    1.282453] random: systemd-udevd: uninitialized urandom read (16 bytes read, 3 bits of entropy available)
[    1.287474] random: systemd-udevd: uninitialized urandom read (16 bytes read, 3 bits of entropy available)
[    1.290983] random: udevadm: uninitialized urandom read (16 bytes read, 3 bits of entropy available)
[    1.293288] random: systemd-udevd: uninitialized urandom read (16 bytes read, 3 bits of entropy available)
[    1.384011] e1000: Intel(R) PRO/1000 Network Driver - version 7.3.21-k8-NAPI
[    1.385866] e1000: Copyright (c) 1999-2006 Intel Corporation.
[    1.391867] Fusion MPT base driver 3.04.20
[    1.392974] Copyright (c) 1999-2008 LSI Corporation
[    1.406120] Fusion MPT SPI Host driver 3.04.20
[    1.456488] AVX2 version of gcm_enc/dec engaged.
[    1.457701] AES CTR mode by8 optimization enabled
[    1.607531] input: ImExPS/2 Generic Explorer Mouse as /devices/platform/i8042/serio1/input/input4
[    1.822832] e1000 0000:00:03.0 eth0: (PCI:33MHz:32-bit) 02:be:82:6b:cc:1d
[    1.824433] e1000 0000:00:03.0 eth0: Intel(R) PRO/1000 Network Connection
[    1.826617] mptbase: ioc0: Initiating bringup
[    1.897617] ioc0: LSI53C1030 A0: Capabilities={Initiator}
[    2.066131] scsi host2: ioc0: LSI53C1030 A0, FwRev=00000000h, Ports=1, MaxQ=256, IRQ=20
[    2.182887] scsi 2:0:0:0: Direct-Access     VBOX     HARDDISK         1.0  PQ: 0 ANSI: 5
[    2.185899] scsi target2:0:0: Beginning Domain Validation
[    2.188763] scsi target2:0:0: Domain Validation skipping write tests
[    2.190398] scsi target2:0:0: Ending Domain Validation
[    2.191815] scsi target2:0:0: asynchronous
[    2.193751] scsi 2:0:1:0: Direct-Access     VBOX     HARDDISK         1.0  PQ: 0 ANSI: 5
[    2.195932] scsi target2:0:1: Beginning Domain Validation
[    2.199621] scsi target2:0:1: Domain Validation skipping write tests
[    2.202159] scsi target2:0:1: Ending Domain Validation
[    2.203645] scsi target2:0:1: asynchronous
[    2.214061] sd 2:0:0:0: Attached scsi generic sg0 type 0
[    2.215550] sd 2:0:0:0: [sda] 83886080 512-byte logical blocks: (42.9 GB/40.0 GiB)
[    2.233975] sd 2:0:1:0: [sdb] 20480 512-byte logical blocks: (10.5 MB/10.0 MiB)
[    2.236483] sd 2:0:1:0: Attached scsi generic sg1 type 0
[    2.238926] sd 2:0:1:0: [sdb] Write Protect is off
[    2.244642] sd 2:0:1:0: [sdb] Incomplete mode parameter data
[    2.246052] sd 2:0:1:0: [sdb] Assuming drive cache: write through
[    2.262542] sd 2:0:0:0: [sda] Write Protect is off
[    2.268582] sd 2:0:0:0: [sda] Incomplete mode parameter data
[    2.270076] sd 2:0:0:0: [sda] Assuming drive cache: write through
[    2.272452] sd 2:0:1:0: [sdb] Attached SCSI disk
[    2.278605]  sda: sda1
[    2.280234] sd 2:0:0:0: [sda] Attached SCSI disk
[    2.618194] e1000 0000:00:08.0 eth1: (PCI:33MHz:32-bit) 08:00:27:b9:ca:87
[    2.620224] e1000 0000:00:08.0 eth1: Intel(R) PRO/1000 Network Connection
[    2.623114] e1000 0000:00:08.0 enp0s8: renamed from eth1
[    2.626289] e1000 0000:00:03.0 enp0s3: renamed from eth0
Begin: Loading essential drivers ... [    4.078291] md: linear personality registered for level -1
[    4.082229] md: multipath personality registered for level -4
[    4.086714] md: raid0 personality registered for level 0
[    4.091682] md: raid1 personality registered for level 1
[    4.164420] raid6: sse2x1   gen() 11011 MB/s
[    4.232447] raid6: sse2x1   xor()  8097 MB/s
[    4.300431] raid6: sse2x2   gen() 13212 MB/s
[    4.368419] raid6: sse2x2   xor()  9261 MB/s
[    4.436517] raid6: sse2x4   gen() 15449 MB/s
[    4.504470] raid6: sse2x4   xor() 10082 MB/s
[    4.572427] raid6: avx2x1   gen() 19023 MB/s
[    4.640450] raid6: avx2x2   gen() 24740 MB/s
[    4.708435] raid6: avx2x4   gen() 26722 MB/s
[    4.709607] raid6: using algorithm avx2x4 gen() 26722 MB/s
[    4.711289] raid6: using avx2x2 recovery algorithm
[    4.714196] xor: automatically using best checksumming function:
[    4.752561]    avx       : 20889.000 MB/sec
[    4.756685] async_tx: api initialized (async)
[    4.769335] md: raid6 personality registered for level 6
[    4.771265] md: raid5 personality registered for level 5
[    4.772680] md: raid4 personality registered for level 4
[    4.779822] md: raid10 personality registered for level 10
done.
Begin: Running /scripts/init-premount ... done.
Begin: Mounting root file system ... Begin: Running /scripts/local-top ... done.
Begin: Running /scripts/local-premount ... [    4.817077] Btrfs loaded
Scanning for Btrfs filesystems
done.
Warning: fsck not present, so skipping root file system
[    4.862230] EXT4-fs (sda1): mounted filesystem with ordered data mode. Opts: (null)
done.
Begin: Running /scripts/local-bottom ... done.
Begin: Running /scripts/init-bottom ... done.
[    5.077282] systemd[1]: systemd 229 running in system mode. (+PAM +AUDIT +SELINUX +IMA +APPARMOR +SMACK +SYSVINIT +UTMP +LIBCRYPTSETUP +GCRYPT +GNUTLS +ACL +XZ -LZ4 +SECCOMP +BLKID +ELFUTILS +KMOD -IDN)
[    5.082044] systemd[1]: Detected virtualization oracle.
[    5.083332] systemd[1]: Detected architecture x86-64.

Welcome to [1mUbuntu 16.04.7 LTS[0m!

[    5.101642] systemd[1]: Set hostname to <ubuntu>.
[    5.114556] systemd[1]: Initializing machine ID from random generator.
[    5.116075] systemd[1]: Installed transient /etc/machine-id file.
[    5.358750] systemd[1]: Listening on Syslog Socket.
[[0;32m  OK  [0m] Listening on Syslog Socket.
[    5.361689] systemd[1]: Started Trigger resolvconf update for networkd DNS.
[[0;32m  OK  [0m] Started Trigger resolvconf update for networkd DNS.
[    5.369759] systemd[1]: Started Forward Password Requests to Wall Directory Watch.
[[0;32m  OK  [0m] Started Forward Password Requests to Wall Directory Watch.
[    5.381406] systemd[1]: Created slice System Slice.
[[0;32m  OK  [0m] Created slice System Slice.
[    5.383516] systemd[1]: Listening on udev Kernel Socket.
[[0;32m  OK  [0m] Listening on udev Kernel Socket.
[    5.393431] systemd[1]: Listening on fsck to fsckd communication Socket.
[[0;32m  OK  [0m] Listening on fsck to fsckd communication Socket.
[    5.401183] systemd[1]: Reached target System Time Synchronized.
[[0;32m  OK  [0m] Reached target System Time Synchronized.
[    5.404504] systemd[1]: Listening on LVM2 metadata daemon socket.
[[0;32m  OK  [0m] Listening on LVM2 metadata daemon socket.
[    5.412838] systemd[1]: Reached target Encrypted Volumes.
[[0;32m  OK  [0m] Reached target Encrypted Volumes.
[    5.415093] systemd[1]: Listening on Journal Socket (/dev/log).
[[0;32m  OK  [0m] Listening on Journal Socket (/dev/log).
[    5.424595] systemd[1]: Listening on LVM2 poll daemon socket.
[[0;32m  OK  [0m] Listening on LVM2 poll daemon socket.
[    5.433408] systemd[1]: Listening on udev Control Socket.
[[0;32m  OK  [0m] Listening on udev Control Socket.
[    5.441332] systemd[1]: Created slice User and Session Slice.
[[0;32m  OK  [0m] Created slice User and Session Slice.
[    5.448969] systemd[1]: Reached target Swap.
[[0;32m  OK  [0m] Reached target Swap.
[    5.456694] systemd[1]: Listening on Journal Audit Socket.
[[0;32m  OK  [0m] Listening on Journal Audit Socket.
[    5.465348] systemd[1]: Created slice system-serial\x2dgetty.slice.
[[0;32m  OK  [0m] Created slice system-serial\x2dgetty.slice.
[    5.473649] systemd[1]: Listening on /dev/initctl Compatibility Named Pipe.
[[0;32m  OK  [0m] Listening on /dev/initctl Compatibility Named Pipe.
[    5.476032] systemd[1]: Reached target User and Group Name Lookups.
[[0;32m  OK  [0m] Reached target User and Group Name Lookups.
[    5.478447] systemd[1]: Listening on Device-mapper event daemon FIFOs.
[[0;32m  OK  [0m] Listening on Device-mapper event daemon FIFOs.
[    5.489122] systemd[1]: Set up automount Arbitrary Executable File Formats File System Automount Point.
[[0;32m  OK  [0m] Set up automount Arbitrary Executab...ats File System Automount Point.
[    5.492708] systemd[1]: Listening on Journal Socket.
[[0;32m  OK  [0m] Listening on Journal Socket.
[    5.495530] systemd[1]: Starting Create list of required static device nodes for the current kernel...
         Starting Create list of required st... nodes for the current kernel...
[    5.499652] systemd[1]: Starting Uncomplicated firewall...
         Starting Uncomplicated firewall...
[    5.506046] systemd[1]: Starting Monitoring of LVM2 mirrors, snapshots etc. using dmeventd or progress polling...
         Starting Monitoring of LVM2 mirrors... dmeventd or progress polling...
[    5.512250] systemd[1]: Starting Journal Service...
         Starting Journal Service...
[    5.522299] systemd[1]: Starting Load Kernel Modules...
         Starting Load Kernel Modules...
[    5.533735] systemd[1]: Starting Nameserver information manager...
         Starting Nameserver information manager...
[    5.542120] systemd[1]: Mounting Debug File System...
         Mounting Debug File System...
[    5.546760] systemd[1]: Starting Set console keymap...
         Starting Set console keymap...
[    5.557987] systemd[1]: Mounting POSIX Message Queue File System...
         Mounting POSIX Message Queue File System...
[    5.564256] systemd[1]: Mounting Huge Pages File System...
[    5.567743] Loading iSCSI transport class v2.0-870.
         Mounting Huge Pages File System...
[    5.577675] systemd[1]: Reached target Slices.
[[0;32m  OK  [0m] Reached target Slices.
[    5.579963] systemd[1]: Starting File System Check on Root Device...
         Starting File System Check on Root Device...
[    5.594271] systemd[1]: Mounted Huge Pages File System.
[[0;32m  OK  [0m] Mounted Huge Pages File System.
[    5.596567] systemd[1]: Mounted POSIX Message Queue File System.
[[0;32m  OK  [0m] Mounted POSIX Message Queue File System.
[    5.601819] systemd[1]: Mounted Debug File System.
[[0;32m  OK  [0m] Mounted Debug File System.
[    5.605760] systemd[1]: Started Create list of required static device nodes for the current kernel.
[[0;32m  OK  [0m] Started Create list of required sta...ce nodes for the current kernel.
[    5.613075] systemd[1]: Started Uncomplicated firewall.
[[0;32m  OK  [0m] Started Uncomplicated firewall.
[    5.619018] systemd[1]: Started LVM2 metadata daemon.
[    5.622429] iscsi: registered transport (tcp)
[[0;32m  OK  [0m] Started LVM2 metadata daemon.
[    5.638002] systemd[1]: Started File System Check Daemon to report status.
[[0;32m  OK  [0m] Started File System Check Daemon to report status.
[    5.643444] systemd[1]: Starting Create Static Device Nodes in /dev...
         Starting Create Static Device Nodes in /dev...
[    5.650512] systemd[1]: Started Nameserver information manager.
[[0;32m  OK  [0m] Started Nameserver information manager.
[    5.666869] systemd[1]: Started File System Check on Root Device.
[[0;32m  OK  [0m] Started File System Check on Root Device.
[    5.672430] systemd[1]: Starting Remount Root and Kernel File Systems...
         Starting Remount Root and Kernel File Systems...
[    5.682247] EXT4-fs (sda1): re-mounted. Opts: (null)
[    5.685568] systemd[1]: Started Journal Service.
[[0;32m  OK  [0m] Started Journal Service.
[[0;32m  OK  [0m] Started Remount Root and Kernel File Systems.
         Starting udev Coldplug all Devices...
         Starting Load/Save Random Seed...
         Starting Flush Journal to Persistent Storage...
[[    5.720106] random: nonblocking pool is initialized
[0;32m  OK  [0m] Started Load/Save Random Seed.
[    5.730887] systemd-journald[386]: Received request to flush runtime journal from PID 1
[[0;32m  OK  [0m] Started Create Static Device Nodes in /dev.
         Starting udev Kernel Device Manager...
[[0;32m  OK  [0m] Started Flush Journal to Persistent Storage.
[    5.780825] iscsi: registered transport (iser)
[[0;32m  OK  [0m] Started Load Kernel Modules.
         Mounting FUSE Control File System...
         Starting Apply Kernel Variables...
[[0;32m  OK  [0m] Mounted FUSE Control File System.
[[0;32m  OK  [0m] Started udev Kernel Device Manager.
[[0;32m  OK  [0m] Started Apply Kernel Variables.
[[0;32m  OK  [0m] Started udev Coldplug all Devices.
[[0;32m  OK  [0m] Started Set console keymap.
[[0;32m  OK  [0m] Started Dispatch Password Requests to Console Directory Watch.
[[0;32m  OK  [0m] Started Monitoring of LVM2 mirrors,...ng dmeventd or progress polling.
[[0;32m  OK  [0m] Reached target Local File Systems (Pre).
[[0;32m  OK  [0m] Reached target Local File Systems.
         Starting LSB: AppArmor initialization...
         Starting Initial cloud-init job (pre-networking)...
         Starting Create Volatile Files and Directories...
         Starting Commit a transient machine-id on disk...
         Starting Tell Plymouth To Write Out Runtime Data...
         Starting Set console font and keymap...
[[0;32m  OK  [0m] Started Commit a transient machine-id on disk.
[[0;32m  OK  [0m] Started Tell Plymouth To Write Out Runtime Data.
[[0;32m  OK  [0m] Started Create Volatile Files and Directories.
         Starting Update UTMP about System Boot/Shutdown...
[[0;32m  OK  [0m] Started Update UTMP about System Boot/Shutdown.
[[0;32m  OK  [0m] Found device /dev/ttyS0.
[[0;32m  OK  [0m] Listening on Load/Save RF Kill Switch Status /dev/rfkill Watch.
[[0;32m  OK  [0m] Started Set console font and keymap.
[[0;32m  OK  [0m] Created slice system-getty.slice.
[    9.037432] cloud-init[515]: Cloud-init v. 21.1-19-gbad84ad4-0ubuntu1~16.04.2 running 'init-local' at Thu, 29 Dec 2022 19:25:08 +0000. Up 8.00 seconds.
[[0;32m  OK  [0m] Started Initial cloud-init job (pre-networking).
[[0;32m  OK  [0m] Reached target Network (Pre).
[[0;32m  OK  [0m] Started LSB: AppArmor initialization.
         Starting Raise network interfaces...
         Starting Load AppArmor profiles managed internally by snapd...
[[0;32m  OK  [0m] Started Load AppArmor profiles managed internally by snapd.
[[0;32m  OK  [0m] Started Raise network interfaces.
[[0;32m  OK  [0m] Reached target Network.
         Starting Initial cloud-init job (metadata service crawler)...
[   12.249491] cloud-init[989]: Cloud-init v. 21.1-19-gbad84ad4-0ubuntu1~16.04.2 running 'init' at Thu, 29 Dec 2022 19:25:12 +0000. Up 11.38 seconds.
[   12.256414] cloud-init[989]: ci-info: ++++++++++++++++++++++++++++++++++++++Net device info+++++++++++++++++++++++++++++++++++++++
[   12.264407] cloud-init[989]: ci-info: +--------+-------+----------------------------+---------------+--------+-------------------+
[   12.272443] cloud-init[989]: ci-info: | Device |   Up  |          Address           |      Mask     | Scope  |     Hw-Address    |
[   12.280428] cloud-init[989]: ci-info: +--------+-------+----------------------------+---------------+--------+-------------------+
[   12.282022] cloud-init[989]: ci-info: | enp0s3 |  True |         10.0.2.15          | 255.255.255.0 | global | 02:be:82:6b:cc:1d |
[   12.288424] cloud-init[989]: ci-info: | enp0s3 |  True | fe80::be:82ff:fe6b:cc1d/64 |       .       |  link  | 02:be:82:6b:cc:1d |
[   12.296703] cloud-init[989]: ci-info: | enp0s8 | False |             .              |       .       |   .    | 08:00:27:b9:ca:87 |
[   12.298805] cloud-init[989]: ci-info: |   lo   |  True |         127.0.0.1          |   255.0.0.0   |  host  |         .         |
[   12.308397] cloud-init[989]: ci-info: |   lo   |  True |          ::1/128           |       .       |  host  |         .         |
[   12.316578] cloud-init[989]: ci-info: +--------+-------+----------------------------+---------------+--------+-------------------+
[   12.324519] cloud-init[989]: ci-info: +++++++++++++++++++++++++++Route IPv4 info++++++++++++++++++++++++++++
[   12.332489] cloud-init[989]: ci-info: +-------+-------------+----------+---------------+-----------+-------+
[[0;32m  OK  [0m] Started Initial cloud-init job (metadata service crawler).
[[0;32m  OK  [0m] Reached target Network is Online.
         Starting iSCSI initiator daemon (iscsid)...
[[0;32m  OK  [0m] Reached target Cloud-config availability.
[[0;32m  OK  [0m] Reached target System Initialization.
[[0;32m  OK  [0m] Started Daily Cleanup of Temporary Directories.
[[0;32m  OK  [0m] Listening on D-Bus System Message Bus Socket.
[   12.335171] cloud-init[989]: ci-info: | Route | Destination | Gateway  |    Genmask    | Interface | Flags |
[   12.360839] cloud-init[989]: ci-info: +-------+-------------+----------+---------------+-----------+-------+
[   12.368405] cloud-init[989]: ci-info: |   0   |   0.0.0.0   | 10.0.2.2 |    0.0.0.0    |   enp0s3  |   UG  |
[[0;32m  OK  [0m] Started ACPI Events Check.
[[0;32m  OK  [0m] Reached target Paths.
[[0;32m  OK  [0m] Started Ubuntu Advantage update messaging.
[   12.371381] cloud-init[989]: ci-info: |   1   |   10.0.2.0  | 0.0.0.0  | 255.255.255.0 |   enp0s3  |   U   |
[   12.392348] cloud-init[989]: ci-info: +-------+-------------+----------+---------------+-----------+-------+
[   12.393802] cloud-init[989]: ci-info: +++++++++++++++++++Route IPv6 info+++++++++++++++++++
[[0;32m  OK  [0m] Listening on UUID daemon activation socket.
[[0;32m  OK  [0m] Started Message of the Day.
         Starting Socket activation for snappy daemon.
[   12.398756] cloud-init[989]: ci-info: +-------+-------------+---------+-----------+-------+
[   12.413649] cloud-init[989]: ci-info: | Route | Destination | Gateway | Interface | Flags |
[   12.416898] cloud-init[989]: ci-info: +-------+-------------+---------+-----------+-------+
[[0;32m  OK  [0m] Started Daily apt download activities.
[   12.427638] cloud-init[989]: ci-info: |   0   |  fe80::/64  |    ::   |   enp0s3  |   U   |
[[0;32m  OK  [0m] Started Daily apt upgrade and clean activities.
[[0;32m  OK  [0m] Reached target Timers.
[[0;32m  OK  [0m] Listening on ACPID Listen Socket.
[   12.433857] cloud-init[989]: ci-info: |   3   |   ff00::/8  |    ::   |   enp0s3  |   U   |
[   12.449072] cloud-init[989]: ci-info: +-------+-------------+---------+-----------+-------+
[   12.451110] cloud-init[989]: Generating public/private rsa key pair.         Starting LXD - unix socket.
[[0;32m  OK  [0m] Listening on Socket activation for snappy daemon.
[[0;32m  OK  [0m] Listening on LXD - unix socket.
[[0;32m  OK  [0m] 
[   12.456253] cloud-init[989]: Your identification has been saved in /etc/ssh/ssh_host_rsa_key.
[   12.457273] cloud-init[989]: Your public key has been saved in /etc/ssh/ssh_host_rsa_key.pub.
[   12.458934] cloud-init[989]: The key fingerprint is:
[   12.459235] cloud-init[989]: Reached target Sockets.
[[0;32m  OK  [0m] Reached target Basic System.
[[0;32m  OK  [0m] Started D-Bus System Message Bus.
SHA256:muS3WGXqYgOYczcaS3WtxmLr51fVEbQ46sCncRRdxoo root@ubuntu-xenial
[   12.472622] cloud-init[989]: The key's randomart image is:
[   12.481076] cloud-init[989]: +---[RSA 2048]----+
[   12.482662] cloud-init[989]: |           .. +=.|
[   12.488519] cloud-init[989]: |            ..oo.|
[   12.496592] cloud-init[989]: |         . ..o.o.|
[   12.498607] cloud-init[989]: |      . o oE..o .|
[   12.504625] cloud-init[989]: |   o ..oS=o+ .   |
[   12.512909] cloud-init[989]: |  + =o=o++B .    |
[   12.516430] cloud-init[989]: |   + B+=+. o     |
[   12.518462] cloud-init[989]: |    o ==...      |
[   12.522049] [[0;32m  OK  [0m] Started ACPI event daemon.
[[0;32m  OK  [0m] Started Deferred execution scheduler.
cloud-init[989]:          Starting Snap Daemon...
|     oo=+.       |
         Starting Virtualbox guest utils...
[   12.540771] cloud-init[989]: +----[SHA256]-----+         Starting System Logging Service...

         Starting /etc/rc.local Compatibility...
         Starting Accounts Service...
[   12.567504]          Starting LSB: MD monitoring daemon...
         Starting LSB: Record successful boot for GRUB...
         Starting Pollinate to seed the pseudo random number generator...
         Starting Login Service...
         Starting LXD - container startup/shutdown...
[[0;32m  OK  [0m] Started Regular background program processing daemon.
[[0;32m  OK  [0m] Started FUSE filesystem for LXC.
[[0;32m  OK  [0m] Started iSCSI initiator daemon (iscsid).
[[0;32m  OK  [0m] Started /etc/rc.local Compatibility.
         Starting Login to default iSCSI targets...
cloud-init[989]: Generating public/private dsa key pair.
[[0;32m  OK  [0m] Started Login Service.
[[0;32m  OK  [0m] Started Unattended Upgrades Shutdown.
[[0;32m  OK  [0m] Started System Logging Service.
[   12.703091] cloud-init[989]: Your identification has been saved in /etc/ssh/ssh_host_dsa_key.
[[0;32m  OK  [0m] Started Login to default iSCSI targets.
[[0;32m  OK  [0m] Reached target Remote File Systems (Pre).
[[0;32m  OK  [0m] Reached target Remote File Systems.
         Starting Permit User Sessions...
[   12.735613] cloud-init         Starting LSB: automatic crash report generation...
         Starting LSB: daemon to balance interrupts for SMP systems...
[989]:          Starting LSB: Set the CPU Frequency Scaling governor to "ondemand"...Your public key has been saved in /etc/ssh/ssh_host_dsa_key.pub.
[   12.754828] cloud-init[989]: The key fingerprint is:

[[0;32m  OK  [0m] Started Permit User Sessions.
         Starting Hold until boot process finishes up...
         Starting Terminate Plymouth Boot Screen...
[[0;32m  OK  [0m] Started Hold until boot process finishes up.
[[0;32m  OK  [0m] Started Serial Getty on ttyS0.
[[0;32m  OK  [0m] Started Getty on tty1.
[[0;32m  OK  [0m] Reached target Login Prompts.
         Starting Set console scheme...
[[0;32m  OK  [0m] Started Terminate Plymouth Boot Screen.
[[0;32m  OK  [0m] Started Set console scheme.
[   12.838330] cloud-init[989]: SHA256:jc+rLfXS2aWTQOXgDt/F684b+udrqgqWnC9wNOm1AJw root@ubuntu-xenial
[   12.852148] cloud-init[989]: The key's randomart image is:
[   12.858898] cloud-init[989]: +---[DSA 1024]----+
[[0;32m  OK  [0m] Started LSB: Record successful boot for GRUB.
[   12.871887] cloud-init[989]: |    . .          |
[[0;32m  OK  [0m] Started LSB: Set the CPU Frequency Scaling governor to "ondemand".
[   12.886857] cloud-init[989]: |     E      . .  |
[   12.896346] cloud-init[989]: |      . .  . + . |
[   12.904510] cloud-init[989]: |       = +. o . o|
[   12.908355] cloud-init[989]: |      o S o= . ..|
[   12.909105] cloud-init[989]: |     ..oo+. + ...|
[   12.916333] cloud-init[989]: |      o* .oo +.= |
[   12.917547] cloud-init[989]: |      ..+...+ Boo|
[[   12.929005] cloud-init[989]: |        o=+o.o=O=|
[   12.930191] cloud-init[989]: +----[SHA256]-----+
[   12.931386] cloud-init[989]: Generating public/private ecdsa key pair.[0;32m  OK  [0m] Started LSB: automatic crash report generation.

[   12.941710] cloud-init[989]: Your identification has been saved in /etc/ssh/ssh_host_ecdsa_key.
[   12.948497] cloud-init[989]: Your public key has been saved in /etc/ssh/ssh_host_ecdsa_key.pub.
[   12.955115] cloud-init[989]: The key fingerprint is:
[   12.957645] cloud-init[989]: SHA256:P6ilr//bo/LJv7AKIP/P5Fu0wFLPDG2OoWjVYPkP384 root@ubuntu-xenial
[   12.958929] cloud-init[989]: The key's randomart image is:
[   12.959973] cloud-init[989]: +---[ECDSA 256]---+
[   12.964600] cloud-init[989]: |      o.         |
[   12.966285] cloud-init[989]: |     ..o .       |
[[0;32m  OK  [0m] Started LSB: daemon to balance interrupts for SMP systems.
[   12.968621] cloud-init[989]: |      ..= o      |
[   12.982077] cloud-init[989]: |     o +oX       |
[   12.984536] cloud-init[989]: |  . + o S+*.     |
[   12.988467] cloud-init[989]: |   + . . =o..    |
[   13.000245] cloud-init[989]: |    . . + *o     |
[[0;32m  OK  [0m] Started LSB: MD monitoring daemon.
[   13.019033] cloud-init[989]: |     . O.o *E    |
[   13.026083] cloud-init[989]: |      ==O*O++o   |
[   13.026963] cloud-init[989]: +----[SHA256]-----+
[   13.028783] cloud-init[989]: Generating public/private ed25519 key pair.         Starting Authenticate and Authorize Users to Run Privileged Tasks...

[   13.048590] cloud-init[989]: Your identification has been saved in /etc/ssh/ssh_host_ed25519_key.
[   13.056297] cloud-init[989]: Your public key has been saved in /etc/ssh/ssh_host_ed25519_key.pub.
[   13.058496] cloud-init[989]: The key fingerprint is:
[   13.059914] cloud-init[989]: SHA256:BH84+sUJtO+qCmGwSx6cMCTzy0v98FBOqY7zny0f9Kg root@ubuntu-xenial
[   13.084810] cloud-init[989]: The key's randomart image is:
[[0;32m  OK  [0m] Started Authenticate and Authorize Users to Run Privileged Tasks.
[[0;32m  OK  [0m] Started Accounts Service.
[   13.095269] cloud-init[989]: +--[ED25519 256]--+
[   13.102808] cloud-init[989]: |o.    . .        |
[   13.110160] cloud-init[989]: |oo     = o       |
[   13.124546] cloud-init[989]: |+ .   + B .      |
[   13.125863] cloud-init[989]: |o=.o = o * .     |
[   13.131018] cloud-init[989]: |.=* = o S =      |
[   13.135110] cloud-init[989]: |o+.= = o =       |[[0;32m  OK  [0m] Started Virtualbox guest utils.

[   13.148689] cloud-init[989]: |..= . o + o      |
[   13.150172] cloud-init[989]: |   +  .+ o       |
[   13.154492] cloud-init[989]: |    ooE++        |
[   13.158317] cloud-init[989]: +----[SHA256]-----+
[[0;32m  OK  [0m] Started LXD - container startup/shutdown.
[[0;32m  OK  [0m] Started Snap Daemon.
         Starting Wait until snapd is fully seeded...
[[0;32m  OK  [0m] Started Pollinate to seed the pseudo random number generator.
         Starting OpenBSD Secure Shell server...
[[0;32m  OK  [0m] Started OpenBSD Secure Shell server.
[[0;32m  OK  [0m] Created slice User Slice of vagrant.
         Starting User Manager for UID 1000...
[[0;32m  OK  [0m] Started Session 1 of user vagrant.
[[0;32m  OK  [0m] Started User Manager for UID 1000.
[[0;32m  OK  [0m] Started Wait until snapd is fully seeded.
         Starting Apply the settings specified in cloud-config...
[[0;32m  OK  [0m] Reached target Multi-User System.
[[0;32m  OK  [0m] Reached target Graphical Interface.
         Starting Update UTMP about System Runlevel Changes...
[[0;32m  OK  [0m] Started Update UTMP about System Runlevel Changes.
[   16.324993] cloud-init[1432]: Generating locales (this might take a while)...
[   18.331274] cloud-init[1432]:   en_US.UTF-8... done
[   18.332104] cloud-init[1432]: Generation complete.
[   18.825213] cloud-init[1432]: Cloud-init v. 21.1-19-gbad84ad4-0ubuntu1~16.04.2 running 'modules:config' at Thu, 29 Dec 2022 19:25:16 +0000. Up 15.97 seconds.

Ubuntu 16.04.7 LTS ubuntu-xenial ttyS0

ubuntu-xenial login: ci-info: no authorized SSH keys fingerprints found for user ubuntu.
<14>Dec 29 19:25:20 ec2: 
<14>Dec 29 19:25:20 ec2: #############################################################
<14>Dec 29 19:25:20 ec2: -----BEGIN SSH HOST KEY FINGERPRINTS-----
<14>Dec 29 19:25:20 ec2: 1024 SHA256:jc+rLfXS2aWTQOXgDt/F684b+udrqgqWnC9wNOm1AJw root@ubuntu-xenial (DSA)
<14>Dec 29 19:25:20 ec2: 256 SHA256:P6ilr//bo/LJv7AKIP/P5Fu0wFLPDG2OoWjVYPkP384 root@ubuntu-xenial (ECDSA)
<14>Dec 29 19:25:20 ec2: 256 SHA256:BH84+sUJtO+qCmGwSx6cMCTzy0v98FBOqY7zny0f9Kg root@ubuntu-xenial (ED25519)
<14>Dec 29 19:25:20 ec2: 2048 SHA256:muS3WGXqYgOYczcaS3WtxmLr51fVEbQ46sCncRRdxoo root@ubuntu-xenial (RSA)
<14>Dec 29 19:25:20 ec2: -----END SSH HOST KEY FINGERPRINTS-----
<14>Dec 29 19:25:20 ec2: #############################################################
-----BEGIN SSH HOST KEY KEYS-----
ecdsa-sha2-nistp256 AAAAE2VjZHNhLXNoYTItbmlzdHAyNTYAAAAIbmlzdHAyNTYAAABBBPpTWPb7n9yxkuyOjdtB+ZnFMA1YABwvGrVfUuIUK55Mku2dJ/Hl/vAW2KvdYIJWy9HbLQtinzaP/OwlEQClsyI= root@ubuntu-xenial
ssh-ed25519 AAAAC3NzaC1lZDI1NTE5AAAAIM8L//Zn7oZOoxIkWugCRzTlQSd+EY0Z1f2jcN9c3UE/ root@ubuntu-xenial
ssh-rsa AAAAB3NzaC1yc2EAAAADAQABAAABAQDQtr3nliBYrxCAnUCICwCwAuzlpECfdZsBEHtrLWexfczAHlFQTGQGXQdkO1IAmnBejmysMsvObdsmkrmgHLdhbHPxDKMzoWg8z7cHnwEpO3qJMrxkF26c42RQrjIPmlqE4iM1mFOSCeFAR1frhEA5mR9YONPAMNPaeeUWeEZEMnuS188t4IbbPUh2/3hJRHUXOTZ8HTgWWLPFr6qDZSzmfZADAuzvu9gqBv3lG3SmbySU81IqaS4n/B4/mxldGe5ZmF95JyFoCot+X55wUlYZC4NL9riszVUgnC1fRXRoXW/QB1FaHmd9NV0pfvqUMYBCK1qDb9C78QIk6RAW3aKB root@ubuntu-xenial
-----END SSH HOST KEY KEYS-----
[   19.850360] cloud-init[1619]: Cloud-init v. 21.1-19-gbad84ad4-0ubuntu1~16.04.2 running 'modules:final' at Thu, 29 Dec 2022 19:25:20 +0000. Up 19.48 seconds.
[   19.851161] cloud-init[1619]: ci-info: no authorized SSH keys fingerprints found for user ubuntu.
[   19.852505] cloud-init[1619]: Cloud-init v. 21.1-19-gbad84ad4-0ubuntu1~16.04.2 finished at Thu, 29 Dec 2022 19:25:20 +0000. Datasource DataSourceNoCloud [seed=/dev/sdb][dsmode=net].  Up 19.84 seconds
