[    0.000000] Initializing cgroup subsys cpuset
[    0.000000] Initializing cgroup subsys cpu
[    0.000000] Initializing cgroup subsys cpuacct
[    0.000000] Linux version 4.4.0-210-generic (buildd@lgw01-amd64-009) (gcc version 5.4.0 20160609 (Ubuntu 5.4.0-6ubuntu1~16.04.12) ) #242-Ubuntu SMP Fri Apr 16 09:57:56 UTC 2021 (Ubuntu 4.4.0-210.242-generic 4.4.262)
[    0.000000] Command line: BOOT_IMAGE=/boot/vmlinuz-4.4.0-210-generic root=LABEL=cloudimg-rootfs ro console=tty1 console=ttyS0
[    0.000000] KERNEL supported cpus:
[    0.000000]   Intel GenuineIntel
[    0.000000]   AMD AuthenticAMD
[    0.000000]   Centaur CentaurHauls
[    0.000000] x86/fpu: xstate_offset[2]:  576, xstate_sizes[2]:  256
[    0.000000] x86/fpu: Supporting XSAVE feature 0x01: 'x87 floating point registers'
[    0.000000] x86/fpu: Supporting XSAVE feature 0x02: 'SSE registers'
[    0.000000] x86/fpu: Supporting XSAVE feature 0x04: 'AVX registers'
[    0.000000] x86/fpu: Enabled xstate features 0x7, context size is 832 bytes, using 'standard' format.
[    0.000000] e820: BIOS-provided physical RAM map:
[    0.000000] BIOS-e820: [mem 0x0000000000000000-0x000000000009fbff] usable
[    0.000000] BIOS-e820: [mem 0x000000000009fc00-0x000000000009ffff] reserved
[    0.000000] BIOS-e820: [mem 0x00000000000f0000-0x00000000000fffff] reserved
[    0.000000] BIOS-e820: [mem 0x0000000000100000-0x000000003ffeffff] usable
[    0.000000] BIOS-e820: [mem 0x000000003fff0000-0x000000003fffffff] ACPI data
[    0.000000] BIOS-e820: [mem 0x00000000fec00000-0x00000000fec00fff] reserved
[    0.000000] BIOS-e820: [mem 0x00000000fee00000-0x00000000fee00fff] reserved
[    0.000000] BIOS-e820: [mem 0x00000000fffc0000-0x00000000ffffffff] reserved
[    0.000000] NX (Execute Disable) protection: active
[    0.000000] SMBIOS 2.5 present.
[    0.000000] Hypervisor detected: KVM
[    0.000000] e820: last_pfn = 0x3fff0 max_arch_pfn = 0x400000000
[    0.000000] MTRR: Disabled
[    0.000000] x86/PAT: MTRRs disabled, skipping PAT initialization too.
[    0.000000] CPU MTRRs all blank - virtualized system.
[    0.000000] x86/PAT: Configuration [0-7]: WB  WT  UC- UC  WB  WT  UC- UC  
[    0.000000] found SMP MP-table at [mem 0x0009fff0-0x0009ffff] mapped at [ffff88000009fff0]
[    0.000000] Scanning 1 areas for low memory corruption
[    0.000000] RAMDISK: [mem 0x362dc000-0x37165fff]
[    0.000000] ACPI: Early table checksum verification disabled
[    0.000000] ACPI: RSDP 0x00000000000E0000 000024 (v02 VBOX  )
[    0.000000] ACPI: XSDT 0x000000003FFF0030 00003C (v01 VBOX   VBOXXSDT 00000001 ASL  00000061)
[    0.000000] ACPI: FACP 0x000000003FFF00F0 0000F4 (v04 VBOX   VBOXFACP 00000001 ASL  00000061)
[    0.000000] ACPI: DSDT 0x000000003FFF0610 002353 (v02 VBOX   VBOXBIOS 00000002 INTL 20100528)
[    0.000000] ACPI: FACS 0x000000003FFF0200 000040
[    0.000000] ACPI: FACS 0x000000003FFF0200 000040
[    0.000000] ACPI: APIC 0x000000003FFF0240 000054 (v02 VBOX   VBOXAPIC 00000001 ASL  00000061)
[    0.000000] ACPI: SSDT 0x000000003FFF02A0 00036C (v01 VBOX   VBOXCPUT 00000002 INTL 20100528)
[    0.000000] No NUMA configuration found
[    0.000000] Faking a node at [mem 0x0000000000000000-0x000000003ffeffff]
[    0.000000] NODE_DATA(0) allocated [mem 0x3ffeb000-0x3ffeffff]
[    0.000000] kvm-clock: Using msrs 4b564d01 and 4b564d00
[    0.000000] kvm-clock: cpu 0, msr 0:3ffe3001, primary cpu clock
[    0.000000] kvm-clock: using sched offset of 4274528564 cycles
[    0.000000] clocksource: kvm-clock: mask: 0xffffffffffffffff max_cycles: 0x1cd42e4dffb, max_idle_ns: 881590591483 ns
[    0.000000] Zone ranges:
[    0.000000]   DMA      [mem 0x0000000000001000-0x0000000000ffffff]
[    0.000000]   DMA32    [mem 0x0000000001000000-0x000000003ffeffff]
[    0.000000]   Normal   empty
[    0.000000]   Device   empty
[    0.000000] Movable zone start for each node
[    0.000000] Early memory node ranges
[    0.000000]   node   0: [mem 0x0000000000001000-0x000000000009efff]
[    0.000000]   node   0: [mem 0x0000000000100000-0x000000003ffeffff]
[    0.000000] Initmem setup node 0 [mem 0x0000000000001000-0x000000003ffeffff]
[    0.000000] ACPI: PM-Timer IO Port: 0x4008
[    0.000000] IOAPIC[0]: apic_id 1, version 32, address 0xfec00000, GSI 0-23
[    0.000000] ACPI: INT_SRC_OVR (bus 0 bus_irq 0 global_irq 2 dfl dfl)
[    0.000000] ACPI: INT_SRC_OVR (bus 0 bus_irq 9 global_irq 9 low level)
[    0.000000] Using ACPI (MADT) for SMP configuration information
[    0.000000] smpboot: Allowing 1 CPUs, 0 hotplug CPUs
[    0.000000] PM: Registered nosave memory: [mem 0x00000000-0x00000fff]
[    0.000000] PM: Registered nosave memory: [mem 0x0009f000-0x0009ffff]
[    0.000000] PM: Registered nosave memory: [mem 0x000a0000-0x000effff]
[    0.000000] PM: Registered nosave memory: [mem 0x000f0000-0x000fffff]
[    0.000000] e820: [mem 0x40000000-0xfebfffff] available for PCI devices
[    0.000000] Booting paravirtualized kernel on KVM
[    0.000000] clocksource: refined-jiffies: mask: 0xffffffff max_cycles: 0xffffffff, max_idle_ns: 7645519600211568 ns
[    0.000000] setup_percpu: NR_CPUS:512 nr_cpumask_bits:512 nr_cpu_ids:1 nr_node_ids:1
[    0.000000] PERCPU: Embedded 33 pages/cpu @ffff88003fc00000 s95192 r8192 d31784 u2097152
[    0.000000] Built 1 zonelists in Node order, mobility grouping on.  Total pages: 257912
[    0.000000] Policy zone: DMA32
[    0.000000] Kernel command line: BOOT_IMAGE=/boot/vmlinuz-4.4.0-210-generic root=LABEL=cloudimg-rootfs ro console=tty1 console=ttyS0
[    0.000000] PID hash table entries: 4096 (order: 3, 32768 bytes)
[    0.000000] Memory: 997924K/1048120K available (8644K kernel code, 1332K rwdata, 4044K rodata, 1492K init, 1164K bss, 50196K reserved, 0K cma-reserved)
[    0.000000] SLUB: HWalign=64, Order=0-3, MinObjects=0, CPUs=1, Nodes=1
[    0.000000] Kernel/User page tables isolation: enabled
[    0.000000] Hierarchical RCU implementation.
[    0.000000] 	Build-time adjustment of leaf fanout to 64.
[    0.000000] 	RCU restricting CPUs from NR_CPUS=512 to nr_cpu_ids=1.
[    0.000000] RCU: Adjusting geometry for rcu_fanout_leaf=64, nr_cpu_ids=1
[    0.000000] NR_IRQS:33024 nr_irqs:256 16
[    0.000000] Console: colour VGA+ 80x25
[    0.000000] console [tty1] enabled
[    0.000000] console [ttyS0] enabled
[    0.000000] tsc: Detected 2111.998 MHz processor
[    0.182281] Calibrating delay loop (skipped) preset value.. 4223.99 BogoMIPS (lpj=8447992)
[    0.184456] pid_max: default: 32768 minimum: 301
[    0.185673] ACPI: Core revision 20150930
[    0.189072] ACPI: 2 ACPI AML tables successfully acquired and loaded
[    0.190753] Security Framework initialized
[    0.191855] Yama: becoming mindful.
[    0.192850] AppArmor: AppArmor initialized
[    0.194144] Dentry cache hash table entries: 131072 (order: 8, 1048576 bytes)
[    0.198577] Inode-cache hash table entries: 65536 (order: 7, 524288 bytes)
[    0.200265] Mount-cache hash table entries: 2048 (order: 2, 16384 bytes)
[    0.201945] Mountpoint-cache hash table entries: 2048 (order: 2, 16384 bytes)
[    0.203737] Initializing cgroup subsys io
[    0.204790] Initializing cgroup subsys memory
[    0.206034] Initializing cgroup subsys devices
[    0.207170] Initializing cgroup subsys freezer
[    0.208304] Initializing cgroup subsys net_cls
[    0.209510] Initializing cgroup subsys perf_event
[    0.210709] Initializing cgroup subsys net_prio
[    0.211848] Initializing cgroup subsys hugetlb
[    0.212980] Initializing cgroup subsys pids
[    0.228846] mce: CPU supports 0 MCE banks
[    0.230086] process: using mwait in idle threads
[    0.231267] Last level iTLB entries: 4KB 128, 2MB 8, 4MB 8
[    0.232622] Last level dTLB entries: 4KB 64, 2MB 0, 4MB 0, 1GB 4
[    0.234196] Spectre V1 : Mitigation: usercopy/swapgs barriers and __user pointer sanitization
[    0.236317] Spectre V2 : Mitigation: Full generic retpoline
[    0.237683] Spectre V2 : Spectre v2 / SpectreRSB mitigation: Filling RSB on context switch
[    0.239790] Speculative Store Bypass: Vulnerable
[    0.240955] SRBDS: Unknown: Dependent on hypervisor status
[    0.242574] MDS: Mitigation: Clear CPU buffers
[    0.271429] Freeing SMP alternatives memory: 36K
[    0.278545] ftrace: allocating 32380 entries in 127 pages
[    0.342939] smpboot: APIC(0) Converting physical 0 to logical package 0
[    0.344509] smpboot: Max logical packages: 1
[    0.345984] x2apic enabled
[    0.347110] Switched APIC routing to physical x2apic.
[    0.349702] ..TIMER: vector=0x30 apic1=0 pin1=2 apic2=-1 pin2=-1
[    0.459365] smpboot: CPU0: Intel(R) Core(TM) i5-8500T CPU @ 2.10GHz (family: 0x6, model: 0x9e, stepping: 0xa)
[    0.461927] Performance Events: unsupported p6 CPU model 158 no PMU driver, software events only.
[    0.474957] KVM setup paravirtual spinlock
[    0.476722] x86: Booted up 1 node, 1 CPUs
[    0.477741] smpboot: Total of 1 processors activated (4223.99 BogoMIPS)
[    0.479479] devtmpfs: initialized
[    0.482016] evm: security.selinux
[    0.482919] evm: security.SMACK64
[    0.484019] evm: security.SMACK64EXEC
[    0.484981] evm: security.SMACK64TRANSMUTE
[    0.486033] evm: security.SMACK64MMAP
[    0.486984] evm: security.ima
[    0.487816] evm: security.capability
[    0.488880] clocksource: jiffies: mask: 0xffffffff max_cycles: 0xffffffff, max_idle_ns: 7645041785100000 ns
[    0.491158] futex hash table entries: 256 (order: 2, 16384 bytes)
[    0.492684] pinctrl core: initialized pinctrl subsystem
[    0.494011] RTC time: 16:39:54, date: 12/28/22
[    0.495450] NET: Registered protocol family 16
[    0.496792] cpuidle: using governor ladder
[    0.497836] cpuidle: using governor menu
[    0.498851] PCCT header not found.
[    0.499918] ACPI: bus type PCI registered
[    0.501160] acpiphp: ACPI Hot Plug PCI Controller Driver version: 0.5
[    0.502711] PCI: Using configuration type 1 for base access
[    0.505182] ACPI: Added _OSI(Module Device)
[    0.506278] ACPI: Added _OSI(Processor Device)
[    0.507364] ACPI: Added _OSI(3.0 _SCP Extensions)
[    0.508532] ACPI: Added _OSI(Processor Aggregator Device)
[    0.510430] ACPI: Executed 1 blocks of module-level executable AML code
[    0.514327] ACPI: Interpreter enabled
[    0.515313] ACPI: (supports S0 S5)
[    0.516275] ACPI: Using IOAPIC for interrupt routing
[    0.517742] PCI: Using host bridge windows from ACPI; if necessary, use "pci=nocrs" and report a bug
[    0.523877] ACPI: PCI Root Bridge [PCI0] (domain 0000 [bus 00-ff])
[    0.525287] acpi PNP0A03:00: _OSC: OS supports [ASPM ClockPM Segments MSI]
[    0.527140] acpi PNP0A03:00: _OSC: not requesting OS control; OS requires [ExtendedConfig ASPM ClockPM MSI]
[    0.529433] acpi PNP0A03:00: fail to add MMCONFIG information, can't access extended PCI configuration space under this bridge.
[    0.532405] PCI host bridge to bus 0000:00
[    0.533582] pci_bus 0000:00: root bus resource [io  0x0000-0x0cf7 window]
[    0.535084] pci_bus 0000:00: root bus resource [io  0x0d00-0xffff window]
[    0.536653] pci_bus 0000:00: root bus resource [mem 0x000a0000-0x000bffff window]
[    0.538588] pci_bus 0000:00: root bus resource [mem 0x40000000-0xfdffffff window]
[    0.540456] pci_bus 0000:00: root bus resource [bus 00-ff]
[    0.543692] pci 0000:00:01.1: legacy IDE quirk: reg 0x10: [io  0x01f0-0x01f7]
[    0.545257] pci 0000:00:01.1: legacy IDE quirk: reg 0x14: [io  0x03f6]
[    0.546727] pci 0000:00:01.1: legacy IDE quirk: reg 0x18: [io  0x0170-0x0177]
[    0.548369] pci 0000:00:01.1: legacy IDE quirk: reg 0x1c: [io  0x0376]
[    0.571970] pci 0000:00:07.0: quirk: [io  0x4000-0x403f] claimed by PIIX4 ACPI
[    0.573820] pci 0000:00:07.0: quirk: [io  0x4100-0x410f] claimed by PIIX4 SMB
[    0.582069] ACPI: PCI Interrupt Link [LNKA] (IRQs 5 9 10 *11)
[    0.584272] ACPI: PCI Interrupt Link [LNKB] (IRQs 5 9 *10 11)
[    0.586195] ACPI: PCI Interrupt Link [LNKC] (IRQs 5 *9 10 11)
[    0.588103] ACPI: PCI Interrupt Link [LNKD] (IRQs 5 9 10 *11)
[    0.590148] ACPI: Enabled 2 GPEs in block 00 to 07
[    0.591564] vgaarb: setting as boot device: PCI:0000:00:02.0
[    0.592867] vgaarb: device added: PCI:0000:00:02.0,decodes=io+mem,owns=io+mem,locks=none
[    0.594776] vgaarb: loaded
[    0.595515] vgaarb: bridge control possible 0000:00:02.0
[    0.596924] SCSI subsystem initialized
[    0.597911] ACPI: bus type USB registered
[    0.598988] usbcore: registered new interface driver usbfs
[    0.600281] usbcore: registered new interface driver hub
[    0.601460] usbcore: registered new device driver usb
[    0.602745] PCI: Using ACPI for IRQ routing
[    0.604075] NetLabel: Initializing
[    0.604928] NetLabel:  domain hash size = 128
[    0.605936] NetLabel:  protocols = UNLABELED CIPSOv4
[    0.607056] NetLabel:  unlabeled traffic allowed by default
[    0.608375] amd_nb: Cannot enumerate AMD northbridges
[    0.609554] clocksource: Switched to clocksource kvm-clock
[    0.621276] AppArmor: AppArmor Filesystem Enabled
[    0.622621] pnp: PnP ACPI init
[    0.624389] pnp: PnP ACPI: found 3 devices
[    0.633652] clocksource: acpi_pm: mask: 0xffffff max_cycles: 0xffffff, max_idle_ns: 2085701024 ns
[    0.635865] NET: Registered protocol family 2
[    0.637111] TCP established hash table entries: 8192 (order: 4, 65536 bytes)
[    0.638737] TCP bind hash table entries: 8192 (order: 5, 131072 bytes)
[    0.640218] TCP: Hash tables configured (established 8192 bind 8192)
[    0.641703] UDP hash table entries: 512 (order: 2, 16384 bytes)
[    0.643079] UDP-Lite hash table entries: 512 (order: 2, 16384 bytes)
[    0.644563] NET: Registered protocol family 1
[    0.645698] pci 0000:00:00.0: Limiting direct PCI/PCI transfers
[    0.647153] pci 0000:00:01.0: Activating ISA DMA hang workarounds
[    0.648703] Unpacking initramfs...
[    0.890612] Freeing initrd memory: 14888K
[    0.891854] clocksource: tsc: mask: 0xffffffffffffffff max_cycles: 0x1e71768ef8b, max_idle_ns: 440795218977 ns
[    0.894369] platform rtc_cmos: registered platform RTC device (no PNP device found)
[    0.896402] Scanning for low memory corruption every 60 seconds
[    0.898180] audit: initializing netlink subsys (disabled)
[    0.899545] audit: type=2000 audit(1672245601.102:1): initialized
[    0.901301] Initialise system trusted keyring
[    0.902617] HugeTLB registered 2 MB page size, pre-allocated 0 pages
[    0.905344] zbud: loaded
[    0.906572] VFS: Disk quotas dquot_6.6.0
[    0.907647] VFS: Dquot-cache hash table entries: 512 (order 0, 4096 bytes)
[    0.909447] squashfs: version 4.0 (2009/01/31) Phillip Lougher
[    0.911091] fuse init (API version 7.23)
[    0.912296] Key type big_key registered
[    0.913343] Allocating IMA MOK and blacklist keyrings.
[    0.914847] Key type asymmetric registered
[    0.915959] Asymmetric key parser 'x509' registered
[    0.917248] Block layer SCSI generic (bsg) driver version 0.4 loaded (major 249)
[    0.919277] io scheduler noop registered
[    0.920323] io scheduler deadline registered (default)
[    0.921610] io scheduler cfq registered
[    0.922764] pci_hotplug: PCI Hot Plug PCI Core version: 0.5
[    0.924148] pciehp: PCI Express Hot Plug Controller Driver version: 0.4
[    0.925832] ACPI: AC Adapter [AC] (on-line)
[    0.927019] input: Power Button as /devices/LNXSYSTM:00/LNXPWRBN:00/input/input0
[    0.928967] ACPI: Power Button [PWRF]
[    0.930041] input: Sleep Button as /devices/LNXSYSTM:00/LNXSLPBN:00/input/input1
[    0.931988] ACPI: Sleep Button [SLPF]
[    0.933088] GHES: HEST is not enabled!
[    0.934277] Serial: 8250/16550 driver, 32 ports, IRQ sharing enabled
[    0.956380] 00:02: ttyS0 at I/O 0x3f8 (irq = 4, base_baud = 115200) is a 16550A
[    0.959352] Linux agpgart interface v0.103
[    0.961282] loop: module loaded
[    0.962655] scsi host0: ata_piix
[    0.963635] scsi host1: ata_piix
[    0.964587] ata1: PATA max UDMA/33 cmd 0x1f0 ctl 0x3f6 bmdma 0xd000 irq 14
[    0.966197] ata2: PATA max UDMA/33 cmd 0x170 ctl 0x376 bmdma 0xd008 irq 15
[    0.968225] libphy: Fixed MDIO Bus: probed
[    0.969264] tun: Universal TUN/TAP device driver, 1.6
[    0.970553] tun: (C) 1999-2004 Max Krasnyansky <maxk@qualcomm.com>
[    0.972266] PPP generic driver version 2.4.2
[    0.973367] ehci_hcd: USB 2.0 'Enhanced' Host Controller (EHCI) Driver
[    0.974939] ehci-pci: EHCI PCI platform driver
[    0.976044] ehci-platform: EHCI generic platform driver
[    0.977275] ohci_hcd: USB 1.1 'Open' Host Controller (OHCI) Driver
[    0.978734] ohci-pci: OHCI PCI platform driver
[    0.979838] ohci-platform: OHCI generic platform driver
[    0.981072] uhci_hcd: USB Universal Host Controller Interface driver
[    0.982631] i8042: PNP: PS/2 Controller [PNP0303:PS2K,PNP0f03:PS2M] at 0x60,0x64 irq 1,12
[    0.985190] serio: i8042 KBD port at 0x60,0x64 irq 1
[    0.986507] serio: i8042 AUX port at 0x60,0x64 irq 12
[    0.987788] mousedev: PS/2 mouse device common for all mice
[    0.989353] input: AT Translated Set 2 keyboard as /devices/platform/i8042/serio0/input/input2
[    0.991865] rtc_cmos rtc_cmos: rtc core: registered rtc_cmos as rtc0
[    0.993364] rtc_cmos rtc_cmos: alarms up to one day, 114 bytes nvram
[    0.994933] i2c /dev entries driver
[    0.995895] device-mapper: uevent: version 1.0.3
[    0.997102] device-mapper: ioctl: 4.34.0-ioctl (2015-10-28) initialised: dm-devel@redhat.com
[    0.999267] ledtrig-cpu: registered to indicate activity on CPUs
[    1.001026] NET: Registered protocol family 10
[    1.002343] NET: Registered protocol family 17
[    1.003460] Key type dns_resolver registered
[    1.004711] registered taskstats version 1
[    1.005765] Loading compiled-in X.509 certificates
[    1.007615] Loaded X.509 cert 'Build time autogenerated kernel key: cf00e047681d67edb2720680708b7d9498083038'
[    1.010214] zswap: loaded using pool lzo/zbud
[    1.013855] Key type trusted registered
[    1.017429] Key type encrypted registered
[    1.018571] AppArmor: AppArmor sha1 policy hashing enabled
[    1.019883] ima: No TPM chip found, activating TPM-bypass!
[    1.021206] ima: Allocated hash algorithm: sha1
[    1.022389] evm: HMAC attrs: 0x1
[    1.023559]   Magic number: 2:971:692
[    1.024575] rtc_cmos rtc_cmos: setting system clock to 2022-12-28 16:39:55 UTC (1672245595)
[    1.026744] BIOS EDD facility v0.16 2004-Jun-25, 0 devices found
[    1.028126] EDD information not available.
[    1.151330] Freeing unused kernel memory: 1492K
[    1.153187] Write protecting the kernel read-only data: 14336k
[    1.155727] Freeing unused kernel memory: 1584K
[    1.157483] Freeing unused kernel memory: 52K
Loading, please wait...
starting version 229
[    1.171262] random: udevadm: uninitialized urandom read (16 bytes read, 3 bits of entropy available)
[    1.173528] random: udevadm: uninitialized urandom read (16 bytes read, 3 bits of entropy available)
[    1.176322] random: systemd-udevd: uninitialized urandom read (16 bytes read, 3 bits of entropy available)
[    1.179391] random: systemd-udevd: uninitialized urandom read (16 bytes read, 3 bits of entropy available)
[    1.181849] random: systemd-udevd: uninitialized urandom read (16 bytes read, 3 bits of entropy available)
[    1.185598] random: systemd-udevd: uninitialized urandom read (16 bytes read, 3 bits of entropy available)
[    1.194006] random: systemd-udevd: uninitialized urandom read (16 bytes read, 3 bits of entropy available)
[    1.196374] random: systemd-udevd: uninitialized urandom read (16 bytes read, 3 bits of entropy available)
[    1.200611] random: systemd-udevd: uninitialized urandom read (16 bytes read, 3 bits of entropy available)
[    1.204645] random: udevadm: uninitialized urandom read (16 bytes read, 3 bits of entropy available)
[    1.286404] e1000: Intel(R) PRO/1000 Network Driver - version 7.3.21-k8-NAPI
[    1.288034] e1000: Copyright (c) 1999-2006 Intel Corporation.
[    1.294056] Fusion MPT base driver 3.04.20
[    1.295145] Copyright (c) 1999-2008 LSI Corporation
[    1.314868] Fusion MPT SPI Host driver 3.04.20
[    1.343300] AVX2 version of gcm_enc/dec engaged.
[    1.344522] AES CTR mode by8 optimization enabled
[    1.503700] input: ImExPS/2 Generic Explorer Mouse as /devices/platform/i8042/serio1/input/input4
[    1.715313] e1000 0000:00:03.0 eth0: (PCI:33MHz:32-bit) 02:be:82:6b:cc:1d
[    1.716866] e1000 0000:00:03.0 eth0: Intel(R) PRO/1000 Network Connection
[    1.719139] mptbase: ioc0: Initiating bringup
[    1.790365] ioc0: LSI53C1030 A0: Capabilities={Initiator}
[    1.959970] scsi host2: ioc0: LSI53C1030 A0, FwRev=00000000h, Ports=1, MaxQ=256, IRQ=20
[    2.081505] scsi 2:0:0:0: Direct-Access     VBOX     HARDDISK         1.0  PQ: 0 ANSI: 5
[    2.089143] scsi target2:0:0: Beginning Domain Validation
[    2.097040] scsi target2:0:0: Domain Validation skipping write tests
[    2.099992] scsi target2:0:0: Ending Domain Validation
[    2.102430] scsi target2:0:0: asynchronous
[    2.105010] scsi 2:0:1:0: Direct-Access     VBOX     HARDDISK         1.0  PQ: 0 ANSI: 5
[    2.117231] scsi target2:0:1: Beginning Domain Validation
[    2.168225] scsi target2:0:1: Domain Validation skipping write tests
[    2.169676] scsi target2:0:1: Ending Domain Validation
[    2.179676] scsi target2:0:1: asynchronous
[    2.299837] sd 2:0:0:0: Attached scsi generic sg0 type 0
[    2.301447] sd 2:0:0:0: [sda] 83886080 512-byte logical blocks: (42.9 GB/40.0 GiB)
[    2.316487] sd 2:0:1:0: Attached scsi generic sg1 type 0
[    2.317954] sd 2:0:1:0: [sdb] 20480 512-byte logical blocks: (10.5 MB/10.0 MiB)
[    2.320442] sd 2:0:1:0: [sdb] Write Protect is off
[    2.321895] sd 2:0:1:0: [sdb] Incomplete mode parameter data
[    2.323263] sd 2:0:1:0: [sdb] Assuming drive cache: write through
[    2.345368] sd 2:0:0:0: [sda] Write Protect is off
[    2.351571] sd 2:0:0:0: [sda] Incomplete mode parameter data
[    2.352921] sd 2:0:0:0: [sda] Assuming drive cache: write through
[    2.359631] sd 2:0:1:0: [sdb] Attached SCSI disk
[    2.365530]  sda: sda1
[    2.367163] sd 2:0:0:0: [sda] Attached SCSI disk
[    2.510828] e1000 0000:00:08.0 eth1: (PCI:33MHz:32-bit) 08:00:27:23:6b:eb
[    2.512399] e1000 0000:00:08.0 eth1: Intel(R) PRO/1000 Network Connection
[    2.515224] e1000 0000:00:08.0 enp0s8: renamed from eth1
[    2.518367] e1000 0000:00:03.0 enp0s3: renamed from eth0
Begin: Loading essential drivers ... [    3.938994] md: linear personality registered for level -1
[    3.942829] md: multipath personality registered for level -4
[    3.946632] md: raid0 personality registered for level 0
[    3.951144] md: raid1 personality registered for level 1
[    4.021587] raid6: sse2x1   gen() 10233 MB/s
[    4.089606] raid6: sse2x1   xor()  8680 MB/s
[    4.157603] raid6: sse2x2   gen() 14358 MB/s
[    4.225568] raid6: sse2x2   xor()  9605 MB/s
[    4.293604] raid6: sse2x4   gen() 16072 MB/s
[    4.361601] raid6: sse2x4   xor() 10496 MB/s
[    4.430529] raid6: avx2x1   gen() 20482 MB/s
[    4.497615] raid6: avx2x2   gen() 24182 MB/s
[    4.565604] raid6: avx2x4   gen() 28249 MB/s
[    4.566718] raid6: using algorithm avx2x4 gen() 28249 MB/s
[    4.568047] raid6: using avx2x2 recovery algorithm
[    4.570991] xor: automatically using best checksumming function:
[    4.609600]    avx       : 20873.000 MB/sec
[    4.612141] async_tx: api initialized (async)
[    4.624520] md: raid6 personality registered for level 6
[    4.625845] md: raid5 personality registered for level 5
[    4.627182] md: raid4 personality registered for level 4
[    4.634242] md: raid10 personality registered for level 10
done.
Begin: Running /scripts/init-premount ... done.
Begin: Mounting root file system ... Begin: Running /scripts/local-top ... done.
Begin: Running /scripts/local-premount ... [    4.669269] Btrfs loaded
Scanning for Btrfs filesystems
done.
Warning: fsck not present, so skipping root file system
[    4.714598] EXT4-fs (sda1): mounted filesystem with ordered data mode. Opts: (null)
done.
Begin: Running /scripts/local-bottom ... done.
Begin: Running /scripts/init-bottom ... done.
[    4.931445] systemd[1]: systemd 229 running in system mode. (+PAM +AUDIT +SELINUX +IMA +APPARMOR +SMACK +SYSVINIT +UTMP +LIBCRYPTSETUP +GCRYPT +GNUTLS +ACL +XZ -LZ4 +SECCOMP +BLKID +ELFUTILS +KMOD -IDN)
[    4.935900] systemd[1]: Detected virtualization oracle.
[    4.937316] systemd[1]: Detected architecture x86-64.

Welcome to [1mUbuntu 16.04.7 LTS[0m!

[    4.949506] systemd[1]: Set hostname to <ubuntu>.
[    4.961277] systemd[1]: Initializing machine ID from random generator.
[    4.962762] systemd[1]: Installed transient /etc/machine-id file.
[    5.202710] systemd[1]: Started Forward Password Requests to Wall Directory Watch.
[[0;32m  OK  [0m] Started Forward Password Requests to Wall Directory Watch.
[    5.210054] systemd[1]: Reached target Swap.
[[0;32m  OK  [0m] Reached target Swap.
[    5.218725] systemd[1]: Listening on Journal Socket.
[[0;32m  OK  [0m] Listening on Journal Socket.
[    5.226016] systemd[1]: Reached target User and Group Name Lookups.
[[0;32m  OK  [0m] Reached target User and Group Name Lookups.
[    5.233997] systemd[1]: Listening on Journal Socket (/dev/log).
[[0;32m  OK  [0m] Listening on Journal Socket (/dev/log).
[    5.242324] systemd[1]: Created slice System Slice.
[[0;32m  OK  [0m] Created slice System Slice.
[    5.247838] systemd[1]: Starting Load Kernel Modules...
         Starting Load Kernel Modules...
[    5.258281] systemd[1]: Created slice system-serial\x2dgetty.slice.
[[0;32m  OK  [0m] Created slice system-serial\x2dgetty.slice.
[    5.261750] systemd[1]: Starting Set console keymap...
         Starting Set console keymap...
[    5.264863] systemd[1]: Mounting Huge Pages File System...
[    5.268715] Loading iSCSI transport class v2.0-870.
         Mounting Huge Pages File System...
[    5.271496] systemd[1]: Listening on udev Kernel Socket.
[[0;32m  OK  [0m] Listening on udev Kernel Socket.
[    5.278883] systemd[1]: Mounting POSIX Message Queue File System...
         Mounting POSIX Message Queue File System...
[    5.285723] systemd[1]: Reached target System Time Synchronized.
[[0;32m  OK  [0m] Reached target System Time Synchronized.
[    5.290743] systemd[1]: Starting Nameserver information manager...
         Starting Nameserver information manager...
[    5.294974] iscsi: registered transport (tcp)
[    5.297487] systemd[1]: Listening on LVM2 metadata daemon socket.
[[0;32m  OK  [0m] Listening on LVM2 metadata daemon socket.
[    5.301743] systemd[1]: Mounting Debug File System...
         Mounting Debug File System...
[    5.305770] systemd[1]: Listening on udev Control Socket.
[[0;32m  OK  [0m] Listening on udev Control Socket.
[    5.309757] systemd[1]: Listening on fsck to fsckd communication Socket.
[[0;32m  OK  [0m] Listening on fsck to fsckd communication Socket.
[    5.314296] systemd[1]: Starting File System Check on Root Device...
         Starting File System Check on Root Device...
[    5.322419] systemd[1]: Started Trigger resolvconf update for networkd DNS.
[[0;32m  OK  [0m] Started Trigger resolvconf update for networkd DNS.
[    5.325356] systemd[1]: Listening on /dev/initctl Compatibility Named Pipe.
[[0;32m  OK  [0m] Listening on /dev/initctl Compatibility Named Pipe.
[    5.330731] systemd[1]: Starting Uncomplicated firewall...
         Starting Uncomplicated firewall...
[    5.335347] systemd[1]: Listening on Journal Audit Socket.
[[0;32m  OK  [0m] Listening on Journal Audit Socket.
[    5.339708] systemd[1]: Set up automount Arbitrary Executable File Formats File System Automount Point.
[[0;32m  OK  [0m] Set up automount Arbitrary Executab...ats File System Automount Point.
[    5.347176] systemd[1]: Starting Create list of required static device nodes for the current kernel...
         Starting Create list of required st... nodes for the current kernel...
[    5.361791] systemd[1]: Listening on LVM2 poll daemon socket.
[[0;32m  OK  [0m] Listening on LVM2 poll daemon socket.
[    5.369993] systemd[1]: Created slice User and Session Slice.
[[0;32m  OK  [0m] Created slice User and Session Slice.
[    5.373742] systemd[1]: Reached target Slices.
[[0;32m  OK  [0m] Reached target Slices.
[    5.382785] systemd[1]: Reached target Encrypted Volumes.
[[0;32m  OK  [0m] Reached target Encrypted Volumes.
[    5.384911] systemd[1]: Listening on Device-mapper event daemon FIFOs.
[    5.387983] iscsi: registered transport (iser)
[[0;32m  OK  [0m] Listening on Device-mapper event daemon FIFOs.
[    5.398244] systemd[1]: Starting Monitoring of LVM2 mirrors, snapshots etc. using dmeventd or progress polling...
         Starting Monitoring of LVM2 mirrors... dmeventd or progress polling...
[    5.403926] systemd[1]: Listening on Syslog Socket.
[[0;32m  OK  [0m] Listening on Syslog Socket.
[    5.408204] systemd[1]: Starting Journal Service...
         Starting Journal Service...
[    5.415638] systemd[1]: Mounted Huge Pages File System.
[[0;32m  OK  [0m] Mounted Huge Pages File System.
[    5.417641] systemd[1]: Mounted POSIX Message Queue File System.
[[0;32m  OK  [0m] Mounted POSIX Message Queue File System.
[    5.422274] systemd[1]: Mounted Debug File System.
[[0;32m  OK  [0m] Mounted Debug File System.
[    5.426662] systemd[1]: Started Load Kernel Modules.
[[0;32m  OK  [0m] Started Load Kernel Modules.
[    5.433806] systemd[1]: Started File System Check on Root Device.
[[0;32m  OK  [0m] Started File System Check on Root Device.
[    5.438105] systemd[1]: Started Uncomplicated firewall.
[[0;32m  OK  [0m] Started Uncomplicated firewall.
[    5.443813] systemd[1]: Started Create list of required static device nodes for the current kernel.
[[0;32m  OK  [0m] Started Create list of required sta...ce nodes for the current kernel.
[    5.458840] systemd[1]: Started Nameserver information manager.
[[0;32m  OK  [0m] Started Nameserver information manager.
[    5.466857] systemd[1]: Started LVM2 metadata daemon.
[[0;32m  OK  [0m] Started LVM2 metadata daemon.
[    5.473235] systemd[1]: Started File System Check Daemon to report status.
[[0;32m  OK  [0m] Started File System Check Daemon to report status.
[    5.479443] systemd[1]: Starting Create Static Device Nodes in /dev...
         Starting Create Static Device Nodes in /dev...
[    5.486031] systemd[1]: Starting Remount Root and Kernel File Systems...
         Starting Remount Root and Kernel File Systems...
[    5.493116] systemd[1]: Starting Apply Kernel Variables...
         Starting Apply Kernel Variables...
[    5.499923] systemd[1]: Mounting FUSE Control File System...
         Mounting FUSE Control File System...
[    5.502091] EXT4-fs (sda1): re-mounted. Opts: (null)
[    5.508114] systemd[1]: Mounted FUSE Control File System.
[[0;32m  OK  [0m] Mounted FUSE Control File System.
[    5.514167] systemd[1]: Started Remount Root and Kernel File Systems.
[[0;32m  OK  [0m] Started Remount Root and Kernel File Systems.
[    5.520683] systemd[1]: Starting Load/Save Random Seed...
         Starting Load/Save Random Seed...
         Starting udev Coldplug all Devices...
[[0;32m  OK  [0m] Started Set console keymap.
[[0;32m  OK  [0m] Started Apply Kernel Variables.
[[0;32m  OK  [0m] Started Load/Save Random Seed.
[[0;32m  OK  [0m] Started Journal Service.
         Starting Flush Journal to Persistent Storage...
[[0;32m  OK  [0m] Started Create Static Device Nodes in /dev.
         Starting udev Kernel Device Manager...
[[0;32m  OK  [0m] Started Flush Journal to Persistent Storage.
[[0;32m  OK  [0m] Started Monitoring of LVM2 mirrors,...ng dmeventd or progress polling.
[[0;32m  OK  [0m] Reached target Local File Systems (Pre).
[[0;32m  OK  [0m] Reached target Local File Systems.
         Starting LSB: AppArmor initialization...
         Starting Set console font and keymap...
         Starting Initial cloud-init job (pre-networking)...
         Starting Commit a transient machine-id on disk...
         Starting Tell Plymouth To Write Out Runtime Data...
         Starting Create Volatile Files and Directories...
[[0;32m  OK  [0m] Started udev Kernel Device Manager.
[[0;32m  OK  [0m] Started Commit a transient machine-id on disk.
[[0;32m  OK  [0m] Started Tell Plymouth To Write Out Runtime Data.
[[0;32m  OK  [0m] Started Create Volatile Files and Directories.
         Starting Update UTMP about System Boot/Shutdown...
[[0;32m  OK  [0m] Started Update UTMP about System Boot/Shutdown.
[[0;32m  OK  [0m] Started udev Coldplug all Devices.
[[0;32m  OK  [0m] Started Dispatch Password Requests to Console Directory Watch.
[[0;32m  OK  [0m] Found device /dev/ttyS0.
[[0;32m  OK  [0m] Listening on Load/Save RF Kill Switch Status /dev/rfkill Watch.
[[0;32m  OK  [0m] Started Set console font and keymap.
[[0;32m  OK  [0m] Created slice system-getty.slice.
[    8.201944] cloud-init[492]: Cloud-init v. 21.1-19-gbad84ad4-0ubuntu1~16.04.2 running 'init-local' at Wed, 28 Dec 2022 16:40:02 +0000. Up 7.35 seconds.
[[0;32m  OK  [0m] Started Initial cloud-init job (pre-networking).
[[0;32m  OK  [0m] Reached target Network (Pre).
[[0;32m  OK  [0m] Started LSB: AppArmor initialization.
         Starting Raise network interfaces...
         Starting Load AppArmor profiles managed internally by snapd...
[[0;32m  OK  [0m] Started Load AppArmor profiles managed internally by snapd.
[[0;32m  OK  [0m] Started Raise network interfaces.
         Starting Initial cloud-init job (metadata service crawler)...
[[0;32m  OK  [0m] Reached target Network.
[   11.060501] cloud-init[964]: Cloud-init v. 21.1-19-gbad84ad4-0ubuntu1~16.04.2 running 'init' at Wed, 28 Dec 2022 16:40:05 +0000. Up 10.30 seconds.
[   11.068510] cloud-init[964]: ci-info: ++++++++++++++++++++++++++++++++++++++Net device info+++++++++++++++++++++++++++++++++++++++
[   11.076356] cloud-init[964]: ci-info: +--------+-------+----------------------------+---------------+--------+-------------------+
[   11.077676] cloud-init[964]: ci-info: | Device |   Up  |          Address           |      Mask     | Scope  |     Hw-Address    |
[   11.084378] cloud-init[964]: ci-info: +--------+-------+----------------------------+---------------+--------+-------------------+
[   11.086033] cloud-init[964]: ci-info: | enp0s3 |  True |         10.0.2.15          | 255.255.255.0 | global | 02:be:82:6b:cc:1d |
[   11.088400] cloud-init[964]: ci-info: | enp0s3 |  True | fe80::be:82ff:fe6b:cc1d/64 |       .       |  link  | 02:be:82:6b:cc:1d |
[   11.092271] cloud-init[964]: ci-info: | enp0s8 | False |             .              |       .       |   .    | 08:00:27:23:6b:eb |
[   11.096390] cloud-init[964]: ci-info: |   lo   |  True |         127.0.0.1          |   255.0.0.0   |  host  |         .         |
[   11.104403] cloud-init[964]: ci-info: |   lo   |  True |          ::1/128           |       .       |  host  |         .         |
[   11.112407] cloud-init[964]: ci-info: +--------+-------+----------------------------+---------------+--------+-------------------+
[   11.120377] cloud-init[964]: ci-info: +++++++++++++++++++++++++++Route IPv4 info++++++++++++++++++++++++++++
[   11.129093] cloud-init[964]: ci-info: +-------+-------------+----------+---------------+-----------+-------+
[[0;32m  OK  [0m] Started Initial cloud-init job (metadata service crawler).
[[0;32m  OK  [0m] Reached target Network is Online.
         Starting iSCSI initiator daemon (iscsid)...
[[0;32m  OK  [0m] Reached target System Initialization.
         Starting Socket activation for snappy daemon.
[[0;32m  OK  [0m] Started Daily apt download activities.[   11.138896] cloud-init[964]: ci-info: | Route | Destination | Gateway  |    Genmask    | Interface | Flags |
[   11.157789] cloud-init[964]: ci-info: +-------+-------------+----------+---------------+-----------+-------+
[   11.159156] cloud-init[964]: ci-info: |   0   |   0.0.0.0   | 10.0.2.2 |    0.0.0.0    |   enp0s3  |   UG  |

[[0;32m  OK  [0m] Listening on UUID daemon activation socket.
[[0;32m  OK  [0m] Started Ubuntu Advantage update messaging.
[   11.163640] cloud-init[964]: ci-info: |   1   |   10.0.2.0  | 0.0.0.0  | 255.255.255.0 |   enp0s3  |   U   |[[0;32m  OK  [0m] Started ACPI Events Check.
[[0;32m  OK  [0m] Reached target Paths.
[   11.169185] cloud-init[964]: ci-info: +-------+-------------+----------+---------------+-----------+-------+
[   11.170636] cloud-init[964]: ci-info: +++++++++++++++++++Route IPv6 info+++++++++++++++++++
[   11.171907] 
[[0;32m  OK  [0m] Listening on ACPID Listen Socket.
         Starting LXD - unix socket.
[[0;32m  OK  [0m] Listening on D-Bus System Message Bus Socket.
[[0;32m  OK  [0m] Started Daily apt upgrade and clean activities.
[[0;32m  OK  [0m] Started Daily Cleanup of Temporary Directories.
[[0;32m  OK  [0m] Started Message of the Day.
[[0;32m  OK  [0m] Reached target Timers.
[cloud-init[964]: ci-info: +-------+-------------+---------+-----------+-------+
[   11.180612] cloud-init[964]: ci-info: | Route | Destination | Gateway | Interface | Flags |
[   11.181509] cloud-init[964]: ci-info: +-------+-------------+---------+-----------+-------+
[   11.181967] cloud-init[964]: ci-info: |   0   |  fe80::/64  |    ::   |   enp0s3  |   U   |
[   11.182845] cloud-init[964]: ci-info: |   3   |   ff00::/8  |    ::   |   enp0s3  |   U   |
[   11.183336] cloud-init[964]: ci-info: +-------+-------------+---------+-----------+-------+
[0;32m  OK  [0m] Reached target Cloud-config availability.
[   11.184263] cloud-init[964]: Generating public/private rsa key pair.
[   11.194976] cloud-init[964]: Your identification has been saved in /etc/ssh/ssh_host_rsa_key.
[   11.195919] cloud-init[964]: Your public key has been saved in /etc/ssh/ssh_host_rsa_key.pub.
[   11.197571] cloud-init[964]: The key fingerprint is:
[[0;32m  OK  [0m] Listening on Socket activation for snappy daemon.
[[0;32m  OK  [0m] Listening on LXD - unix socket.
[   11.200174] cloud-init[964]: SHA256:jU+IfTeH+GgFyZpmV9zGcuqoymfBxXij6FPu51k/Ryg root@ubuntu-xenial[[0;32m  OK  [0m] Reached target Sockets.
[[0;32m  OK  [0m] Reached target Basic System.
         Starting Virtualbox guest utils...

[   11.209417] cloud-init[964]: The key's randomart image is:
[   11.210992] cloud-init[964]: +---[RSA 2048]----+
[   11.212666]          Starting System Logging Service...
[[0;32m  OK  [0m] Started D-Bus System Message Bus.
cloud-init[964]: |                 |
[   11.224961] cloud-init[964]: |         . o o   |
[   11.225801] cloud-init[964]: |         o+ + =  |
[   11.227027] cloud-init[964]: |       o.*=+ *   |
[   11.228202] cloud-init[964]: |      .oS+*.* .. |
[   11.229015] cloud-init[964]: |      .o== BEo. .|
[   11.229703] cloud-init[964]: |     . o .= +. . |
[   11.231251] cloud-init[964]: |     .o +o.o .. .|
[   11.232643] cloud-init[964]: |      o*ooo   .o |
[   11.234099] cloud-init[964]: +----[SHA256]-----+
[   11.236366] cloud-init[964]: Generating public/private dsa key pair.
[   11.239666] cloud-init[964]: Your identification has been saved in /etc/ssh/ssh_host_dsa_key.
[   11.242391] cloud-init[964]: Your public key has been saved in /etc/ssh/ssh_host_dsa_key.pub.
[   11.245028] cloud-init[964]: The key fingerprint is:
[   11.250532] cloud-init[964]: SHA256:c9w8YHkb+WJX3DFClH6bCClqm9RFlt5PFu/7yui290I root@ubuntu-xenial
[   11.253996] cloud-init[964]: The key's randomart image is:
[   11.260495] cloud-init[964]: +---[DSA 1024]----+
[   11.261580] cloud-init[964]: |            ++.o |
[   11.263313] cloud-init[964]: |           = o.o+|
[   11.264399] cloud-init[964]: |          B B   *|         Starting Accounts Service...
         Starting /etc/rc.local Compatibility...
[[0;32m  OK  [0m] Started FUSE filesystem for LXC.
         Starting LSB: Record successful boot for GRUB...

[   11.271827] cloud-init[964]: |         + X * =.|
[   11.273617] cloud-init[964]: |        S = O O.o|
[   11.277161] cloud-init[964]: |       + + . =E+.|         Starting Snap Daemon...
         Starting LXD - container startup/shutdown...
[[0;32m  OK  [0m] Started ACPI event daemon.

[[0;32m  OK  [0m] Started Regular background program processing daemon.
[   11.316250] cloud-init         Starting Pollinate to seed the pseudo random number generator...
         Starting Login Service...
         Starting LSB: MD monitoring daemon...
[[0;32m  OK  [0m] Started Deferred execution scheduler.
[[0;32m  OK  [0m] Started System Logging Service.
[[0;32m  OK  [0m] Started iSCSI initiator daemon (iscsid).
[[0;32m  OK  [0m] Started /etc/rc.local Compatibility.
         Starting Login to default iSCSI targets...
[964]: |      o o    .  .|
[   11.415207] cloud-init[964]: |       o    .oo. |
[   11.419936] cloud-init[964]: |           o+oo++|
[   11.425266] cloud-init[964]: +----[SHA256]-----+
[   11.431599] cloud-init[964]: Generating public/private ecdsa key pair.
[[0;32m  OK  [0m] Started Login Service.
[[0;32m  OK  [0m] Started Unattended Upgrades Shutdown.
[[0;32m  OK  [0m] Started Login to default iSCSI targets.
[[0;32m  OK  [0m] Reached target Remote File Systems (Pre).
[[0;32m  OK  [0m] Reached target Remote File Systems.
         Starting LSB: automatic crash report generation...
         Starting LSB: Set the CPU Frequency Scaling governor to "ondemand"...
         Starting LSB: daemon to balance interrupts for SMP systems...
         Starting Permit User Sessions...
[[0;32m  OK  [0m] Started Permit User Sessions.
         Starting Hold until boot process finishes up...
         Starting Terminate Plymouth Boot Screen...
[[0;32m  OK  [0m] Started Hold until boot process finishes up.
[[0;32m  OK  [0m] Started Getty on tty1.
         Starting Set console scheme...
[[0;32m  OK  [0m] Started Serial Getty on ttyS0.
[   11.557937] [[0;32m  OK  [0m] Reached target Login Prompts.
[[0;32m  OK  [0m] Started Terminate Plymouth Boot Screen.
[[0;32m  OK  [0m] Started Set console scheme.
cloud-init[964]: Your identification has been saved in /etc/ssh/ssh_host_ecdsa_key.
[   11.598141] cloud-init[964]: Your public key has been saved in /etc/ssh/ssh_host_ecdsa_key.pub.[[0;32m  OK  [0m] Started LSB: Record successful boot for GRUB.

[   11.620139] cloud-init[964]: The key fingerprint is:
[   11.624218] cloud-init[964]: SHA256:6BmF+vHo8j4ULn0JCtZfr3g+Nb6SM/oXFTuQgW2FU8U root@ubuntu-xenial
[   11.629032] cloud-init[964]: The key's randomart image is:
[   11.632191] cloud-init[964]: +---[ECDSA 256]---+
         Starting Authenticate and Authorize Users to Run Privileged Tasks...
[   11.654289] cloud-init[964]: |         o.*oo.  |
[   11.676687] cloud-init[964]: |       .. B . E  |
[[0;32m  OK  [0m] Started LSB: Set the CPU Frequency Scaling governor to "ondemand".
[   11.684461] cloud-init[964]: |   .  . .. o o   |
[   11.688202] cloud-init[964]: |  o ..oo.   +    |
[[0;32m  OK  [0m] Started LSB: automatic crash report generation.
[[0;32m  OK  [0m] Started LSB: daemon to balance interrupts for SMP systems.
[[0;32m  OK  [0m] Started LSB: MD monitoring daemon.
[   11.712385] cloud-init[964]: | . ..=++So . .   |
[   11.718823] cloud-init[964]: |    oo=*o =      |
[   11.725865] cloud-init[964]: |     o=o.= o     |
[   11.732289] cloud-init[964]: |    ..o O o      |
[   11.749483] cloud-init[964]: |     +=*o*..     |
[   11.753058] cloud-init[964]: +----[SHA256]-----+
[   11.760193] cloud-init[964]: Generating public/private ed25519 key pair.
[   11.762354] cloud-init[964]: Your identification has been saved in /etc/ssh/ssh_host_ed25519_key.
[   11.766678] cloud-init[[0;32m  OK  [0m] Started Authenticate and Authorize Users to Run Privileged Tasks.
[[0;32m  OK  [0m] Started Accounts Service.
[964]: Your public key has been saved in /etc/ssh/ssh_host_ed25519_key.pub.
[   11.783821] cloud-init[964]: The key fingerprint is:
[   11.787839] cloud-init[964]: SHA256:cEndCyd4BXrnaM4oXYs3p+YzjHJPv9opE/keWw98IKo root@ubuntu-xenial
[   11.791552] cloud-init[964]: The key's randomart image is:
[   11.796367] cloud-init[964]: +--[ED25519 256]--+
[   11.802511] cloud-init[964]: |        .o.+.    |
[   11.805029] cloud-init[964]: |       ..o= o    |
[[0;32m  OK  [0m] Started Virtualbox guest utils.
[   11.811426] cloud-init[964]: |      . +..+..   |
[   11.826014] cloud-init[964]: |       o . +.    |
[   11.833439] cloud-init[964]: |        S +.o .  |
[   11.837025] cloud-init[964]: |       . Boo o . |
[   11.839016] cloud-init[964]: |      . +oOoo + .|
[   11.845138] cloud-init[964]: |      ..o+B*.= + |
[   11.847761] cloud-init[964]: |       oE+=BB.  .|
[   11.851773] cloud-init[964]: +----[SHA256]-----+
[[0;32m  OK  [0m] Started LXD - container startup/shutdown.
[[0;32m  OK  [0m] Started Snap Daemon.
         Starting Wait until snapd is fully seeded...
[[0;32m  OK  [0m] Started Wait until snapd is fully seeded.
         Starting Apply the settings specified in cloud-config...
[[0;32m  OK  [0m] Started Pollinate to seed the pseudo random number generator.
         Starting OpenBSD Secure Shell server...
[[0;32m  OK  [0m] Started OpenBSD Secure Shell server.
[[0;32m  OK  [0m] Reached target Multi-User System.
[[0;32m  OK  [0m] Reached target Graphical Interface.
         Starting Update UTMP about System Runlevel Changes...
[[0;32m  OK  [0m] Started Update UTMP about System Runlevel Changes.
[[0;32m  OK  [0m] Created slice User Slice of vagrant.
         Starting User Manager for UID 1000...
[[0;32m  OK  [0m] Started Session 1 of user vagrant.
[[0;32m  OK  [0m] Started User Manager for UID 1000.
[   14.139918] cloud-init[1304]: Generating locales (this might take a while)...
[   16.315326] cloud-init[1304]:   en_US.UTF-8... done
[   16.319293] cloud-init[1304]: Generation complete.
[   16.925129] cloud-init[1304]: Cloud-init v. 21.1-19-gbad84ad4-0ubuntu1~16.04.2 running 'modules:config' at Wed, 28 Dec 2022 16:40:08 +0000. Up 13.83 seconds.

Ubuntu 16.04.7 LTS ubuntu-xenial ttyS0

ubuntu-xenial login: ci-info: no authorized SSH keys fingerprints found for user ubuntu.
<14>Dec 28 16:40:12 ec2: 
<14>Dec 28 16:40:12 ec2: #############################################################
<14>Dec 28 16:40:12 ec2: -----BEGIN SSH HOST KEY FINGERPRINTS-----
<14>Dec 28 16:40:12 ec2: 1024 SHA256:c9w8YHkb+WJX3DFClH6bCClqm9RFlt5PFu/7yui290I root@ubuntu-xenial (DSA)
<14>Dec 28 16:40:12 ec2: 256 SHA256:6BmF+vHo8j4ULn0JCtZfr3g+Nb6SM/oXFTuQgW2FU8U root@ubuntu-xenial (ECDSA)
<14>Dec 28 16:40:12 ec2: 256 SHA256:cEndCyd4BXrnaM4oXYs3p+YzjHJPv9opE/keWw98IKo root@ubuntu-xenial (ED25519)
<14>Dec 28 16:40:12 ec2: 2048 SHA256:jU+IfTeH+GgFyZpmV9zGcuqoymfBxXij6FPu51k/Ryg root@ubuntu-xenial (RSA)
<14>Dec 28 16:40:12 ec2: -----END SSH HOST KEY FINGERPRINTS-----
<14>Dec 28 16:40:12 ec2: #############################################################
-----BEGIN SSH HOST KEY KEYS-----
ecdsa-sha2-nistp256 AAAAE2VjZHNhLXNoYTItbmlzdHAyNTYAAAAIbmlzdHAyNTYAAABBBDtRDz4dzWlRcT6tZJAlBmMf9mejjo76WQMEelQSzmUhNERjbor3ACP4Xg9ygsmJSH4Dbtg5cu/mvk0OaNfzvj8= root@ubuntu-xenial
ssh-ed25519 AAAAC3NzaC1lZDI1NTE5AAAAIJOCmDnuaHmDhYkOudo4RUHv1A1gDK8pdL+2TP9457qi root@ubuntu-xenial
ssh-rsa AAAAB3NzaC1yc2EAAAADAQABAAABAQCn3iAiQqSor9MQEzesvzFXkqFtZwb1b0IvS3ETD/xVdqs1fMrn/1JSwIjVphSoGIBaeGyjTQ85V5QwfTNWDd9zzaCDWvCckArqegthR5KFe48lSgKWprVhZSrIIvjLUxBjxIcoXo1c3H07thxr8ixr5yFDWi3KnYPPgF6/SbcLoI5h4Hs8bJxVK6kNPwNDPUzXJFhrR5Qy4dLdwa+u5UAFyk7f7h2wBcm1Mt3xZGKndQo5p0Zuaz+a+ant6NQpeNFSco2nuZO9cpVp4tid6sYSa1qZFwdjVRuYibQadp5xI15Ae0XX1DHxEuqOx0TkSfzANpNDoY1WoI49KfAY+e6r root@ubuntu-xenial
-----END SSH HOST KEY KEYS-----
[   17.765763] cloud-init[1545]: Cloud-init v. 21.1-19-gbad84ad4-0ubuntu1~16.04.2 running 'modules:final' at Wed, 28 Dec 2022 16:40:12 +0000. Up 17.53 seconds.
[   17.766570] cloud-init[1545]: ci-info: no authorized SSH keys fingerprints found for user ubuntu.
[   17.767942] cloud-init[1545]: Cloud-init v. 21.1-19-gbad84ad4-0ubuntu1~16.04.2 finished at Wed, 28 Dec 2022 16:40:12 +0000. Datasource DataSourceNoCloud [seed=/dev/sdb][dsmode=net].  Up 17.75 seconds
