[    0.000000] Initializing cgroup subsys cpuset
[    0.000000] Initializing cgroup subsys cpu
[    0.000000] Initializing cgroup subsys cpuacct
[    0.000000] Linux version 4.4.0-210-generic (buildd@lgw01-amd64-009) (gcc version 5.4.0 20160609 (Ubuntu 5.4.0-6ubuntu1~16.04.12) ) #242-Ubuntu SMP Fri Apr 16 09:57:56 UTC 2021 (Ubuntu 4.4.0-210.242-generic 4.4.262)
[    0.000000] Command line: BOOT_IMAGE=/boot/vmlinuz-4.4.0-210-generic root=LABEL=cloudimg-rootfs ro console=tty1 console=ttyS0
[    0.000000] KERNEL supported cpus:
[    0.000000]   Intel GenuineIntel
[    0.000000]   AMD AuthenticAMD
[    0.000000]   Centaur CentaurHauls
[    0.000000] x86/fpu: xstate_offset[2]:  576, xstate_sizes[2]:  256
[    0.000000] x86/fpu: Supporting XSAVE feature 0x01: 'x87 floating point registers'
[    0.000000] x86/fpu: Supporting XSAVE feature 0x02: 'SSE registers'
[    0.000000] x86/fpu: Supporting XSAVE feature 0x04: 'AVX registers'
[    0.000000] x86/fpu: Enabled xstate features 0x7, context size is 832 bytes, using 'standard' format.
[    0.000000] e820: BIOS-provided physical RAM map:
[    0.000000] BIOS-e820: [mem 0x0000000000000000-0x000000000009fbff] usable
[    0.000000] BIOS-e820: [mem 0x000000000009fc00-0x000000000009ffff] reserved
[    0.000000] BIOS-e820: [mem 0x00000000000f0000-0x00000000000fffff] reserved
[    0.000000] BIOS-e820: [mem 0x0000000000100000-0x000000003ffeffff] usable
[    0.000000] BIOS-e820: [mem 0x000000003fff0000-0x000000003fffffff] ACPI data
[    0.000000] BIOS-e820: [mem 0x00000000fec00000-0x00000000fec00fff] reserved
[    0.000000] BIOS-e820: [mem 0x00000000fee00000-0x00000000fee00fff] reserved
[    0.000000] BIOS-e820: [mem 0x00000000fffc0000-0x00000000ffffffff] reserved
[    0.000000] NX (Execute Disable) protection: active
[    0.000000] SMBIOS 2.5 present.
[    0.000000] Hypervisor detected: KVM
[    0.000000] e820: last_pfn = 0x3fff0 max_arch_pfn = 0x400000000
[    0.000000] MTRR: Disabled
[    0.000000] x86/PAT: MTRRs disabled, skipping PAT initialization too.
[    0.000000] CPU MTRRs all blank - virtualized system.
[    0.000000] x86/PAT: Configuration [0-7]: WB  WT  UC- UC  WB  WT  UC- UC  
[    0.000000] found SMP MP-table at [mem 0x0009fff0-0x0009ffff] mapped at [ffff88000009fff0]
[    0.000000] Scanning 1 areas for low memory corruption
[    0.000000] RAMDISK: [mem 0x362dc000-0x37165fff]
[    0.000000] ACPI: Early table checksum verification disabled
[    0.000000] ACPI: RSDP 0x00000000000E0000 000024 (v02 VBOX  )
[    0.000000] ACPI: XSDT 0x000000003FFF0030 00003C (v01 VBOX   VBOXXSDT 00000001 ASL  00000061)
[    0.000000] ACPI: FACP 0x000000003FFF00F0 0000F4 (v04 VBOX   VBOXFACP 00000001 ASL  00000061)
[    0.000000] ACPI: DSDT 0x000000003FFF0610 002353 (v02 VBOX   VBOXBIOS 00000002 INTL 20100528)
[    0.000000] ACPI: FACS 0x000000003FFF0200 000040
[    0.000000] ACPI: FACS 0x000000003FFF0200 000040
[    0.000000] ACPI: APIC 0x000000003FFF0240 000054 (v02 VBOX   VBOXAPIC 00000001 ASL  00000061)
[    0.000000] ACPI: SSDT 0x000000003FFF02A0 00036C (v01 VBOX   VBOXCPUT 00000002 INTL 20100528)
[    0.000000] No NUMA configuration found
[    0.000000] Faking a node at [mem 0x0000000000000000-0x000000003ffeffff]
[    0.000000] NODE_DATA(0) allocated [mem 0x3ffeb000-0x3ffeffff]
[    0.000000] kvm-clock: Using msrs 4b564d01 and 4b564d00
[    0.000000] kvm-clock: cpu 0, msr 0:3ffe3001, primary cpu clock
[    0.000000] kvm-clock: using sched offset of 3534928888 cycles
[    0.000000] clocksource: kvm-clock: mask: 0xffffffffffffffff max_cycles: 0x1cd42e4dffb, max_idle_ns: 881590591483 ns
[    0.000000] Zone ranges:
[    0.000000]   DMA      [mem 0x0000000000001000-0x0000000000ffffff]
[    0.000000]   DMA32    [mem 0x0000000001000000-0x000000003ffeffff]
[    0.000000]   Normal   empty
[    0.000000]   Device   empty
[    0.000000] Movable zone start for each node
[    0.000000] Early memory node ranges
[    0.000000]   node   0: [mem 0x0000000000001000-0x000000000009efff]
[    0.000000]   node   0: [mem 0x0000000000100000-0x000000003ffeffff]
[    0.000000] Initmem setup node 0 [mem 0x0000000000001000-0x000000003ffeffff]
[    0.000000] ACPI: PM-Timer IO Port: 0x4008
[    0.000000] IOAPIC[0]: apic_id 1, version 32, address 0xfec00000, GSI 0-23
[    0.000000] ACPI: INT_SRC_OVR (bus 0 bus_irq 0 global_irq 2 dfl dfl)
[    0.000000] ACPI: INT_SRC_OVR (bus 0 bus_irq 9 global_irq 9 low level)
[    0.000000] Using ACPI (MADT) for SMP configuration information
[    0.000000] smpboot: Allowing 1 CPUs, 0 hotplug CPUs
[    0.000000] PM: Registered nosave memory: [mem 0x00000000-0x00000fff]
[    0.000000] PM: Registered nosave memory: [mem 0x0009f000-0x0009ffff]
[    0.000000] PM: Registered nosave memory: [mem 0x000a0000-0x000effff]
[    0.000000] PM: Registered nosave memory: [mem 0x000f0000-0x000fffff]
[    0.000000] e820: [mem 0x40000000-0xfebfffff] available for PCI devices
[    0.000000] Booting paravirtualized kernel on KVM
[    0.000000] clocksource: refined-jiffies: mask: 0xffffffff max_cycles: 0xffffffff, max_idle_ns: 7645519600211568 ns
[    0.000000] setup_percpu: NR_CPUS:512 nr_cpumask_bits:512 nr_cpu_ids:1 nr_node_ids:1
[    0.000000] PERCPU: Embedded 33 pages/cpu @ffff88003fc00000 s95192 r8192 d31784 u2097152
[    0.000000] Built 1 zonelists in Node order, mobility grouping on.  Total pages: 257912
[    0.000000] Policy zone: DMA32
[    0.000000] Kernel command line: BOOT_IMAGE=/boot/vmlinuz-4.4.0-210-generic root=LABEL=cloudimg-rootfs ro console=tty1 console=ttyS0
[    0.000000] PID hash table entries: 4096 (order: 3, 32768 bytes)
[    0.000000] Memory: 997924K/1048120K available (8644K kernel code, 1332K rwdata, 4044K rodata, 1492K init, 1164K bss, 50196K reserved, 0K cma-reserved)
[    0.000000] SLUB: HWalign=64, Order=0-3, MinObjects=0, CPUs=1, Nodes=1
[    0.000000] Kernel/User page tables isolation: enabled
[    0.000000] Hierarchical RCU implementation.
[    0.000000] 	Build-time adjustment of leaf fanout to 64.
[    0.000000] 	RCU restricting CPUs from NR_CPUS=512 to nr_cpu_ids=1.
[    0.000000] RCU: Adjusting geometry for rcu_fanout_leaf=64, nr_cpu_ids=1
[    0.000000] NR_IRQS:33024 nr_irqs:256 16
[    0.000000] Console: colour VGA+ 80x25
[    0.000000] console [tty1] enabled
[    0.000000] console [ttyS0] enabled
[    0.000000] tsc: Detected 2111.998 MHz processor
[    0.191407] Calibrating delay loop (skipped) preset value.. 4223.99 BogoMIPS (lpj=8447992)
[    0.193867] pid_max: default: 32768 minimum: 301
[    0.195153] ACPI: Core revision 20150930
[    0.198703] ACPI: 2 ACPI AML tables successfully acquired and loaded
[    0.200431] Security Framework initialized
[    0.201628] Yama: becoming mindful.
[    0.202628] AppArmor: AppArmor initialized
[    0.204165] Dentry cache hash table entries: 131072 (order: 8, 1048576 bytes)
[    0.209128] Inode-cache hash table entries: 65536 (order: 7, 524288 bytes)
[    0.211032] Mount-cache hash table entries: 2048 (order: 2, 16384 bytes)
[    0.212491] Mountpoint-cache hash table entries: 2048 (order: 2, 16384 bytes)
[    0.214213] Initializing cgroup subsys io
[    0.215212] Initializing cgroup subsys memory
[    0.216269] Initializing cgroup subsys devices
[    0.217334] Initializing cgroup subsys freezer
[    0.218397] Initializing cgroup subsys net_cls
[    0.219538] Initializing cgroup subsys perf_event
[    0.221474] Initializing cgroup subsys net_prio
[    0.222845] Initializing cgroup subsys hugetlb
[    0.223965] Initializing cgroup subsys pids
[    0.240539] mce: CPU supports 0 MCE banks
[    0.242042] process: using mwait in idle threads
[    0.243287] Last level iTLB entries: 4KB 128, 2MB 8, 4MB 8
[    0.244628] Last level dTLB entries: 4KB 64, 2MB 0, 4MB 0, 1GB 4
[    0.246101] Spectre V1 : Mitigation: usercopy/swapgs barriers and __user pointer sanitization
[    0.248338] Spectre V2 : Mitigation: Full generic retpoline
[    0.249690] Spectre V2 : Spectre v2 / SpectreRSB mitigation: Filling RSB on context switch
[    0.251951] Speculative Store Bypass: Vulnerable
[    0.253136] SRBDS: Unknown: Dependent on hypervisor status
[    0.255283] MDS: Mitigation: Clear CPU buffers
[    0.285208] Freeing SMP alternatives memory: 36K
[    0.293088] ftrace: allocating 32380 entries in 127 pages
[    0.361853] smpboot: APIC(0) Converting physical 0 to logical package 0
[    0.363597] smpboot: Max logical packages: 1
[    0.364998] x2apic enabled
[    0.366172] Switched APIC routing to physical x2apic.
[    0.368839] ..TIMER: vector=0x30 apic1=0 pin1=2 apic2=-1 pin2=-1
[    0.478904] smpboot: CPU0: Intel(R) Core(TM) i5-8500T CPU @ 2.10GHz (family: 0x6, model: 0x9e, stepping: 0xa)
[    0.481668] Performance Events: unsupported p6 CPU model 158 no PMU driver, software events only.
[    0.495812] KVM setup paravirtual spinlock
[    0.497689] x86: Booted up 1 node, 1 CPUs
[    0.498741] smpboot: Total of 1 processors activated (4223.99 BogoMIPS)
[    0.500603] devtmpfs: initialized
[    0.503210] evm: security.selinux
[    0.504946] evm: security.SMACK64
[    0.506177] evm: security.SMACK64EXEC
[    0.507221] evm: security.SMACK64TRANSMUTE
[    0.508336] evm: security.SMACK64MMAP
[    0.509313] evm: security.ima
[    0.510161] evm: security.capability
[    0.511467] clocksource: jiffies: mask: 0xffffffff max_cycles: 0xffffffff, max_idle_ns: 7645041785100000 ns
[    0.513831] futex hash table entries: 256 (order: 2, 16384 bytes)
[    0.515359] pinctrl core: initialized pinctrl subsystem
[    0.516733] RTC time:  9:24:16, date: 12/30/22
[    0.518131] NET: Registered protocol family 16
[    0.519405] cpuidle: using governor ladder
[    0.521267] cpuidle: using governor menu
[    0.522970] PCCT header not found.
[    0.524111] ACPI: bus type PCI registered
[    0.525187] acpiphp: ACPI Hot Plug PCI Controller Driver version: 0.5
[    0.527290] PCI: Using configuration type 1 for base access
[    0.529891] ACPI: Added _OSI(Module Device)
[    0.531157] ACPI: Added _OSI(Processor Device)
[    0.532335] ACPI: Added _OSI(3.0 _SCP Extensions)
[    0.533509] ACPI: Added _OSI(Processor Aggregator Device)
[    0.535545] ACPI: Executed 1 blocks of module-level executable AML code
[    0.540372] ACPI: Interpreter enabled
[    0.541704] ACPI: (supports S0 S5)
[    0.542644] ACPI: Using IOAPIC for interrupt routing
[    0.544064] PCI: Using host bridge windows from ACPI; if necessary, use "pci=nocrs" and report a bug
[    0.550368] ACPI: PCI Root Bridge [PCI0] (domain 0000 [bus 00-ff])
[    0.551966] acpi PNP0A03:00: _OSC: OS supports [ASPM ClockPM Segments MSI]
[    0.554186] acpi PNP0A03:00: _OSC: not requesting OS control; OS requires [ExtendedConfig ASPM ClockPM MSI]
[    0.557486] acpi PNP0A03:00: fail to add MMCONFIG information, can't access extended PCI configuration space under this bridge.
[    0.560427] PCI host bridge to bus 0000:00
[    0.561497] pci_bus 0000:00: root bus resource [io  0x0000-0x0cf7 window]
[    0.562958] pci_bus 0000:00: root bus resource [io  0x0d00-0xffff window]
[    0.564445] pci_bus 0000:00: root bus resource [mem 0x000a0000-0x000bffff window]
[    0.566273] pci_bus 0000:00: root bus resource [mem 0x40000000-0xfdffffff window]
[    0.568115] pci_bus 0000:00: root bus resource [bus 00-ff]
[    0.572310] pci 0000:00:01.1: legacy IDE quirk: reg 0x10: [io  0x01f0-0x01f7]
[    0.573939] pci 0000:00:01.1: legacy IDE quirk: reg 0x14: [io  0x03f6]
[    0.575381] pci 0000:00:01.1: legacy IDE quirk: reg 0x18: [io  0x0170-0x0177]
[    0.576992] pci 0000:00:01.1: legacy IDE quirk: reg 0x1c: [io  0x0376]
[    0.602361] pci 0000:00:07.0: quirk: [io  0x4000-0x403f] claimed by PIIX4 ACPI
[    0.605400] pci 0000:00:07.0: quirk: [io  0x4100-0x410f] claimed by PIIX4 SMB
[    0.615918] ACPI: PCI Interrupt Link [LNKA] (IRQs 5 9 10 *11)
[    0.618083] ACPI: PCI Interrupt Link [LNKB] (IRQs 5 9 *10 11)
[    0.620147] ACPI: PCI Interrupt Link [LNKC] (IRQs 5 *9 10 11)
[    0.623490] ACPI: PCI Interrupt Link [LNKD] (IRQs 5 9 10 *11)
[    0.625662] ACPI: Enabled 2 GPEs in block 00 to 07
[    0.627122] vgaarb: setting as boot device: PCI:0000:00:02.0
[    0.628408] vgaarb: device added: PCI:0000:00:02.0,decodes=io+mem,owns=io+mem,locks=none
[    0.630366] vgaarb: loaded
[    0.631227] vgaarb: bridge control possible 0000:00:02.0
[    0.632724] SCSI subsystem initialized
[    0.633746] ACPI: bus type USB registered
[    0.634774] usbcore: registered new interface driver usbfs
[    0.636032] usbcore: registered new interface driver hub
[    0.637464] usbcore: registered new device driver usb
[    0.639363] PCI: Using ACPI for IRQ routing
[    0.641471] NetLabel: Initializing
[    0.642360] NetLabel:  domain hash size = 128
[    0.643408] NetLabel:  protocols = UNLABELED CIPSOv4
[    0.644618] NetLabel:  unlabeled traffic allowed by default
[    0.645976] amd_nb: Cannot enumerate AMD northbridges
[    0.647197] clocksource: Switched to clocksource kvm-clock
[    0.660896] AppArmor: AppArmor Filesystem Enabled
[    0.662163] pnp: PnP ACPI init
[    0.663961] pnp: PnP ACPI: found 3 devices
[    0.673745] clocksource: acpi_pm: mask: 0xffffff max_cycles: 0xffffff, max_idle_ns: 2085701024 ns
[    0.676188] NET: Registered protocol family 2
[    0.677524] TCP established hash table entries: 8192 (order: 4, 65536 bytes)
[    0.679148] TCP bind hash table entries: 8192 (order: 5, 131072 bytes)
[    0.680707] TCP: Hash tables configured (established 8192 bind 8192)
[    0.682245] UDP hash table entries: 512 (order: 2, 16384 bytes)
[    0.683721] UDP-Lite hash table entries: 512 (order: 2, 16384 bytes)
[    0.685236] NET: Registered protocol family 1
[    0.686397] pci 0000:00:00.0: Limiting direct PCI/PCI transfers
[    0.688557] pci 0000:00:01.0: Activating ISA DMA hang workarounds
[    0.691327] Unpacking initramfs...
[    0.966278] Freeing initrd memory: 14888K
[    0.967568] clocksource: tsc: mask: 0xffffffffffffffff max_cycles: 0x1e71768ef8b, max_idle_ns: 440795218977 ns
[    0.970178] platform rtc_cmos: registered platform RTC device (no PNP device found)
[    0.974016] Scanning for low memory corruption every 60 seconds
[    0.976031] audit: initializing netlink subsys (disabled)
[    0.977463] audit: type=2000 audit(1672392261.078:1): initialized
[    0.979240] Initialise system trusted keyring
[    0.980511] HugeTLB registered 2 MB page size, pre-allocated 0 pages
[    0.983447] zbud: loaded
[    0.984564] VFS: Disk quotas dquot_6.6.0
[    0.985672] VFS: Dquot-cache hash table entries: 512 (order 0, 4096 bytes)
[    0.987558] squashfs: version 4.0 (2009/01/31) Phillip Lougher
[    0.991624] fuse init (API version 7.23)
[    0.993293] Key type big_key registered
[    0.994350] Allocating IMA MOK and blacklist keyrings.
[    0.995819] Key type asymmetric registered
[    0.996876] Asymmetric key parser 'x509' registered
[    0.998096] Block layer SCSI generic (bsg) driver version 0.4 loaded (major 249)
[    1.000079] io scheduler noop registered
[    1.001318] io scheduler deadline registered (default)
[    1.002588] io scheduler cfq registered
[    1.003761] pci_hotplug: PCI Hot Plug PCI Core version: 0.5
[    1.005538] pciehp: PCI Express Hot Plug Controller Driver version: 0.4
[    1.007500] ACPI: AC Adapter [AC] (on-line)
[    1.008707] input: Power Button as /devices/LNXSYSTM:00/LNXPWRBN:00/input/input0
[    1.010629] ACPI: Power Button [PWRF]
[    1.011704] input: Sleep Button as /devices/LNXSYSTM:00/LNXSLPBN:00/input/input1
[    1.013594] ACPI: Sleep Button [SLPF]
[    1.014685] GHES: HEST is not enabled!
[    1.015795] Serial: 8250/16550 driver, 32 ports, IRQ sharing enabled
[    1.038124] 00:02: ttyS0 at I/O 0x3f8 (irq = 4, base_baud = 115200) is a 16550A
[    1.041875] Linux agpgart interface v0.103
[    1.043912] loop: module loaded
[    1.045294] scsi host0: ata_piix
[    1.046272] scsi host1: ata_piix
[    1.047230] ata1: PATA max UDMA/33 cmd 0x1f0 ctl 0x3f6 bmdma 0xd000 irq 14
[    1.048823] ata2: PATA max UDMA/33 cmd 0x170 ctl 0x376 bmdma 0xd008 irq 15
[    1.050706] libphy: Fixed MDIO Bus: probed
[    1.052047] tun: Universal TUN/TAP device driver, 1.6
[    1.053283] tun: (C) 1999-2004 Max Krasnyansky <maxk@qualcomm.com>
[    1.055397] PPP generic driver version 2.4.2
[    1.056966] ehci_hcd: USB 2.0 'Enhanced' Host Controller (EHCI) Driver
[    1.058654] ehci-pci: EHCI PCI platform driver
[    1.059884] ehci-platform: EHCI generic platform driver
[    1.061329] ohci_hcd: USB 1.1 'Open' Host Controller (OHCI) Driver
[    1.062798] ohci-pci: OHCI PCI platform driver
[    1.063968] ohci-platform: OHCI generic platform driver
[    1.065253] uhci_hcd: USB Universal Host Controller Interface driver
[    1.066797] i8042: PNP: PS/2 Controller [PNP0303:PS2K,PNP0f03:PS2M] at 0x60,0x64 irq 1,12
[    1.069388] serio: i8042 KBD port at 0x60,0x64 irq 1
[    1.071085] serio: i8042 AUX port at 0x60,0x64 irq 12
[    1.073672] mousedev: PS/2 mouse device common for all mice
[    1.075536] input: AT Translated Set 2 keyboard as /devices/platform/i8042/serio0/input/input2
[    1.078257] rtc_cmos rtc_cmos: rtc core: registered rtc_cmos as rtc0
[    1.079845] rtc_cmos rtc_cmos: alarms up to one day, 114 bytes nvram
[    1.081463] i2c /dev entries driver
[    1.082511] device-mapper: uevent: version 1.0.3
[    1.083804] device-mapper: ioctl: 4.34.0-ioctl (2015-10-28) initialised: dm-devel@redhat.com
[    1.085970] ledtrig-cpu: registered to indicate activity on CPUs
[    1.088094] NET: Registered protocol family 10
[    1.090238] NET: Registered protocol family 17
[    1.091725] Key type dns_resolver registered
[    1.092973] registered taskstats version 1
[    1.093986] Loading compiled-in X.509 certificates
[    1.095658] Loaded X.509 cert 'Build time autogenerated kernel key: cf00e047681d67edb2720680708b7d9498083038'
[    1.097931] zswap: loaded using pool lzo/zbud
[    1.100573] Key type trusted registered
[    1.104069] Key type encrypted registered
[    1.105978] AppArmor: AppArmor sha1 policy hashing enabled
[    1.107454] ima: No TPM chip found, activating TPM-bypass!
[    1.108917] ima: Allocated hash algorithm: sha1
[    1.110062] evm: HMAC attrs: 0x1
[    1.111343]   Magic number: 2:620:425
[    1.112382] rtc_cmos rtc_cmos: setting system clock to 2022-12-30 09:24:16 UTC (1672392256)
[    1.114620] BIOS EDD facility v0.16 2004-Jun-25, 0 devices found
[    1.116208] EDD information not available.
[    1.235943] Freeing unused kernel memory: 1492K
[    1.237757] Write protecting the kernel read-only data: 14336k
[    1.241160] Freeing unused kernel memory: 1584K
[    1.242877] Freeing unused kernel memory: 52K
Loading, please wait...
starting version 229
[    1.258396] random: udevadm: uninitialized urandom read (16 bytes read, 3 bits of entropy available)
[    1.261341] random: systemd-udevd: uninitialized urandom read (16 bytes read, 3 bits of entropy available)
[    1.263805] random: systemd-udevd: uninitialized urandom read (16 bytes read, 3 bits of entropy available)
[    1.266253] random: systemd-udevd: uninitialized urandom read (16 bytes read, 3 bits of entropy available)
[    1.268689] random: udevadm: uninitialized urandom read (16 bytes read, 3 bits of entropy available)
[    1.271638] random: systemd-udevd: uninitialized urandom read (16 bytes read, 3 bits of entropy available)
[    1.281993] random: systemd-udevd: uninitialized urandom read (16 bytes read, 3 bits of entropy available)
[    1.284528] random: systemd-udevd: uninitialized urandom read (16 bytes read, 3 bits of entropy available)
[    1.286899] random: systemd-udevd: uninitialized urandom read (16 bytes read, 3 bits of entropy available)
[    1.294263] random: udevadm: uninitialized urandom read (16 bytes read, 3 bits of entropy available)
[    1.380937] e1000: Intel(R) PRO/1000 Network Driver - version 7.3.21-k8-NAPI
[    1.382737] e1000: Copyright (c) 1999-2006 Intel Corporation.
[    1.389616] Fusion MPT base driver 3.04.20
[    1.391840] Copyright (c) 1999-2008 LSI Corporation
[    1.413784] Fusion MPT SPI Host driver 3.04.20
[    1.441721] AVX2 version of gcm_enc/dec engaged.
[    1.443021] AES CTR mode by8 optimization enabled
[    1.602119] input: ImExPS/2 Generic Explorer Mouse as /devices/platform/i8042/serio1/input/input4
[    1.837483] e1000 0000:00:03.0 eth0: (PCI:33MHz:32-bit) 02:be:82:6b:cc:1d
[    1.840145] e1000 0000:00:03.0 eth0: Intel(R) PRO/1000 Network Connection
[    1.842836] mptbase: ioc0: Initiating bringup
[    1.916250] ioc0: LSI53C1030 A0: Capabilities={Initiator}
[    2.077221] scsi host2: ioc0: LSI53C1030 A0, FwRev=00000000h, Ports=1, MaxQ=256, IRQ=20
[    2.193375] scsi 2:0:0:0: Direct-Access     VBOX     HARDDISK         1.0  PQ: 0 ANSI: 5
[    2.195611] scsi target2:0:0: Beginning Domain Validation
[    2.198592] scsi target2:0:0: Domain Validation skipping write tests
[    2.200141] scsi target2:0:0: Ending Domain Validation
[    2.201621] scsi target2:0:0: asynchronous
[    2.203059] scsi 2:0:1:0: Direct-Access     VBOX     HARDDISK         1.0  PQ: 0 ANSI: 5
[    2.206002] scsi target2:0:1: Beginning Domain Validation
[    2.209558] scsi target2:0:1: Domain Validation skipping write tests
[    2.211969] scsi target2:0:1: Ending Domain Validation
[    2.213453] scsi target2:0:1: asynchronous
[    2.218731] sd 2:0:0:0: Attached scsi generic sg0 type 0
[    2.220502] sd 2:0:0:0: [sda] 83886080 512-byte logical blocks: (42.9 GB/40.0 GiB)
[    2.242575] sd 2:0:1:0: [sdb] 20480 512-byte logical blocks: (10.5 MB/10.0 MiB)
[    2.245101] sd 2:0:1:0: Attached scsi generic sg1 type 0
[    2.246809] sd 2:0:1:0: [sdb] Write Protect is off
[    2.253327] sd 2:0:1:0: [sdb] Incomplete mode parameter data
[    2.254921] sd 2:0:1:0: [sdb] Assuming drive cache: write through
[    2.272500] sd 2:0:0:0: [sda] Write Protect is off
[    2.284476] sd 2:0:0:0: [sda] Incomplete mode parameter data
[    2.285845] sd 2:0:0:0: [sda] Assuming drive cache: write through
[    2.293717] sd 2:0:1:0: [sdb] Attached SCSI disk
[    2.295049]  sda: sda1
[    2.296580] sd 2:0:0:0: [sda] Attached SCSI disk
[    2.641533] e1000 0000:00:08.0 eth1: (PCI:33MHz:32-bit) 08:00:27:04:4d:18
[    2.644176] e1000 0000:00:08.0 eth1: Intel(R) PRO/1000 Network Connection
[    2.646990] e1000 0000:00:08.0 enp0s8: renamed from eth1
[    2.650188] e1000 0000:00:03.0 enp0s3: renamed from eth0
Begin: Loading essential drivers ... [    4.103550] md: linear personality registered for level -1
[    4.108584] md: multipath personality registered for level -4
[    4.113807] md: raid0 personality registered for level 0
[    4.118586] md: raid1 personality registered for level 1
[    4.191516] raid6: sse2x1   gen() 10000 MB/s
[    4.259258] raid6: sse2x1   xor()  7643 MB/s
[    4.327328] raid6: sse2x2   gen() 12961 MB/s
[    4.395269] raid6: sse2x2   xor()  9207 MB/s
[    4.463297] raid6: sse2x4   gen() 14616 MB/s
[    4.531265] raid6: sse2x4   xor() 10078 MB/s
[    4.599248] raid6: avx2x1   gen() 18459 MB/s
[    4.667264] raid6: avx2x2   gen() 24413 MB/s
[    4.735249] raid6: avx2x4   gen() 25638 MB/s
[    4.736370] raid6: using algorithm avx2x4 gen() 25638 MB/s
[    4.737667] raid6: using avx2x2 recovery algorithm
[    4.740959] xor: automatically using best checksumming function:
[    4.779262]    avx       : 20752.000 MB/sec
[    4.782043] async_tx: api initialized (async)
[    4.796168] md: raid6 personality registered for level 6
[    4.797487] md: raid5 personality registered for level 5
[    4.798783] md: raid4 personality registered for level 4
[    4.805881] md: raid10 personality registered for level 10
done.
Begin: Running /scripts/init-premount ... done.
Begin: Mounting root file system ... Begin: Running /scripts/local-top ... done.
Begin: Running /scripts/local-premount ... [    4.845838] Btrfs loaded
Scanning for Btrfs filesystems
done.
Warning: fsck not present, so skipping root file system
[    4.894129] EXT4-fs (sda1): mounted filesystem with ordered data mode. Opts: (null)
done.
Begin: Running /scripts/local-bottom ... done.
Begin: Running /scripts/init-bottom ... done.
[    5.099749] systemd[1]: systemd 229 running in system mode. (+PAM +AUDIT +SELINUX +IMA +APPARMOR +SMACK +SYSVINIT +UTMP +LIBCRYPTSETUP +GCRYPT +GNUTLS +ACL +XZ -LZ4 +SECCOMP +BLKID +ELFUTILS +KMOD -IDN)
[    5.104058] systemd[1]: Detected virtualization oracle.
[    5.105300] systemd[1]: Detected architecture x86-64.

Welcome to [1mUbuntu 16.04.7 LTS[0m!

[    5.124609] systemd[1]: Set hostname to <ubuntu>.
[    5.136033] systemd[1]: Initializing machine ID from random generator.
[    5.137636] systemd[1]: Installed transient /etc/machine-id file.
[    5.383239] systemd[1]: Listening on fsck to fsckd communication Socket.
[[0;32m  OK  [0m] Listening on fsck to fsckd communication Socket.
[    5.392435] systemd[1]: Listening on Journal Socket (/dev/log).
[[0;32m  OK  [0m] Listening on Journal Socket (/dev/log).
[    5.403707] systemd[1]: Listening on Syslog Socket.
[[0;32m  OK  [0m] Listening on Syslog Socket.
[    5.405773] systemd[1]: Reached target Swap.
[[0;32m  OK  [0m] Reached target Swap.
[    5.415734] systemd[1]: Listening on /dev/initctl Compatibility Named Pipe.
[[0;32m  OK  [0m] Listening on /dev/initctl Compatibility Named Pipe.
[    5.423780] systemd[1]: Reached target System Time Synchronized.
[[0;32m  OK  [0m] Reached target System Time Synchronized.
[    5.435861] systemd[1]: Created slice User and Session Slice.
[[0;32m  OK  [0m] Created slice User and Session Slice.
[    5.444607] systemd[1]: Listening on Journal Socket.
[[0;32m  OK  [0m] Listening on Journal Socket.
[    5.452551] systemd[1]: Listening on udev Control Socket.
[[0;32m  OK  [0m] Listening on udev Control Socket.
[    5.460813] systemd[1]: Listening on LVM2 poll daemon socket.
[[0;32m  OK  [0m] Listening on LVM2 poll daemon socket.
[    5.463425] systemd[1]: Started Trigger resolvconf update for networkd DNS.
[[0;32m  OK  [0m] Started Trigger resolvconf update for networkd DNS.
[    5.471482] systemd[1]: Started Forward Password Requests to Wall Directory Watch.
[[0;32m  OK  [0m] Started Forward Password Requests to Wall Directory Watch.
[    5.480402] systemd[1]: Created slice System Slice.
[[0;32m  OK  [0m] Created slice System Slice.
[    5.488050] systemd[1]: Mounting Huge Pages File System...
         Mounting Huge Pages File System...
[    5.495466] systemd[1]: Reached target Slices.
[[0;32m  OK  [0m] Reached target Slices.
[    5.498829] systemd[1]: Starting File System Check on Root Device...
         Starting File System Check on Root Device...
[    5.507875] systemd[1]: Starting Load Kernel Modules...
         Starting Load Kernel Modules...
[    5.516299] systemd[1]: Mounting Debug File System...
         Mounting Debug File System...
[    5.524955] systemd[1]: Starting Create list of required static device nodes for the current kernel...
         Starting Create list of required st... nodes for the current kernel...
[    5.536534] Loading iSCSI transport class v2.0-870.
[    5.539752] systemd[1]: Created slice system-serial\x2dgetty.slice.
[[0;32m  OK  [0m] Created slice system-serial\x2dgetty.slice.
[    5.548444] iscsi: registered transport (tcp)
[    5.550204] systemd[1]: Starting Nameserver information manager...
         Starting Nameserver information manager...
[    5.555294] systemd[1]: Starting Set console keymap...
         Starting Set console keymap...
[    5.561797] systemd[1]: Mounting POSIX Message Queue File System...
         Mounting POSIX Message Queue File System...
[    5.570728] systemd[1]: Starting Uncomplicated firewall...
         Starting Uncomplicated firewall...
[    5.577632] systemd[1]: Reached target Encrypted Volumes.
[[0;32m  OK  [0m] Reached target Encrypted Volumes.
[    5.583424] systemd[1]: Reached target User and Group Name Lookups.
[[0;32m  OK  [0m] Reached target User and Group Name Lookups.
[    5.586045] systemd[1]: Listening on Device-mapper event daemon FIFOs.
[[0;32m  OK  [0m] Listening on Device-mapper event daemon FIFOs.
[    5.591462] systemd[1]: Listening on udev Kernel Socket.
[[0;32m  OK  [0m] Listening on udev Kernel Socket.
[    5.596040] systemd[1]: Listening on LVM2 metadata daemon socket.
[[0;32m  OK  [0m] Listening on LVM2 metadata daemon socket.
[    5.602286] systemd[1]: Starting Monitoring of LVM2 mirrors, snapshots etc. using dmeventd or progress polling...
         Starting Monitoring of LVM2 mirrors... dmeventd or progress polling...
[    5.610263] systemd[1]: Set up automount Arbitrary Executable File Formats File System Automount Point.
[[0;32m  OK  [0m] Set up automount Arbitrary Executab...ats File System Automount Point.
[    5.618614] systemd[1]: Listening on Journal Audit Socket.
[[0;32m  OK  [0m] Listening on Journal Audit Socket.
[    5.622105] systemd[1]: Starting Journal Service...
         Starting Journal Service...
[    5.630522] systemd[1]: Mounted Huge Pages File System.
[[0;32m  OK  [0m] Mounted Huge Pages File System.
[    5.632951] systemd[1]: Mounted POSIX Message Queue File System.
[[0;32m  OK  [0m] Mounted POSIX Message Queue File System.
[    5.637667] systemd[1]: Mounted Debug File System.
[[0;32m  OK  [0m] Mounted Debug File System.
[    5.652090] systemd[1]: Started File System Check on Root Device.
[[0;32m  OK  [0m] Started File System Check on Root Device.
[    5.656624] iscsi: registered transport (iser)
[    5.659497] systemd[1]: Started Load Kernel Modules.
[[0;32m  OK  [0m] Started Load Kernel Modules.
[    5.667843] systemd[1]: Started Create list of required static device nodes for the current kernel.
[[0;32m  OK  [0m] Started Create list of required sta...ce nodes for the current kernel.
[    5.681541] random: nonblocking pool is initialized
[    5.683531] systemd[1]: Started Uncomplicated firewall.
[[0;32m  OK  [0m] Started Uncomplicated firewall.
[    5.687785] systemd[1]: Started Nameserver information manager.
[[0;32m  OK  [0m] Started Nameserver information manager.
[    5.701607] systemd[1]: Started LVM2 metadata daemon.
[[0;32m  OK  [0m] Started LVM2 metadata daemon.
[    5.708197] systemd[1]: Started File System Check Daemon to report status.
[[0;32m  OK  [0m] Started File System Check Daemon to report status.
[    5.720104] systemd[1]: Starting Create Static Device Nodes in /dev...
         Starting Create Static Device Nodes in /dev...
[    5.728318] systemd[1]: Mounting FUSE Control File System...
         Mounting FUSE Control File System...
[    5.736118] systemd[1]: Starting Apply Kernel Variables...
         Starting Apply Kernel Variables...
[    5.745462] systemd[1]: Starting Remount Root and Kernel File Systems...
         Starting Remount Root and Kernel File Systems...
[    5.752377] systemd[1]: Mounted FUSE Control File System.
[[0;32m  OK  [0m] Mounted FUSE Control File System.
[    5.764525] EXT4-fs (sda1): re-mounted. Opts: (null)
[    5.767994] systemd[1]: Started Remount Root and Kernel File Systems.
[[0;32m  OK  [0m] Started Remount Root and Kernel File Systems.
[    5.773342] systemd[1]: Starting udev Coldplug all Devices...
         Starting udev Coldplug all Devices...
[    5.780443] systemd[1]: Starting Load/Save Random Seed...
         Starting Load/Save Random Seed...
[[0;32m  OK  [0m] Started Journal Service.
[[0;32m  OK  [0m] Started Apply Kernel Variables.
         Starting Flush Journal to Persistent Storage...
[[0;32m  OK  [0m] Started Create Static Device Nodes in /dev.
         Starting udev Kernel Device Manager...
[[0;32m  OK  [0m] Started Load/Save Random Seed.
[[0;32m  OK  [0m] Started Flush Journal to Persistent Storage.
[[0;32m  OK  [0m] Started udev Kernel Device Manager.
[[0;32m  OK  [0m] Started Monitoring of LVM2 mirrors,...ng dmeventd or progress polling.
[[0;32m  OK  [0m] Started Set console keymap.
[[0;32m  OK  [0m] Reached target Local File Systems (Pre).
[[0;32m  OK  [0m] Reached target Local File Systems.
         Starting Commit a transient machine-id on disk...
         Starting LSB: AppArmor initialization...
         Starting Set console font and keymap...
         Starting Tell Plymouth To Write Out Runtime Data...
         Starting Initial cloud-init job (pre-networking)...
         Starting Create Volatile Files and Directories...
[[0;32m  OK  [0m] Started udev Coldplug all Devices.
[[0;32m  OK  [0m] Started Commit a transient machine-id on disk.
[[0;32m  OK  [0m] Started Dispatch Password Requests to Console Directory Watch.
[[0;32m  OK  [0m] Started Tell Plymouth To Write Out Runtime Data.
[[0;32m  OK  [0m] Started Create Volatile Files and Directories.
         Starting Update UTMP about System Boot/Shutdown...
[[0;32m  OK  [0m] Started Update UTMP about System Boot/Shutdown.
[[0;32m  OK  [0m] Found device /dev/ttyS0.
[[0;32m  OK  [0m] Listening on Load/Save RF Kill Switch Status /dev/rfkill Watch.
[[0;32m  OK  [0m] Started Set console font and keymap.
[[0;32m  OK  [0m] Created slice system-getty.slice.
[    9.124829] cloud-init[503]: Cloud-init v. 21.1-19-gbad84ad4-0ubuntu1~16.04.2 running 'init-local' at Fri, 30 Dec 2022 09:24:23 +0000. Up 8.00 seconds.
[[0;32m  OK  [0m] Started Initial cloud-init job (pre-networking).
[[0;32m  OK  [0m] Reached target Network (Pre).
[[0;32m  OK  [0m] Started LSB: AppArmor initialization.
         Starting Raise network interfaces...
         Starting Load AppArmor profiles managed internally by snapd...
[[0;32m  OK  [0m] Started Load AppArmor profiles managed internally by snapd.
[[0;32m  OK  [0m] Started Raise network interfaces.
         Starting Initial cloud-init job (metadata service crawler)...
[[0;32m  OK  [0m] Reached target Network.
[   12.134462] cloud-init[968]: Cloud-init v. 21.1-19-gbad84ad4-0ubuntu1~16.04.2 running 'init' at Fri, 30 Dec 2022 09:24:27 +0000. Up 11.37 seconds.
[   12.141413] cloud-init[968]: ci-info: ++++++++++++++++++++++++++++++++++++++Net device info+++++++++++++++++++++++++++++++++++++++
[   12.144559] cloud-init[968]: ci-info: +--------+-------+----------------------------+---------------+--------+-------------------+
[   12.148377] cloud-init[968]: ci-info: | Device |   Up  |          Address           |      Mask     | Scope  |     Hw-Address    |
[   12.156443] cloud-init[968]: ci-info: +--------+-------+----------------------------+---------------+--------+-------------------+
[   12.159049] cloud-init[968]: ci-info: | enp0s3 |  True |         10.0.2.15          | 255.255.255.0 | global | 02:be:82:6b:cc:1d |
[   12.172446] cloud-init[968]: ci-info: | enp0s3 |  True | fe80::be:82ff:fe6b:cc1d/64 |       .       |  link  | 02:be:82:6b:cc:1d |
[   12.180398] cloud-init[968]: ci-info: | enp0s8 | False |             .              |       .       |   .    | 08:00:27:04:4d:18 |
[   12.188402] cloud-init[968]: ci-info: |   lo   |  True |         127.0.0.1          |   255.0.0.0   |  host  |         .         |
[   12.196428] cloud-init[968]: ci-info: |   lo   |  True |          ::1/128           |       .       |  host  |         .         |
[   12.204434] cloud-init[968]: ci-info: +--------+-------+----------------------------+---------------+--------+-------------------+
[   12.212838] cloud-init[968]: ci-info: +++++++++++++++++++++++++++Route IPv4 info++++++++++++++++++++++++++++
[   12.225191] cloud-init[968]: ci-info: +-------+-------------+----------+---------------+-----------+-------+
[   12.228236] cloud-init[968]: ci-info: | Route | Destination | Gateway  |    Genmask    | Interface | Flags |
[   12.230926] cloud-init[968]: ci-info: +-------+-------------+----------+---------------+-----------+-------+
[   12.232189] cloud-init[968]: ci-info: |   0   |   0.0.0.0   | 10.0.2.2 |    0.0.0.0    |   enp0s3  |   UG  |
[   12.241376] cloud-init[968]: ci-info: |   1   |   10.0.2.0  | 0.0.0.0  | 255.255.255.0 |   enp0s3  |   U   |
[[0;32m  OK  [0m] Started Initial cloud-init job (metadata service crawler).
[[0;32m  OK  [0m] Reached target Cloud-config availability.
[[0;32m  OK  [0m] Reached target System Initialization.
[   12.245673] cloud-init[968]: ci-info: +-------+-------------+----------+---------------+-----------+-------+
[   12.255320] cloud-init[968]: ci-info: +++++++++++++++++++Route IPv6 info+++++++++++++++++++
[   12.256610] cloud-init[968]: ci-info: +-------+-------------+---------+-----------+-------+
[[0;32m  OK  [0m] Listening on D-Bus System Message Bus Socket.
[[0;32m  OK  [0m] Started Message of the Day.
[[0;32m  OK  [0m] Listening on ACPID Listen Socket.
[[0;32m  OK  [0m] Started Daily apt download activities.
[[0;32m  OK  [0m] Started Daily apt upgrade and clean activities.
[[0;32m  OK  [0m] Started Ubuntu Advantage update messaging.
         Starting Socket activation for snappy daemon.
[   12.260886] cloud-init[968]: ci-info: | Route | Destination | Gateway | Interface | Flags |
[   12.287391] cloud-init[968]: ci-info: +-------+-------------+---------+-----------+-------+
[   12.289245] cloud-init[968]: ci-info: |   0   |  fe80::/64  |    ::   |   enp0s3  |   U   |
[[0;32m  OK  [0m] Started ACPI Events Check.
[[0;32m  OK  [0m] Reached target Paths.
[[0;32m  OK  [0m] Started Daily Cleanup of Temporary Directories.
[[0;32m  OK  [0m] Reached target Timers.
[[0;32m  OK  [0m] Listening on UUID daemon activation socket.
[   12.306018] cloud-init[968]: ci-info: |   3   |   ff00::/8  |    ::   |   enp0s3  |   U   |
         Starting LXD - unix socket.
[[0;32m  OK  [0m] Reached target Network is Online.
         Starting iSCSI initiator daemon (iscsid)...
[   12.308288] cloud-init[968]: ci-info: +-------+-------------+---------+-----------+-------+
[   12.313483] cloud-init[968]: Generating public/private rsa key pair.
[[0;32m  OK  [0m] Listening on Socket activation for snappy daemon.
[[0;32m  OK  [0m] Listening on LXD - unix socket.
[[0;32m  OK  [0m] Reached target Sockets.
[[0;32m  OK  [0m] Reached target Basic System.
[   12.320439] cloud-init[968]: Your identification has been saved in /etc/ssh/ssh_host_rsa_key.
         Starting Pollinate to seed the pseudo random number generator...
         Starting Virtualbox guest utils...
         Starting LXD - container startup/shutdown...
[   12.327950] cloud-init[968]: Your public key has been saved in /etc/ssh/ssh_host_rsa_key.pub.
[   12.339784] [[0;32m  OK  [0m] Started ACPI event daemon.
cloud-init[968]: The key fingerprint is:
         Starting System Logging Service...
[[0;32m  OK  [0m] Started Deferred execution scheduler.
         Starting /etc/rc.local Compatibility...
         Starting LSB: Record successful boot for GRUB...
[[0;32m  OK  [0m] Started FUSE filesystem for LXC.
         Starting Accounts Service...
         Starting LSB: MD monitoring daemon...
[   12.361966] cloud-init[968]: SHA256:GS66q4p6JqAPvtNe7whEiZ5JRWwVaTDRdxuN/oyLcvE root@ubuntu-xenial[[0;32m  OK  [0m] Started D-Bus System Message Bus.

[   12.414109] cloud-init[968]: The key's randomart image is:
[   12.415210] cloud-init[968]: +---[RSA 2048]----+
[   12.417619] cloud-init[968]: |  o*=oo   o      |
[   12.436318] cloud-init[968]: |  ooo+ . + .     |
[   12.437758] cloud-init[968]: | o.o. . + o      |
[   12.455804] cloud-init[968]: |o +    . =       |
[   12.460879] cloud-init[968]: | + .  . S +      |
[   12.463058] cloud-init[968]: |. .  . o . o     |
[   12.464239] cloud-init[968]: |+ ....  + .      |
[   12.465148] cloud-init[968]: |=oo.oooo E       |
[   12.468167] cloud-init[968]: |=O*ooo+o         |
[   12.469675] cloud-init[968]: +----[SHA256]-----+
[   12.474449] cloud-init[968]: Generating public/private dsa key pair.
         Starting Login Service...
[   12.487246] [[0;32m  OK  [0m] Started Regular background program processing daemon.
         Starting Snap Daemon...
[[0;32m  OK  [0m] Started System Logging Service.
cloud-init[[0;32m  OK  [0m] Started /etc/rc.local Compatibility.
[968]: Your identification has been saved in /etc/ssh/ssh_host_dsa_key.
[   12.522455] cloud-init[968]: Your public key has been saved in /etc/ssh/ssh_host_dsa_key.pub.
[[0;32m  OK  [0m] Started iSCSI initiator daemon (iscsid).
         Starting Login to default iSCSI targets...
[[0;32m  OK  [0m] Started Login Service.
[[0;32m  OK  [0m] Started Unattended Upgrades Shutdown.
[   12.586796] cloud-init[968]: The key fingerprint is:
         Starting Authenticate and Authorize Users to Run Privileged Tasks...
[   12.588565] cloud-init[968]: SHA256:0gcRQDgv8HBcpEU7cbF4nJyJBs5AIJJOviFlowTgEQ0 root@ubuntu-xenial
[   12.615072] cloud-init[968]: The key's randomart image is:
[   12.616516] cloud-init[968]: [[0;32m  OK  [0m] Started LSB: Record successful boot for GRUB.
+---[DSA 1024]----+
[   12.640405] cloud-init[968]: |OE*..*O.=o       |
[   12.646831] cloud-init[968]: |=oB==+ O *       |
[   12.648010] cloud-init[968]: |== *+o* X        |
[   12.649270] cloud-init[968]: |o+  o..+ .       |
[   12.653308] cloud-init[968]: |. o  .. S .      |
[   12.661195] cloud-init[968]: | .     . .       |
[   12.662731] cloud-init[968]: |                 |
[   12.664322] cloud-init[968]: |                 |
[[0;32m  OK  [0m] Started Login to default iSCSI targets.
[[0;32m  OK  [0m] Reached target Remote File Systems (Pre).
[   12.680374] cloud-init[968]: |                 |
[[0;32m  OK  [0m] Reached target Remote File Systems.
[   12.699300] cloud-init[968]: +----[SHA256]-----+         Starting LSB: daemon to balance interrupts for SMP systems...
         Starting LSB: Set the CPU Frequency Scaling governor to "ondemand"...
         Starting LSB: automatic crash report generation...
         Starting Permit User Sessions...
[[0;32m  OK  [0m] Started LSB: MD monitoring daemon.

[   12.748584] cloud-init[968]: Generating public/private ecdsa key pair.
[   12.756219] cloud-init[968]: Your identification has been saved in /etc/ssh/ssh_host_ecdsa_key.
[[0;32m  OK  [0m] Started Permit User Sessions.
[[0;32m  OK  [0m] Started Authenticate and Authorize Users to Run Privileged Tasks.
         Starting Terminate Plymouth Boot Screen...
         Starting Hold until boot process finishes up...
[[0;32m  OK  [0m] Started Hold until boot process finishes up.
         Starting Set console scheme...
[[0;32m  OK  [0m] Started Serial Getty on ttyS0.
[[0;32m  OK  [0m] Started Getty on tty1.
[[0;32m  OK  [0m] Reached target Login Prompts.
[[0;32m  OK  [0m] Started Terminate Plymouth Boot Screen.
[[0;32m  OK  [0m] Started Set console scheme.
[   12.812500] cloud-init[968]: Your public key has been saved in /etc/ssh/ssh_host_ecdsa_key.pub.[[0;32m  OK  [0m] Started Accounts Service.

[   12.850823] cloud-init[968]: The key fingerprint is:
[[0;32m  OK  [0m] Started LSB: Set the CPU Frequency Scaling governor to "ondemand".
[   12.855011] cloud-init[968]: SHA256:qI3cdsjF11jHM3rvV3ACY21rV7s4d4i6cEGcoFaepZA root@ubuntu-xenial
[   12.864460] cloud-init[968]: The key's randomart image is:
[   12.865515] cloud-init[968]: +---[ECDSA 256]---+
[   12.866690] cloud-init[968]: |      ..o .  .   |
[   12.882727] cloud-init[968]: |      E= * .+.o .|
[[0;32m  OK  [0m] Started LXD - container startup/shutdown.
[   12.898918] cloud-init[968]: |      o + +..+=.o|
[   12.910257] cloud-init[968]: |     . o . + o=+o|
[[0;32m  OK  [0m] Started LSB: daemon to balance interrupts for SMP systems.
[[0;32m  OK  [0m] Started LSB: automatic crash report generation.
[   12.929507] cloud-init[968]: |      . S + ooo*.|
[   12.935139] cloud-init[968]: |   . * o . ..+.+o|
[   12.940001] cloud-init[968]: |    + * o ..  o +|
[   12.947519] cloud-init[968]: |     . . o.    ..|
[   12.954938] cloud-init[968]: |          ..    o|
[   12.960995] cloud-init[968]: +----[SHA256]-----+
[   12.971524] cloud-init[968]: Generating public/private ed25519 key pair.
[   12.978765] cloud-init[968]: Your identification has been saved in /etc/ssh/ssh_host_ed25519_key.
[   12.996316] cloud-init[968]: Your public key has been saved in /etc/ssh/ssh_host_ed25519_key.pub.
[   13.002217] cloud-init[968]: The key fingerprint is:
[   13.013650] cloud-init[968]: SHA256:uLX5tUgPWF+6tFpy90acyhqrHC4is3oiOQfCeM0AEeU root@ubuntu-xenial
[   13.027174] cloud-init[968]: The key's randomart image is:
[   13.033740] cloud-init[968]: +--[ED25519 256]--+
[   13.038542] cloud-init[968]: |o+.              |
[   13.040886] cloud-init[968]: |..               |
[   13.050317] cloud-init[968]: | .E              |
[   13.056176] cloud-init[968]: |  .    .         |
[   13.068487] cloud-init[968]: |o  +  . S .   ...|
[[0;32m  OK  [0m] Started Virtualbox guest utils.
[   13.077656] cloud-init[968]: |+.. o  o = . o .o|
[   13.079622] cloud-init[968]: |.+    . +.+.O o. |
[   13.093490] cloud-init[968]: |+..+ . .oo.XoB ..|
[   13.097355] cloud-init[968]: |.++.+ . .+=+*  ..|
[   13.098761] cloud-init[968]: +----[SHA256]-----+
[[0;32m  OK  [0m] Started Snap Daemon.
         Starting Wait until snapd is fully seeded...
[[0;32m  OK  [0m] Started Pollinate to seed the pseudo random number generator.
         Starting OpenBSD Secure Shell server...
[[0;32m  OK  [0m] Started OpenBSD Secure Shell server.
[[0;32m  OK  [0m] Created slice User Slice of vagrant.
         Starting User Manager for UID 1000...
[[0;32m  OK  [0m] Started Session 1 of user vagrant.
[[0;32m  OK  [0m] Started User Manager for UID 1000.
[[0;32m  OK  [0m] Started Wait until snapd is fully seeded.
         Starting Apply the settings specified in cloud-config...
[[0;32m  OK  [0m] Reached target Multi-User System.
[[0;32m  OK  [0m] Reached target Graphical Interface.
         Starting Update UTMP about System Runlevel Changes...
[[0;32m  OK  [0m] Started Update UTMP about System Runlevel Changes.
[   16.222815] cloud-init[1414]: Generating locales (this might take a while)...
[   18.046652] cloud-init[1414]:   en_US.UTF-8... done
[   18.048355] cloud-init[1414]: Generation complete.
[   18.510931] cloud-init[1414]: Cloud-init v. 21.1-19-gbad84ad4-0ubuntu1~16.04.2 running 'modules:config' at Fri, 30 Dec 2022 09:24:31 +0000. Up 15.87 seconds.

Ubuntu 16.04.7 LTS ubuntu-xenial ttyS0

ubuntu-xenial login: ci-info: no authorized SSH keys fingerprints found for user ubuntu.
<14>Dec 30 09:24:35 ec2: 
<14>Dec 30 09:24:35 ec2: #############################################################
<14>Dec 30 09:24:35 ec2: -----BEGIN SSH HOST KEY FINGERPRINTS-----
<14>Dec 30 09:24:35 ec2: 1024 SHA256:0gcRQDgv8HBcpEU7cbF4nJyJBs5AIJJOviFlowTgEQ0 root@ubuntu-xenial (DSA)
<14>Dec 30 09:24:35 ec2: 256 SHA256:qI3cdsjF11jHM3rvV3ACY21rV7s4d4i6cEGcoFaepZA root@ubuntu-xenial (ECDSA)
<14>Dec 30 09:24:35 ec2: 256 SHA256:uLX5tUgPWF+6tFpy90acyhqrHC4is3oiOQfCeM0AEeU root@ubuntu-xenial (ED25519)
<14>Dec 30 09:24:35 ec2: 2048 SHA256:GS66q4p6JqAPvtNe7whEiZ5JRWwVaTDRdxuN/oyLcvE root@ubuntu-xenial (RSA)
<14>Dec 30 09:24:35 ec2: -----END SSH HOST KEY FINGERPRINTS-----
<14>Dec 30 09:24:35 ec2: #############################################################
-----BEGIN SSH HOST KEY KEYS-----
ecdsa-sha2-nistp256 AAAAE2VjZHNhLXNoYTItbmlzdHAyNTYAAAAIbmlzdHAyNTYAAABBBPJflgcaCCn9KmTEF6+yGgDQrn4gCk8hNnGOXMo6SuWX5Nt41FhapMWKXkoCd4PzSe1MEkMygOnjCl/OivANoh0= root@ubuntu-xenial
ssh-ed25519 AAAAC3NzaC1lZDI1NTE5AAAAIFopMdx3h0rcEa5crCf2LaPvTxVOkkt23yHtEjOJy/UM root@ubuntu-xenial
ssh-rsa AAAAB3NzaC1yc2EAAAADAQABAAABAQCcBDEkJGNIETLNn3HyWjuI2ztkgzB6csX+ATdjXrSUZPDkRyG4yLPIUlfn8X68QYyyXniz4yRkwgcde9y9y+jYSsz7AwiEjuZ9fehp00+lc+nadUBdd9Ae/ekgEas2kOzTEBu7yi9kAQnzbUuGBivqSrL1TjOzOzHkZFoFEF+Jg+RFqlZmPYzdo/LmkPXJKDlPkgDXty2K1MSUTYlpvcgYsTap6O3TlCqAcRK2Js9NGoF07wdBt4rg5vd6uA/JoKMZIf+RZZWIRe2jYSEdVLGbLeqOqT4MZjRD9wT+ir9aB9bCpS0C2k7t6Zn1pcl6sYaJ6opo6Njr4XS0mdWrbOJd root@ubuntu-xenial
-----END SSH HOST KEY KEYS-----
[   19.523969] cloud-init[1596]: Cloud-init v. 21.1-19-gbad84ad4-0ubuntu1~16.04.2 running 'modules:final' at Fri, 30 Dec 2022 09:24:34 +0000. Up 19.14 seconds.
[   19.524923] cloud-init[1596]: ci-info: no authorized SSH keys fingerprints found for user ubuntu.
[   19.525494] cloud-init[1596]: Cloud-init v. 21.1-19-gbad84ad4-0ubuntu1~16.04.2 finished at Fri, 30 Dec 2022 09:24:35 +0000. Datasource DataSourceNoCloud [seed=/dev/sdb][dsmode=net].  Up 19.51 seconds
