[    0.000000] Initializing cgroup subsys cpuset
[    0.000000] Initializing cgroup subsys cpu
[    0.000000] Initializing cgroup subsys cpuacct
[    0.000000] Linux version 4.4.0-210-generic (buildd@lgw01-amd64-009) (gcc version 5.4.0 20160609 (Ubuntu 5.4.0-6ubuntu1~16.04.12) ) #242-Ubuntu SMP Fri Apr 16 09:57:56 UTC 2021 (Ubuntu 4.4.0-210.242-generic 4.4.262)
[    0.000000] Command line: BOOT_IMAGE=/boot/vmlinuz-4.4.0-210-generic root=LABEL=cloudimg-rootfs ro console=tty1 console=ttyS0
[    0.000000] KERNEL supported cpus:
[    0.000000]   Intel GenuineIntel
[    0.000000]   AMD AuthenticAMD
[    0.000000]   Centaur CentaurHauls
[    0.000000] x86/fpu: xstate_offset[2]:  576, xstate_sizes[2]:  256
[    0.000000] x86/fpu: Supporting XSAVE feature 0x01: 'x87 floating point registers'
[    0.000000] x86/fpu: Supporting XSAVE feature 0x02: 'SSE registers'
[    0.000000] x86/fpu: Supporting XSAVE feature 0x04: 'AVX registers'
[    0.000000] x86/fpu: Enabled xstate features 0x7, context size is 832 bytes, using 'standard' format.
[    0.000000] e820: BIOS-provided physical RAM map:
[    0.000000] BIOS-e820: [mem 0x0000000000000000-0x000000000009fbff] usable
[    0.000000] BIOS-e820: [mem 0x000000000009fc00-0x000000000009ffff] reserved
[    0.000000] BIOS-e820: [mem 0x00000000000f0000-0x00000000000fffff] reserved
[    0.000000] BIOS-e820: [mem 0x0000000000100000-0x000000003ffeffff] usable
[    0.000000] BIOS-e820: [mem 0x000000003fff0000-0x000000003fffffff] ACPI data
[    0.000000] BIOS-e820: [mem 0x00000000fec00000-0x00000000fec00fff] reserved
[    0.000000] BIOS-e820: [mem 0x00000000fee00000-0x00000000fee00fff] reserved
[    0.000000] BIOS-e820: [mem 0x00000000fffc0000-0x00000000ffffffff] reserved
[    0.000000] NX (Execute Disable) protection: active
[    0.000000] SMBIOS 2.5 present.
[    0.000000] Hypervisor detected: KVM
[    0.000000] e820: last_pfn = 0x3fff0 max_arch_pfn = 0x400000000
[    0.000000] MTRR: Disabled
[    0.000000] x86/PAT: MTRRs disabled, skipping PAT initialization too.
[    0.000000] CPU MTRRs all blank - virtualized system.
[    0.000000] x86/PAT: Configuration [0-7]: WB  WT  UC- UC  WB  WT  UC- UC  
[    0.000000] found SMP MP-table at [mem 0x0009fff0-0x0009ffff] mapped at [ffff88000009fff0]
[    0.000000] Scanning 1 areas for low memory corruption
[    0.000000] RAMDISK: [mem 0x362dc000-0x37165fff]
[    0.000000] ACPI: Early table checksum verification disabled
[    0.000000] ACPI: RSDP 0x00000000000E0000 000024 (v02 VBOX  )
[    0.000000] ACPI: XSDT 0x000000003FFF0030 00003C (v01 VBOX   VBOXXSDT 00000001 ASL  00000061)
[    0.000000] ACPI: FACP 0x000000003FFF00F0 0000F4 (v04 VBOX   VBOXFACP 00000001 ASL  00000061)
[    0.000000] ACPI: DSDT 0x000000003FFF0610 002353 (v02 VBOX   VBOXBIOS 00000002 INTL 20100528)
[    0.000000] ACPI: FACS 0x000000003FFF0200 000040
[    0.000000] ACPI: FACS 0x000000003FFF0200 000040
[    0.000000] ACPI: APIC 0x000000003FFF0240 000054 (v02 VBOX   VBOXAPIC 00000001 ASL  00000061)
[    0.000000] ACPI: SSDT 0x000000003FFF02A0 00036C (v01 VBOX   VBOXCPUT 00000002 INTL 20100528)
[    0.000000] No NUMA configuration found
[    0.000000] Faking a node at [mem 0x0000000000000000-0x000000003ffeffff]
[    0.000000] NODE_DATA(0) allocated [mem 0x3ffeb000-0x3ffeffff]
[    0.000000] kvm-clock: Using msrs 4b564d01 and 4b564d00
[    0.000000] kvm-clock: cpu 0, msr 0:3ffe3001, primary cpu clock
[    0.000000] kvm-clock: using sched offset of 3534815526 cycles
[    0.000000] clocksource: kvm-clock: mask: 0xffffffffffffffff max_cycles: 0x1cd42e4dffb, max_idle_ns: 881590591483 ns
[    0.000000] Zone ranges:
[    0.000000]   DMA      [mem 0x0000000000001000-0x0000000000ffffff]
[    0.000000]   DMA32    [mem 0x0000000001000000-0x000000003ffeffff]
[    0.000000]   Normal   empty
[    0.000000]   Device   empty
[    0.000000] Movable zone start for each node
[    0.000000] Early memory node ranges
[    0.000000]   node   0: [mem 0x0000000000001000-0x000000000009efff]
[    0.000000]   node   0: [mem 0x0000000000100000-0x000000003ffeffff]
[    0.000000] Initmem setup node 0 [mem 0x0000000000001000-0x000000003ffeffff]
[    0.000000] ACPI: PM-Timer IO Port: 0x4008
[    0.000000] IOAPIC[0]: apic_id 1, version 32, address 0xfec00000, GSI 0-23
[    0.000000] ACPI: INT_SRC_OVR (bus 0 bus_irq 0 global_irq 2 dfl dfl)
[    0.000000] ACPI: INT_SRC_OVR (bus 0 bus_irq 9 global_irq 9 low level)
[    0.000000] Using ACPI (MADT) for SMP configuration information
[    0.000000] smpboot: Allowing 1 CPUs, 0 hotplug CPUs
[    0.000000] PM: Registered nosave memory: [mem 0x00000000-0x00000fff]
[    0.000000] PM: Registered nosave memory: [mem 0x0009f000-0x0009ffff]
[    0.000000] PM: Registered nosave memory: [mem 0x000a0000-0x000effff]
[    0.000000] PM: Registered nosave memory: [mem 0x000f0000-0x000fffff]
[    0.000000] e820: [mem 0x40000000-0xfebfffff] available for PCI devices
[    0.000000] Booting paravirtualized kernel on KVM
[    0.000000] clocksource: refined-jiffies: mask: 0xffffffff max_cycles: 0xffffffff, max_idle_ns: 7645519600211568 ns
[    0.000000] setup_percpu: NR_CPUS:512 nr_cpumask_bits:512 nr_cpu_ids:1 nr_node_ids:1
[    0.000000] PERCPU: Embedded 33 pages/cpu @ffff88003fc00000 s95192 r8192 d31784 u2097152
[    0.000000] Built 1 zonelists in Node order, mobility grouping on.  Total pages: 257912
[    0.000000] Policy zone: DMA32
[    0.000000] Kernel command line: BOOT_IMAGE=/boot/vmlinuz-4.4.0-210-generic root=LABEL=cloudimg-rootfs ro console=tty1 console=ttyS0
[    0.000000] PID hash table entries: 4096 (order: 3, 32768 bytes)
[    0.000000] Memory: 997924K/1048120K available (8644K kernel code, 1332K rwdata, 4044K rodata, 1492K init, 1164K bss, 50196K reserved, 0K cma-reserved)
[    0.000000] SLUB: HWalign=64, Order=0-3, MinObjects=0, CPUs=1, Nodes=1
[    0.000000] Kernel/User page tables isolation: enabled
[    0.000000] Hierarchical RCU implementation.
[    0.000000] 	Build-time adjustment of leaf fanout to 64.
[    0.000000] 	RCU restricting CPUs from NR_CPUS=512 to nr_cpu_ids=1.
[    0.000000] RCU: Adjusting geometry for rcu_fanout_leaf=64, nr_cpu_ids=1
[    0.000000] NR_IRQS:33024 nr_irqs:256 16
[    0.000000] Console: colour VGA+ 80x25
[    0.000000] console [tty1] enabled
[    0.000000] console [ttyS0] enabled
[    0.000000] tsc: Detected 2111.998 MHz processor
[    0.199416] Calibrating delay loop (skipped) preset value.. 4223.99 BogoMIPS (lpj=8447992)
[    0.201713] pid_max: default: 32768 minimum: 301
[    0.202957] ACPI: Core revision 20150930
[    0.206335] ACPI: 2 ACPI AML tables successfully acquired and loaded
[    0.207980] Security Framework initialized
[    0.208982] Yama: becoming mindful.
[    0.210384] AppArmor: AppArmor initialized
[    0.211895] Dentry cache hash table entries: 131072 (order: 8, 1048576 bytes)
[    0.216362] Inode-cache hash table entries: 65536 (order: 7, 524288 bytes)
[    0.218494] Mount-cache hash table entries: 2048 (order: 2, 16384 bytes)
[    0.220177] Mountpoint-cache hash table entries: 2048 (order: 2, 16384 bytes)
[    0.222063] Initializing cgroup subsys io
[    0.223103] Initializing cgroup subsys memory
[    0.224163] Initializing cgroup subsys devices
[    0.225259] Initializing cgroup subsys freezer
[    0.226474] Initializing cgroup subsys net_cls
[    0.228999] Initializing cgroup subsys perf_event
[    0.230202] Initializing cgroup subsys net_prio
[    0.231394] Initializing cgroup subsys hugetlb
[    0.232561] Initializing cgroup subsys pids
[    0.250472] mce: CPU supports 0 MCE banks
[    0.251686] process: using mwait in idle threads
[    0.252795] Last level iTLB entries: 4KB 128, 2MB 8, 4MB 8
[    0.254051] Last level dTLB entries: 4KB 64, 2MB 0, 4MB 0, 1GB 4
[    0.255445] Spectre V1 : Mitigation: usercopy/swapgs barriers and __user pointer sanitization
[    0.257598] Spectre V2 : Mitigation: Full generic retpoline
[    0.258925] Spectre V2 : Spectre v2 / SpectreRSB mitigation: Filling RSB on context switch
[    0.262759] Speculative Store Bypass: Vulnerable
[    0.264047] SRBDS: Unknown: Dependent on hypervisor status
[    0.265429] MDS: Mitigation: Clear CPU buffers
[    0.297430] Freeing SMP alternatives memory: 36K
[    0.304655] ftrace: allocating 32380 entries in 127 pages
[    0.372995] smpboot: APIC(0) Converting physical 0 to logical package 0
[    0.374630] smpboot: Max logical packages: 1
[    0.376049] x2apic enabled
[    0.377972] Switched APIC routing to physical x2apic.
[    0.381585] ..TIMER: vector=0x30 apic1=0 pin1=2 apic2=-1 pin2=-1
[    0.491214] smpboot: CPU0: Intel(R) Core(TM) i5-8500T CPU @ 2.10GHz (family: 0x6, model: 0x9e, stepping: 0xa)
[    0.494584] Performance Events: unsupported p6 CPU model 158 no PMU driver, software events only.
[    0.512515] KVM setup paravirtual spinlock
[    0.514342] x86: Booted up 1 node, 1 CPUs
[    0.515482] smpboot: Total of 1 processors activated (4223.99 BogoMIPS)
[    0.517296] devtmpfs: initialized
[    0.519911] evm: security.selinux
[    0.520845] evm: security.SMACK64
[    0.521772] evm: security.SMACK64EXEC
[    0.522754] evm: security.SMACK64TRANSMUTE
[    0.523994] evm: security.SMACK64MMAP
[    0.525052] evm: security.ima
[    0.525996] evm: security.capability
[    0.528150] clocksource: jiffies: mask: 0xffffffff max_cycles: 0xffffffff, max_idle_ns: 7645041785100000 ns
[    0.531065] futex hash table entries: 256 (order: 2, 16384 bytes)
[    0.532621] pinctrl core: initialized pinctrl subsystem
[    0.534019] RTC time: 21:20:00, date: 12/29/22
[    0.535498] NET: Registered protocol family 16
[    0.536796] cpuidle: using governor ladder
[    0.537985] cpuidle: using governor menu
[    0.539092] PCCT header not found.
[    0.540162] ACPI: bus type PCI registered
[    0.541229] acpiphp: ACPI Hot Plug PCI Controller Driver version: 0.5
[    0.542874] PCI: Using configuration type 1 for base access
[    0.546361] ACPI: Added _OSI(Module Device)
[    0.547633] ACPI: Added _OSI(Processor Device)
[    0.548824] ACPI: Added _OSI(3.0 _SCP Extensions)
[    0.550041] ACPI: Added _OSI(Processor Aggregator Device)
[    0.552043] ACPI: Executed 1 blocks of module-level executable AML code
[    0.556041] ACPI: Interpreter enabled
[    0.557060] ACPI: (supports S0 S5)
[    0.558106] ACPI: Using IOAPIC for interrupt routing
[    0.559516] PCI: Using host bridge windows from ACPI; if necessary, use "pci=nocrs" and report a bug
[    0.567343] ACPI: PCI Root Bridge [PCI0] (domain 0000 [bus 00-ff])
[    0.568842] acpi PNP0A03:00: _OSC: OS supports [ASPM ClockPM Segments MSI]
[    0.570766] acpi PNP0A03:00: _OSC: not requesting OS control; OS requires [ExtendedConfig ASPM ClockPM MSI]
[    0.573304] acpi PNP0A03:00: fail to add MMCONFIG information, can't access extended PCI configuration space under this bridge.
[    0.576455] PCI host bridge to bus 0000:00
[    0.578663] pci_bus 0000:00: root bus resource [io  0x0000-0x0cf7 window]
[    0.580454] pci_bus 0000:00: root bus resource [io  0x0d00-0xffff window]
[    0.582013] pci_bus 0000:00: root bus resource [mem 0x000a0000-0x000bffff window]
[    0.583964] pci_bus 0000:00: root bus resource [mem 0x40000000-0xfdffffff window]
[    0.585904] pci_bus 0000:00: root bus resource [bus 00-ff]
[    0.589317] pci 0000:00:01.1: legacy IDE quirk: reg 0x10: [io  0x01f0-0x01f7]
[    0.591046] pci 0000:00:01.1: legacy IDE quirk: reg 0x14: [io  0x03f6]
[    0.592570] pci 0000:00:01.1: legacy IDE quirk: reg 0x18: [io  0x0170-0x0177]
[    0.594829] pci 0000:00:01.1: legacy IDE quirk: reg 0x1c: [io  0x0376]
[    0.621356] pci 0000:00:07.0: quirk: [io  0x4000-0x403f] claimed by PIIX4 ACPI
[    0.623370] pci 0000:00:07.0: quirk: [io  0x4100-0x410f] claimed by PIIX4 SMB
[    0.634141] ACPI: PCI Interrupt Link [LNKA] (IRQs 5 9 10 *11)
[    0.636346] ACPI: PCI Interrupt Link [LNKB] (IRQs 5 9 *10 11)
[    0.638315] ACPI: PCI Interrupt Link [LNKC] (IRQs 5 *9 10 11)
[    0.640328] ACPI: PCI Interrupt Link [LNKD] (IRQs 5 9 10 *11)
[    0.642407] ACPI: Enabled 2 GPEs in block 00 to 07
[    0.644403] vgaarb: setting as boot device: PCI:0000:00:02.0
[    0.646451] vgaarb: device added: PCI:0000:00:02.0,decodes=io+mem,owns=io+mem,locks=none
[    0.649008] vgaarb: loaded
[    0.649831] vgaarb: bridge control possible 0000:00:02.0
[    0.651517] SCSI subsystem initialized
[    0.652656] ACPI: bus type USB registered
[    0.653799] usbcore: registered new interface driver usbfs
[    0.655219] usbcore: registered new interface driver hub
[    0.656590] usbcore: registered new device driver usb
[    0.658152] PCI: Using ACPI for IRQ routing
[    0.659650] NetLabel: Initializing
[    0.661361] NetLabel:  domain hash size = 128
[    0.663193] NetLabel:  protocols = UNLABELED CIPSOv4
[    0.664680] NetLabel:  unlabeled traffic allowed by default
[    0.666033] amd_nb: Cannot enumerate AMD northbridges
[    0.667402] clocksource: Switched to clocksource kvm-clock
[    0.680392] AppArmor: AppArmor Filesystem Enabled
[    0.681899] pnp: PnP ACPI init
[    0.683751] pnp: PnP ACPI: found 3 devices
[    0.693249] clocksource: acpi_pm: mask: 0xffffff max_cycles: 0xffffff, max_idle_ns: 2085701024 ns
[    0.696579] NET: Registered protocol family 2
[    0.698120] TCP established hash table entries: 8192 (order: 4, 65536 bytes)
[    0.699787] TCP bind hash table entries: 8192 (order: 5, 131072 bytes)
[    0.701335] TCP: Hash tables configured (established 8192 bind 8192)
[    0.702845] UDP hash table entries: 512 (order: 2, 16384 bytes)
[    0.704303] UDP-Lite hash table entries: 512 (order: 2, 16384 bytes)
[    0.705860] NET: Registered protocol family 1
[    0.706988] pci 0000:00:00.0: Limiting direct PCI/PCI transfers
[    0.708612] pci 0000:00:01.0: Activating ISA DMA hang workarounds
[    0.710522] Unpacking initramfs...
[    0.973809] Freeing initrd memory: 14888K
[    0.975078] clocksource: tsc: mask: 0xffffffffffffffff max_cycles: 0x1e71768ef8b, max_idle_ns: 440795218977 ns
[    0.978633] platform rtc_cmos: registered platform RTC device (no PNP device found)
[    0.981142] Scanning for low memory corruption every 60 seconds
[    0.982851] audit: initializing netlink subsys (disabled)
[    0.984563] audit: type=2000 audit(1672348805.215:1): initialized
[    0.986725] Initialise system trusted keyring
[    0.988834] HugeTLB registered 2 MB page size, pre-allocated 0 pages
[    0.991666] zbud: loaded
[    0.992776] VFS: Disk quotas dquot_6.6.0
[    0.994376] VFS: Dquot-cache hash table entries: 512 (order 0, 4096 bytes)
[    0.996888] squashfs: version 4.0 (2009/01/31) Phillip Lougher
[    0.998798] fuse init (API version 7.23)
[    1.000058] Key type big_key registered
[    1.001102] Allocating IMA MOK and blacklist keyrings.
[    1.002759] Key type asymmetric registered
[    1.003873] Asymmetric key parser 'x509' registered
[    1.005161] Block layer SCSI generic (bsg) driver version 0.4 loaded (major 249)
[    1.007157] io scheduler noop registered
[    1.008575] io scheduler deadline registered (default)
[    1.009885] io scheduler cfq registered
[    1.011722] pci_hotplug: PCI Hot Plug PCI Core version: 0.5
[    1.013295] pciehp: PCI Express Hot Plug Controller Driver version: 0.4
[    1.014978] ACPI: AC Adapter [AC] (on-line)
[    1.016289] input: Power Button as /devices/LNXSYSTM:00/LNXPWRBN:00/input/input0
[    1.018440] ACPI: Power Button [PWRF]
[    1.019525] input: Sleep Button as /devices/LNXSYSTM:00/LNXSLPBN:00/input/input1
[    1.021491] ACPI: Sleep Button [SLPF]
[    1.022613] GHES: HEST is not enabled!
[    1.023760] Serial: 8250/16550 driver, 32 ports, IRQ sharing enabled
[    1.046200] 00:02: ttyS0 at I/O 0x3f8 (irq = 4, base_baud = 115200) is a 16550A
[    1.049792] Linux agpgart interface v0.103
[    1.052030] loop: module loaded
[    1.053393] scsi host0: ata_piix
[    1.054336] scsi host1: ata_piix
[    1.055315] ata1: PATA max UDMA/33 cmd 0x1f0 ctl 0x3f6 bmdma 0xd000 irq 14
[    1.056955] ata2: PATA max UDMA/33 cmd 0x170 ctl 0x376 bmdma 0xd008 irq 15
[    1.059005] libphy: Fixed MDIO Bus: probed
[    1.060295] tun: Universal TUN/TAP device driver, 1.6
[    1.062176] tun: (C) 1999-2004 Max Krasnyansky <maxk@qualcomm.com>
[    1.063793] PPP generic driver version 2.4.2
[    1.065008] ehci_hcd: USB 2.0 'Enhanced' Host Controller (EHCI) Driver
[    1.066492] ehci-pci: EHCI PCI platform driver
[    1.067654] ehci-platform: EHCI generic platform driver
[    1.068970] ohci_hcd: USB 1.1 'Open' Host Controller (OHCI) Driver
[    1.070387] ohci-pci: OHCI PCI platform driver
[    1.071514] ohci-platform: OHCI generic platform driver
[    1.072819] uhci_hcd: USB Universal Host Controller Interface driver
[    1.074315] i8042: PNP: PS/2 Controller [PNP0303:PS2K,PNP0f03:PS2M] at 0x60,0x64 irq 1,12
[    1.076841] serio: i8042 KBD port at 0x60,0x64 irq 1
[    1.078905] serio: i8042 AUX port at 0x60,0x64 irq 12
[    1.080297] mousedev: PS/2 mouse device common for all mice
[    1.081882] input: AT Translated Set 2 keyboard as /devices/platform/i8042/serio0/input/input2
[    1.084381] rtc_cmos rtc_cmos: rtc core: registered rtc_cmos as rtc0
[    1.085927] rtc_cmos rtc_cmos: alarms up to one day, 114 bytes nvram
[    1.087450] i2c /dev entries driver
[    1.088459] device-mapper: uevent: version 1.0.3
[    1.089643] device-mapper: ioctl: 4.34.0-ioctl (2015-10-28) initialised: dm-devel@redhat.com
[    1.091733] ledtrig-cpu: registered to indicate activity on CPUs
[    1.093436] NET: Registered protocol family 10
[    1.095359] NET: Registered protocol family 17
[    1.096720] Key type dns_resolver registered
[    1.098177] registered taskstats version 1
[    1.099327] Loading compiled-in X.509 certificates
[    1.101210] Loaded X.509 cert 'Build time autogenerated kernel key: cf00e047681d67edb2720680708b7d9498083038'
[    1.103763] zswap: loaded using pool lzo/zbud
[    1.106532] Key type trusted registered
[    1.110318] Key type encrypted registered
[    1.112080] AppArmor: AppArmor sha1 policy hashing enabled
[    1.113635] ima: No TPM chip found, activating TPM-bypass!
[    1.115073] ima: Allocated hash algorithm: sha1
[    1.116384] evm: HMAC attrs: 0x1
[    1.117676]   Magic number: 2:717:349
[    1.118766] rtc_cmos rtc_cmos: setting system clock to 2022-12-29 21:20:00 UTC (1672348800)
[    1.121047] BIOS EDD facility v0.16 2004-Jun-25, 0 devices found
[    1.122551] EDD information not available.
[    1.240247] Freeing unused kernel memory: 1492K
[    1.241720] Write protecting the kernel read-only data: 14336k
[    1.243927] Freeing unused kernel memory: 1584K
[    1.245667] Freeing unused kernel memory: 52K
Loading, please wait...
starting version 229
[    1.259985] random: systemd-udevd: uninitialized urandom read (16 bytes read, 3 bits of entropy available)
[    1.263193] random: systemd-udevd: uninitialized urandom read (16 bytes read, 3 bits of entropy available)
[    1.265837] random: udevadm: uninitialized urandom read (16 bytes read, 3 bits of entropy available)
[    1.268313] random: udevadm: uninitialized urandom read (16 bytes read, 3 bits of entropy available)
[    1.271459] random: systemd-udevd: uninitialized urandom read (16 bytes read, 3 bits of entropy available)
[    1.273891] random: systemd-udevd: uninitialized urandom read (16 bytes read, 3 bits of entropy available)
[    1.283351] random: systemd-udevd: uninitialized urandom read (16 bytes read, 3 bits of entropy available)
[    1.285875] random: systemd-udevd: uninitialized urandom read (16 bytes read, 3 bits of entropy available)
[    1.290063] random: systemd-udevd: uninitialized urandom read (16 bytes read, 3 bits of entropy available)
[    1.293551] random: udevadm: uninitialized urandom read (16 bytes read, 3 bits of entropy available)
[    1.380727] e1000: Intel(R) PRO/1000 Network Driver - version 7.3.21-k8-NAPI
[    1.382392] e1000: Copyright (c) 1999-2006 Intel Corporation.
[    1.388433] Fusion MPT base driver 3.04.20
[    1.389508] Copyright (c) 1999-2008 LSI Corporation
[    1.405887] Fusion MPT SPI Host driver 3.04.20
[    1.438654] AVX2 version of gcm_enc/dec engaged.
[    1.439874] AES CTR mode by8 optimization enabled
[    1.608370] input: ImExPS/2 Generic Explorer Mouse as /devices/platform/i8042/serio1/input/input4
[    1.830681] e1000 0000:00:03.0 eth0: (PCI:33MHz:32-bit) 02:be:82:6b:cc:1d
[    1.832601] e1000 0000:00:03.0 eth0: Intel(R) PRO/1000 Network Connection
[    1.835144] mptbase: ioc0: Initiating bringup
[    1.908259] ioc0: LSI53C1030 A0: Capabilities={Initiator}
[    2.071021] scsi host2: ioc0: LSI53C1030 A0, FwRev=00000000h, Ports=1, MaxQ=256, IRQ=20
[    2.214109] scsi 2:0:0:0: Direct-Access     VBOX     HARDDISK         1.0  PQ: 0 ANSI: 5
[    2.216350] scsi target2:0:0: Beginning Domain Validation
[    2.218536] scsi target2:0:0: Domain Validation skipping write tests
[    2.220066] scsi target2:0:0: Ending Domain Validation
[    2.221346] scsi target2:0:0: asynchronous
[    2.222696] scsi 2:0:1:0: Direct-Access     VBOX     HARDDISK         1.0  PQ: 0 ANSI: 5
[    2.224741] scsi target2:0:1: Beginning Domain Validation
[    2.226787] scsi target2:0:1: Domain Validation skipping write tests
[    2.228739] scsi target2:0:1: Ending Domain Validation
[    2.230296] scsi target2:0:1: asynchronous
[    2.234525] sd 2:0:0:0: Attached scsi generic sg0 type 0
[    2.235902] sd 2:0:0:0: [sda] 83886080 512-byte logical blocks: (42.9 GB/40.0 GiB)
[    2.260102] sd 2:0:1:0: [sdb] 20480 512-byte logical blocks: (10.5 MB/10.0 MiB)
[    2.262743] sd 2:0:1:0: Attached scsi generic sg1 type 0
[    2.264355] sd 2:0:1:0: [sdb] Write Protect is off
[    2.265588] sd 2:0:1:0: [sdb] Incomplete mode parameter data
[    2.266863] sd 2:0:1:0: [sdb] Assuming drive cache: write through
[    2.293905] sd 2:0:0:0: [sda] Write Protect is off
[    2.295965] sd 2:0:0:0: [sda] Incomplete mode parameter data
[    2.297545] sd 2:0:0:0: [sda] Assuming drive cache: write through
[    2.299058] sd 2:0:1:0: [sdb] Attached SCSI disk
[    2.315263]  sda: sda1
[    2.321232] sd 2:0:0:0: [sda] Attached SCSI disk
[    2.658221] e1000 0000:00:08.0 eth1: (PCI:33MHz:32-bit) 08:00:27:64:e9:e4
[    2.659924] e1000 0000:00:08.0 eth1: Intel(R) PRO/1000 Network Connection
[    2.663364] e1000 0000:00:08.0 enp0s8: renamed from eth1
[    2.666875] e1000 0000:00:03.0 enp0s3: renamed from eth0
Begin: Loading essential drivers ... [    4.107263] md: linear personality registered for level -1
[    4.111314] md: multipath personality registered for level -4
[    4.116500] md: raid0 personality registered for level 0
[    4.123995] md: raid1 personality registered for level 1
[    4.199463] raid6: sse2x1   gen()  9196 MB/s
[    4.267463] raid6: sse2x1   xor()  7807 MB/s
[    4.335433] raid6: sse2x2   gen() 13309 MB/s
[    4.403442] raid6: sse2x2   xor()  8953 MB/s
[    4.471461] raid6: sse2x4   gen() 15910 MB/s
[    4.539423] raid6: sse2x4   xor() 10653 MB/s
[    4.607443] raid6: avx2x1   gen() 19986 MB/s
[    4.675440] raid6: avx2x2   gen() 25903 MB/s
[    4.743424] raid6: avx2x4   gen() 29297 MB/s
[    4.744554] raid6: using algorithm avx2x4 gen() 29297 MB/s
[    4.745882] raid6: using avx2x2 recovery algorithm
[    4.748852] xor: automatically using best checksumming function:
[    4.787406]    avx       : 20860.000 MB/sec
[    4.790420] async_tx: api initialized (async)
[    4.803324] md: raid6 personality registered for level 6
[    4.804839] md: raid5 personality registered for level 5
[    4.806300] md: raid4 personality registered for level 4
[    4.813726] md: raid10 personality registered for level 10
done.
Begin: Running /scripts/init-premount ... done.
Begin: Mounting root file system ... Begin: Running /scripts/local-top ... done.
Begin: Running /scripts/local-premount ... [    4.850288] Btrfs loaded
Scanning for Btrfs filesystems
done.
Warning: fsck not present, so skipping root file system
[    4.903996] EXT4-fs (sda1): mounted filesystem with ordered data mode. Opts: (null)
done.
Begin: Running /scripts/local-bottom ... done.
Begin: Running /scripts/init-bottom ... done.
[    5.115166] systemd[1]: systemd 229 running in system mode. (+PAM +AUDIT +SELINUX +IMA +APPARMOR +SMACK +SYSVINIT +UTMP +LIBCRYPTSETUP +GCRYPT +GNUTLS +ACL +XZ -LZ4 +SECCOMP +BLKID +ELFUTILS +KMOD -IDN)
[    5.119976] systemd[1]: Detected virtualization oracle.
[    5.121208] systemd[1]: Detected architecture x86-64.

Welcome to [1mUbuntu 16.04.7 LTS[0m!

[    5.136506] systemd[1]: Set hostname to <ubuntu>.
[    5.147673] systemd[1]: Initializing machine ID from random generator.
[    5.149483] systemd[1]: Installed transient /etc/machine-id file.
[    5.383631] systemd[1]: Reached target System Time Synchronized.
[[0;32m  OK  [0m] Reached target System Time Synchronized.
[    5.391790] systemd[1]: Listening on Journal Socket.
[[0;32m  OK  [0m] Listening on Journal Socket.
[    5.399602] systemd[1]: Listening on LVM2 poll daemon socket.
[[0;32m  OK  [0m] Listening on LVM2 poll daemon socket.
[    5.408473] systemd[1]: Reached target Swap.
[[0;32m  OK  [0m] Reached target Swap.
[    5.410666] systemd[1]: Listening on fsck to fsckd communication Socket.
[[0;32m  OK  [0m] Listening on fsck to fsckd communication Socket.
[    5.420228] systemd[1]: Listening on Journal Audit Socket.
[[0;32m  OK  [0m] Listening on Journal Audit Socket.
[    5.427963] systemd[1]: Reached target User and Group Name Lookups.
[[0;32m  OK  [0m] Reached target User and Group Name Lookups.
[    5.435911] systemd[1]: Listening on udev Control Socket.
[[0;32m  OK  [0m] Listening on udev Control Socket.
[    5.438593] systemd[1]: Started Forward Password Requests to Wall Directory Watch.
[[0;32m  OK  [0m] Started Forward Password Requests to Wall Directory Watch.
[    5.441798] systemd[1]: Listening on Syslog Socket.
[[0;32m  OK  [0m] Listening on Syslog Socket.
[    5.444145] systemd[1]: Listening on Device-mapper event daemon FIFOs.
[[0;32m  OK  [0m] Listening on Device-mapper event daemon FIFOs.
[    5.446558] systemd[1]: Reached target Encrypted Volumes.
[[0;32m  OK  [0m] Reached target Encrypted Volumes.
[    5.457475] systemd[1]: Listening on LVM2 metadata daemon socket.
[[0;32m  OK  [0m] Listening on LVM2 metadata daemon socket.
[    5.460168] systemd[1]: Created slice System Slice.
[[0;32m  OK  [0m] Created slice System Slice.
[    5.468286] systemd[1]: Mounting Huge Pages File System...
         Mounting Huge Pages File System...
[    5.476996] systemd[1]: Mounting Debug File System...
         Mounting Debug File System...
[    5.480777] systemd[1]: Starting Uncomplicated firewall...
         Starting Uncomplicated firewall...
[    5.486101] systemd[1]: Starting Set console keymap...
         Starting Set console keymap...
[    5.496909] systemd[1]: Mounting POSIX Message Queue File System...
         Mounting POSIX Message Queue File System...
[    5.505030] systemd[1]: Starting Load Kernel Modules...
         Starting Load Kernel Modules...
[    5.512701] systemd[1]: Starting Nameserver information manager...
         Starting Nameserver information manager...
[    5.516623] systemd[1]: Starting Create list of required static device nodes for the current kernel...
         Starting Create list of required st... nodes for the current kernel...
[    5.525736] systemd[1]: Created slice system-serial\x2dgetty.slice.
[[0;32m  OK  [0m] Created slice system-serial\x2dgetty.slice.
[    5.536279] systemd[1]: Created slice User and Session Slice.
[[0;32m  OK  [0m] Created slice User and Session Slice.
[    5.539915] systemd[1]: Reached target Slices.
[[0;32m  OK  [0m] Reached target Slices.
[    5.542227] systemd[1]: Starting Monitoring of LVM2 mirrors, snapshots etc. using dmeventd or progress polling...
[    5.545331] Loading iSCSI transport class v2.0-870.
         Starting Monitoring of LVM2 mirrors... dmeventd or progress polling...
[    5.559575] systemd[1]: Listening on /dev/initctl Compatibility Named Pipe.
[[0;32m  OK  [0m] Listening on /dev/initctl Compatibility Named Pipe.
[    5.562270] systemd[1]: Set up automount Arbitrary Executable File Formats File System Automount Point.
[    5.565490] iscsi: registered transport (tcp)
[[0;32m  OK  [0m] Set up automount Arbitrary Executab...ats File System Automount Point.
[    5.568208] random: nonblocking pool is initialized
[    5.574145] systemd[1]: Started Trigger resolvconf update for networkd DNS.
[[0;32m  OK  [0m] Started Trigger resolvconf update for networkd DNS.
[    5.583608] systemd[1]: Listening on Journal Socket (/dev/log).
[[0;32m  OK  [0m] Listening on Journal Socket (/dev/log).
[    5.588295] systemd[1]: Starting Journal Service...
         Starting Journal Service...
[    5.592071] systemd[1]: Listening on udev Kernel Socket.
[[0;32m  OK  [0m] Listening on udev Kernel Socket.
[    5.597511] systemd[1]: Starting File System Check on Root Device...
         Starting File System Check on Root Device...
[    5.605064] systemd[1]: Mounted Huge Pages File System.
[[0;32m  OK  [0m] Mounted Huge Pages File System.
[    5.607031] systemd[1]: Mounted POSIX Message Queue File System.
[[0;32m  OK  [0m] Mounted POSIX Message Queue File System.
[    5.612093] systemd[1]: Mounted Debug File System.
[[0;32m  OK  [0m] Mounted Debug File System.
[    5.615396] systemd[1]: Started Uncomplicated firewall.
[[0;32m  OK  [0m] Started Uncomplicated firewall.
[    5.623130] systemd[1]: Started Create list of required static device nodes for the current kernel.
[[0;32m  OK  [0m] Started Create list of required sta...ce nodes for the current kernel.
[    5.632129] systemd[1]: Started File System Check Daemon to report status.
[[0;32m  OK  [0m] Started File System Check Daemon to report status.
[    5.640998] systemd[1]: Started LVM2 metadata daemon.
[[0;32m  OK  [0m] Started LVM2 metadata daemon.
[    5.644457] systemd[1]: Starting Create Static Device Nodes in /dev...
         Starting Create Static Device Nodes in /dev...
[    5.660428] systemd[1]: Started Nameserver information manager.
[[0;32m  OK  [0m] Started Nameserver information manager.
[    5.672102] systemd[1]: Started File System Check on Root Device.
[[0;32m  OK  [0m] Started File System Check on Root Device.
[    5.675234] systemd[1]: Starting Remount Root and Kernel File Systems...
         Starting Remount Root and Kernel File Systems...
[    5.686009] EXT4-fs (sda1): re-mounted. Opts: (null)
[    5.693084] systemd[1]: Started Remount Root and Kernel File Systems.
[[0;32m  OK  [0m] Started Remount Root and Kernel File Systems.
[    5.697876] systemd[1]: Starting Load/Save Random Seed...
         Starting Load/Save Random Seed...
[    5.709280] systemd[1]: Starting udev Coldplug all Devices...
         Starting udev Coldplug all Devices...
[    5.714389] systemd[1]: Started Create Static Device Nodes in /dev.
[[0;32m  OK  [0m] Started Create Static Device Nodes in /dev.
[    5.723729] systemd[1]: Started Load/Save Random Seed.
[[0;32m  OK  [0m] Started Load/Save Random Seed.
[    5.726932] systemd[1]: Starting udev Kernel Device Manager...
[    5.729064] iscsi: registered transport (iser)
         Starting udev Kernel Device Manager...
[    5.734785] systemd[1]: Started Load Kernel Modules.
[[0;32m  OK  [0m] Started Load Kernel Modules.
[    5.748325] systemd[1]: Mounting FUSE Control File System...
         Mounting FUSE Control File System...
[    5.752050] systemd[1]: Starting Apply Kernel Variables...
         Starting Apply Kernel Variables...
[    5.757956] systemd[1]: Mounted FUSE Control File System.
[[0;32m  OK  [0m] Mounted FUSE Control File System.
[    5.766553] systemd[1]: Started Monitoring of LVM2 mirrors, snapshots etc. using dmeventd or progress polling.
[[0;32m  OK  [0m] Started Monitoring of LVM2 mirrors,...ng dmeventd or progress polling.
[[0;32m  OK  [0m] Started Apply Kernel Variables.
[[0;32m  OK  [0m] Started Journal Service.
         Starting Flush Journal to Persistent Storage...
[[0;32m  OK  [0m] Started Flush Journal to Persistent Storage.
[[0;32m  OK  [0m] Started udev Kernel Device Manager.
[[0;32m  OK  [0m] Started Set console keymap.
[[0;32m  OK  [0m] Reached target Local File Systems (Pre).
[[0;32m  OK  [0m] Reached target Local File Systems.
         Starting Tell Plymouth To Write Out Runtime Data...
         Starting Create Volatile Files and Directories...
         Starting LSB: AppArmor initialization...
         Starting Initial cloud-init job (pre-networking)...
         Starting Set console font and keymap...
         Starting Commit a transient machine-id on disk...
[[0;32m  OK  [0m] Started udev Coldplug all Devices.
[[0;32m  OK  [0m] Started Dispatch Password Requests to Console Directory Watch.
[[0;32m  OK  [0m] Started Commit a transient machine-id on disk.
[[0;32m  OK  [0m] Started Tell Plymouth To Write Out Runtime Data.
[[0;32m  OK  [0m] Started Create Volatile Files and Directories.
         Starting Update UTMP about System Boot/Shutdown...
[[0;32m  OK  [0m] Started Update UTMP about System Boot/Shutdown.
[[0;32m  OK  [0m] Found device /dev/ttyS0.
[[0;32m  OK  [0m] Listening on Load/Save RF Kill Switch Status /dev/rfkill Watch.
[    8.572321] cloud-init[498]: Cloud-init v. 21.1-19-gbad84ad4-0ubuntu1~16.04.2 running 'init-local' at Thu, 29 Dec 2022 21:20:07 +0000. Up 7.66 seconds.
[[0;32m  OK  [0m] Started Set console font and keymap.
[[0;32m  OK  [0m] Created slice system-getty.slice.
[[0;32m  OK  [0m] Started Initial cloud-init job (pre-networking).
[[0;32m  OK  [0m] Reached target Network (Pre).
[[0;32m  OK  [0m] Started LSB: AppArmor initialization.
         Starting Raise network interfaces...
         Starting Load AppArmor profiles managed internally by snapd...
[[0;32m  OK  [0m] Started Load AppArmor profiles managed internally by snapd.
[[0;32m  OK  [0m] Started Raise network interfaces.
[[0;32m  OK  [0m] Reached target Network.
         Starting Initial cloud-init job (metadata service crawler)...
[   11.642266] cloud-init[968]: Cloud-init v. 21.1-19-gbad84ad4-0ubuntu1~16.04.2 running 'init' at Thu, 29 Dec 2022 21:20:10 +0000. Up 10.86 seconds.
[   11.648808] cloud-init[968]: ci-info: ++++++++++++++++++++++++++++++++++++++Net device info+++++++++++++++++++++++++++++++++++++++
[   11.650852] cloud-init[968]: ci-info: +--------+-------+----------------------------+---------------+--------+-------------------+
[   11.652291] cloud-init[968]: ci-info: | Device |   Up  |          Address           |      Mask     | Scope  |     Hw-Address    |
[   11.656305] cloud-init[968]: ci-info: +--------+-------+----------------------------+---------------+--------+-------------------+
[   11.664466] cloud-init[968]: ci-info: | enp0s3 |  True |         10.0.2.15          | 255.255.255.0 | global | 02:be:82:6b:cc:1d |
[   11.668420] cloud-init[968]: ci-info: | enp0s3 |  True | fe80::be:82ff:fe6b:cc1d/64 |       .       |  link  | 02:be:82:6b:cc:1d |
[   11.669582] cloud-init[968]: ci-info: | enp0s8 | False |             .              |       .       |   .    | 08:00:27:64:e9:e4 |
[   11.671621] cloud-init[968]: ci-info: |   lo   |  True |         127.0.0.1          |   255.0.0.0   |  host  |         .         |
[   11.677640] cloud-init[968]: ci-info: |   lo   |  True |          ::1/128           |       .       |  host  |         .         |
[   11.684434] cloud-init[968]: ci-info: +--------+-------+----------------------------+---------------+--------+-------------------+
[   11.692415] cloud-init[968]: ci-info: +++++++++++++++++++++++++++Route IPv4 info++++++++++++++++++++++++++++
[   11.693380] cloud-init[968]: ci-info: +-------+-------------+----------+---------------+-----------+-------+
[   11.694981] cloud-init[968]: ci-info: | Route | Destination | Gateway  |    Genmask    | Interface | Flags |
[   11.696978] cloud-init[968]: ci-info: +-------+-------------+----------+---------------+-----------+-------+
[   11.700418] cloud-init[968]: ci-info: |   0   |   0.0.0.0   | 10.0.2.2 |    0.0.0.0    |   enp0s3  |   UG  |
[   11.704284] cloud-init[968]: ci-info: |   1   |   10.0.2.0  | 0.0.0.0  | 255.255.255.0 |   enp0s3  |   U   |
[   11.708426] cloud-init[968]: ci-info: +-------+-------------+----------+---------------+-----------+-------+
[   11.716555] cloud-init[968]: ci-info: +++++++++++++++++++Route IPv6 info+++++++++++++++++++
[   11.724856] cloud-init[968]: ci-info: +-------+-------------+---------+-----------+-------+
[   11.732859] cloud-init[968]: ci-info: | Route | Destination | Gateway | Interface | Flags |
[[0;32m  OK  [0m] Started Initial cloud-init job (metadata service crawler).
[[0;32m  OK  [0m] Reached target Cloud-config availability.
[[0;32m  OK  [0m] Reached target System Initialization.
[   11.737888] cloud-init[968]: ci-info: +-------+-------------+---------+-----------+-------+
[   11.740633] cloud-init[968]: ci-info: |   0   |  fe80::/64  |    ::   |   enp0s3  |   U   |
         Starting Socket activation for snappy daemon.
[   11.743550] cloud-init[[0;32m  OK  [0m] Started Daily apt download activities.
[[0;32m  OK  [0m] Listening on ACPID Listen Socket.
[[0;32m  OK  [0m[968]: ci-info: |   3   |   ff00::/8  |    ::   |   enp0s3  |   U   |
[   11.749568] cloud-init[968]: ci-info: +-------+-------------+---------+-----------+-------+
[   11.750895] cloud-init[968]: Generating public/private rsa key pair.
[   11.751551] cloud-init[968]: Your identification has been saved in /etc/ssh/ssh_host_rsa_key.
[   11.752179] cloud-init[968]: Your public key has been saved in /etc/ssh/ssh_host_rsa_key.pub.
[   11.752876] cloud-init[968]: The key fingerprint is:
[   11.753732] cloud-init[968]: SHA256:HpAUzcYM2HainkEzcjj6mQ8lUbIG6oL4xxkiSy0QB+M root@ubuntu-xenial
[   11.754370] cloud-init[968]: The key's randomart image is:
[   11.754752] cloud-init[968]: +---[RSA 2048]----+
[   11.755527] cloud-init[968]: |=.oo.o+B         |] Started Ubuntu Advantage update messaging.
[[0;32m  OK  [0m] Listening on UUID daemon activation socket.

[   11.758618] cloud-init[968]: |o==o*.+.B        |
         Starting LXD - unix socket.
[[0;32m  OK  [0m] Listening on D-Bus System Message Bus Socket.
[[0;32m  OK  [0m] Started Daily apt upgrade and clean activities.[   11.764524] cloud-init[968]: |oEo* =o+         |
[   11.765553] cloud-init[968]: |*.o +  .         |
[   11.766596] cloud-init[968]: |==.B.o  S        |
[   11.767039] cloud-init[968]: |o+*ooo . .       |
[   11.767547] cloud-init[968]: |. .o+   .        |

[   11.769566] [[0;32m  OK  [0m] Started ACPI Events Check.
[[0;32m  OK  [0m] Reached target Paths.
[[0;32m  OK  [0m] Started Daily Cleanup of Temporary Directories.
[[0;32m  OK  [0m] Started Message of the Day.
[[0;32m  OK  [0m] Reached target Timers.
[[0;32m  OK  [0m] Reached target Network is Online.
         Starting iSCSI initiator daemon (iscsid)...
[[0;32m  OK  [0m] Listening on Socket activation for snappy daemon.
cloud-init[968]: |   ..            |
[   11.776507] cloud-init[968]: |                 |
[[0;32m  OK  [0m] Listening on LXD - unix socket.
[   11.787503] cloud-init[968]: +----[SHA256]-----+
[[0;32m  OK  [0m] Reached target Sockets.
[[0;32m  OK  [0m] Reached target Basic System.
[[0;32m  OK  [0m] Started FUSE filesystem for LXC.
[   11.789953] cloud-init[968]: Generating public/private dsa key pair.
[   11.795368] cloud-init[968]: Your identification has been saved in /etc/ssh/ssh_host_dsa_key.
[   11.798248] cloud-init[968]: Your public key has been saved in /etc/ssh/ssh_host_dsa_key.pub.
[   11.800852] cloud-init[968]: The key fingerprint is:
[   11.802523]          Starting LXD - container startup/shutdown...
cloud-init[968]: SHA256:SFEN4qg3uui270ZmFMw+t4Kyq2zebVajuIVh65Ewva4 root@ubuntu-xenial
         Starting Pollinate to seed the pseudo random number generator...
[   11.810177] cloud-init[968]: The key's randomart image is:[[0;32m  OK  [0m] Started Regular background program processing daemon.
[   11.818241] 
         Starting /etc/rc.local Compatibility...
         Starting Login Service...
[[0;32m  OK  [0m] Started D-Bus System Message Bus.
cloud-init[968]: +---[DSA 1024]----+
[   11.851491] cloud-init[968]: |  o   o.oo       |
[   11.853477] cloud-init[968]: |   + o o  .      |
[   11.854925] cloud-init[968]: |  . o o          |
[   11.856134] cloud-init[968]: |  .= o .         |
[   11.859797] cloud-init[968]: | o++= o S        |
[   11.863308] cloud-init[968]: |..+B*o o         |
[   11.867603] cloud-init[968]: |..=*o.o .        |
[   11.870537] cloud-init[968]: |o+++++           |
[   11.873271] cloud-init[968]: |XEBB+.           |
[   11.877483] cloud-init[968]: +----[SHA256]-----+
[   11.878682] cloud-init[968]: Generating public/private ecdsa key pair.
[   11.883767] cloud-init[968]: Your identification has been saved in /etc/ssh/ssh_host_ecdsa_key.
[   11.891480] cloud-init[968]: Your public key has been saved in /etc/ssh/ssh_host_ecdsa_key.pub.
[   11.893532] cloud-init[968]: The key fingerprint is:
[   11.895291] cloud-init[968]: SHA256:8l94+LOh2IbUGnBm3sJSX0A2mR+9mPIQEiGgqbLXK+8 root@ubuntu-xenial
[   11.898694] cloud-init[968]: The key's randomart image is:
[   11.900427] cloud-init[968]: +---[ECDSA 256]---+
[   11.901819] cloud-init[968]: |    ... o++o .   |
[   11.908437] cloud-init[968]: |   o   ...=.. .  |
[   11.909613] cloud-init[968]: |  o      . + + . |
[[0;32m  OK  [0m] Started ACPI event daemon.
         Starting LSB: MD monitoring daemon...
[   11.922043]          Starting Accounts Service...
cloud-init[968]: | .    . = o = .  |         Starting LSB: Record successful boot for GRUB...
[[0;32m  OK  [0m] Started Deferred execution scheduler.
         Starting System Logging Service...
         Starting Virtualbox guest utils...
         Starting Snap Daemon...
[[0;32m  OK  [0m] Started /etc/rc.local Compatibility.
[[0;32m  OK  [0m] Started Login Service.
[[0;32m  OK  [0m] Started Unattended Upgrades Shutdown.

[[0;32m  OK  [0m] Started iSCSI initiator daemon (iscsid).
[   12.000471] cloud-init[968]: |o     .OS+ =     |
         Starting Login to default iSCSI targets...
[   12.043306] cloud-init[968]: |.. .  .o* +o.    |
[[0;32m  OK  [0m] Started System Logging Service.
[   12.062968] cloud-init[968]: |. . .  o.=o +    |
[   12.091120] cloud-init[968]: | ..  .  o+.=..   |
[   12.103235] cloud-init[968]: |   +E   ..+ oo   |
[   12.108545] cloud-init[[0;32m  OK  [0m] Started Login to default iSCSI targets.
[[0;32m  OK  [0m] Reached target Remote File Systems (Pre).
[[0;32m  OK  [0m] Reached target Remote File Systems.
         Starting LSB: Set the CPU Frequency Scaling governor to "ondemand"...[968]: +----[SHA256]-----+

         Starting LSB: automatic crash report generation...
         Starting LSB: daemon to balance interrupts for SMP systems...
         Starting Permit User Sessions...
[[0;32m  OK  [0m] Started Permit User Sessions.
         Starting Terminate Plymouth Boot Screen...
         Starting Hold until boot process finishes up...
[[0;32m  OK  [0m] Started Hold until boot process finishes up.
[[0;32m  OK  [0m] Started LXD - container startup/shutdown.
[   12.181973] cloud-init[968]: Generating public/private ed25519 key pair.
[[0;32m  OK  [0m] Started LSB: MD monitoring daemon.
[[0;32m  OK  [0m] Started Terminate Plymouth Boot Screen.
[[0;32m  OK  [0m] Started Getty on tty1.
         Starting Set console scheme...
[[0;32m  OK  [0m] Started Serial Getty on ttyS0.
[[0;32m  OK  [0m] Reached target Login Prompts.
[[0;32m  OK  [0m] Started Set console scheme.
         Starting Authenticate and Authorize Users to Run Privileged Tasks...
[   12.231885] cloud-init[968]: Your identification has been saved in /etc/ssh/ssh_host_ed25519_key.
[[0;32m  OK  [0m] Started LSB: Record successful boot for GRUB.
[   12.245469] cloud-init[968]: Your public key has been saved in /etc/ssh/ssh_host_ed25519_key.pub.
[   12.252116] cloud-init[968]: The key fingerprint is:
[   12.258782] cloud-init[968]: SHA256:H3ZTEUa4HozV0MrLoBmU1y6HI5kE0rC+fYvHXZw0faI root@ubuntu-xenial
[   12.261035] cloud-init[968]: The key's randomart image is:
[[0;32m  OK  [0m] Started LSB: Set the CPU Frequency Scaling governor to "ondemand".
[   12.266981] cloud-init[968]: +--[ED25519 256]--+
[   12.268370] cloud-init[968]: |    oo.. . ..*=. |
[   12.271360] cloud-init[968]: |     o. + . +.o. |
[   12.274263] cloud-init[968]: |    .  o + B +.  |
[   12.277617] cloud-init[968]: |   .    = * @.o .|
[   12.281781] cloud-init[968]: |    .   S=oXo* o |
[   12.285840] cloud-init[968]: |     o  oo oE.   |
[   12.286594] cloud-init[968]: |    . ......     |
[   12.287869] cloud-init[968]: |       oo..      |
[   12.290893] cloud-init[968]: |      ...        |
[   12.292916] cloud-init[968]: +----[SHA256]-----+
[[0;32m  OK  [0m] Started LSB: automatic crash report generation.
[[0;32m  OK  [0m] Started LSB: daemon to balance interrupts for SMP systems.
[[0;32m  OK  [0m] Started Authenticate and Authorize Users to Run Privileged Tasks.
[[0;32m  OK  [0m] Started Accounts Service.
[[0;32m  OK  [0m] Started Virtualbox guest utils.
[[0;32m  OK  [0m] Started Snap Daemon.
         Starting Wait until snapd is fully seeded...
[[0;32m  OK  [0m] Started Wait until snapd is fully seeded.
         Starting Apply the settings specified in cloud-config...
[   14.759569] cloud-init[1304]: Generating locales (this might take a while)...
[   15.953884] cloud-init[1304]:   en_US.UTF-8... done
[   15.956081] cloud-init[1304]: Generation complete.
[   16.464905] cloud-init[1304]: Cloud-init v. 21.1-19-gbad84ad4-0ubuntu1~16.04.2 running 'modules:config' at Thu, 29 Dec 2022 21:20:14 +0000. Up 14.58 seconds.
[[0;32m  OK  [0m] Started Apply the settings specified in cloud-config.
[[0;32m  OK  [0m] Started Pollinate to seed the pseudo random number generator.
         Starting OpenBSD Secure Shell server...
[[0;32m  OK  [0m] Started OpenBSD Secure Shell server.
[[0;32m  OK  [0m] Reached target Multi-User System.
[[0;32m  OK  [0m] Reached target Graphical Interface.
         Starting Update UTMP about System Runlevel Changes...
         Starting Execute cloud user/final scripts...
[[0;32m  OK  [0m] Started Update UTMP about System Runlevel Changes.

Ubuntu 16.04.7 LTS ubuntu-xenial ttyS0

ubuntu-xenial login: ci-info: no authorized SSH keys fingerprints found for user ubuntu.
<14>Dec 29 21:20:17 ec2: 
<14>Dec 29 21:20:17 ec2: #############################################################
<14>Dec 29 21:20:17 ec2: -----BEGIN SSH HOST KEY FINGERPRINTS-----
<14>Dec 29 21:20:17 ec2: 1024 SHA256:SFEN4qg3uui270ZmFMw+t4Kyq2zebVajuIVh65Ewva4 root@ubuntu-xenial (DSA)
<14>Dec 29 21:20:17 ec2: 256 SHA256:8l94+LOh2IbUGnBm3sJSX0A2mR+9mPIQEiGgqbLXK+8 root@ubuntu-xenial (ECDSA)
<14>Dec 29 21:20:17 ec2: 256 SHA256:H3ZTEUa4HozV0MrLoBmU1y6HI5kE0rC+fYvHXZw0faI root@ubuntu-xenial (ED25519)
<14>Dec 29 21:20:17 ec2: 2048 SHA256:HpAUzcYM2HainkEzcjj6mQ8lUbIG6oL4xxkiSy0QB+M root@ubuntu-xenial (RSA)
<14>Dec 29 21:20:17 ec2: -----END SSH HOST KEY FINGERPRINTS-----
<14>Dec 29 21:20:17 ec2: #############################################################
-----BEGIN SSH HOST KEY KEYS-----
ecdsa-sha2-nistp256 AAAAE2VjZHNhLXNoYTItbmlzdHAyNTYAAAAIbmlzdHAyNTYAAABBBBoqlwk0XKIA2NUJy/cofCQxbam5dojvu+w6lLKZoVmW2m+izRgZtdKb1JMFt5s6S4exkh64It2aT9VkDDmI2qI= root@ubuntu-xenial
ssh-ed25519 AAAAC3NzaC1lZDI1NTE5AAAAIBb25TtEQ/ctQSGioGbX4MOEDBNdOFjSE5K7okcS15vf root@ubuntu-xenial
ssh-rsa AAAAB3NzaC1yc2EAAAADAQABAAABAQDez7PJ+JV3IGtI2DprqnOHHTNDOqa2N3n8Ow3n7ieTnqQZxKrSLLSb+jUov+J9XDJ++MbNCQEnKjdCSi5zzi6RSIp6C/N7Tmk95FRbd7J/+13Y0HN/Nz3vfnpCFV6vx2vX48ht2zAQSXVrPL9Zt1zrHTwS0MbCsa6HkUiXhqUmRJU+hBMNRa6TMbxyOQkPG/c0QGPF22E2Cjy6+lh1LEPincVyiCqzXI7VXlBKaYMC7GukkErgYozobuJRb1HFbKZlY9JMQ6jRszwIWGMw0aPFY4t3qN0jGPLvfLRX05L57agPrc1boiJxPvCPkMJ4vO08KkwajkzJi9CacwsK8+sr root@ubuntu-xenial
-----END SSH HOST KEY KEYS-----
[   18.426109] cloud-init[1366]: Cloud-init v. 21.1-19-gbad84ad4-0ubuntu1~16.04.2 running 'modules:final' at Thu, 29 Dec 2022 21:20:17 +0000. Up 18.00 seconds.
[   18.427128] cloud-init[1366]: ci-info: no authorized SSH keys fingerprints found for user ubuntu.
[   18.432400] cloud-init[1366]: Cloud-init v. 21.1-19-gbad84ad4-0ubuntu1~16.04.2 finished at Thu, 29 Dec 2022 21:20:18 +0000. Datasource DataSourceNoCloud [seed=/dev/sdb][dsmode=net].  Up 18.41 seconds
